<?xml version="1.0" encoding="UTF-8"?>
<testng-results skipped="0" failed="0" ignored="0" total="21" passed="21">
  <reporter-output>
  </reporter-output>
  <suite name="Default suite" duration-ms="1515" started-at="2017-10-16T16:52:17Z" finished-at="2017-10-16T16:52:19Z">
    <groups>
    </groups>
    <test name="Default test" duration-ms="1515" started-at="2017-10-16T16:52:17Z" finished-at="2017-10-16T16:52:19Z">
      <class name="de.letsbulidacompiler.compiler.CompilerTest">
        <test-method status="PASS" signature="creatTempDir()[pri:0, instance:de.letsbulidacompiler.compiler.CompilerTest@5419f379]" name="creatTempDir" is-config="true" duration-ms="13" started-at="2017-10-16T14:52:17Z" finished-at="2017-10-16T14:52:17Z">
          <reporter-output>
          </reporter-output>
        </test-method> <!-- creatTempDir -->
        <test-method status="PASS" signature="compilingCode_throwsUndeclaredVariableException_ifReadingUndefinedVariable()[pri:0, instance:de.letsbulidacompiler.compiler.CompilerTest@5419f379]" name="compilingCode_throwsUndeclaredVariableException_ifReadingUndefinedVariable" duration-ms="77" started-at="2017-10-16T14:52:17Z" finished-at="2017-10-16T14:52:17Z">
          <exception class="de.letsbulidacompiler.compiler.exceptions.UndeclaredVariableException">
            <message>
              <![CDATA[1:8 undeclared variable <x>]]>
            </message>
            <full-stacktrace>
              <![CDATA[de.letsbulidacompiler.compiler.exceptions.UndeclaredVariableException: 1:8 undeclared variable <x>
	at de.letsbuildacompiler.compiler.MyVisitor.requireVariableIndex(MyVisitor.java:155)
	at de.letsbuildacompiler.compiler.MyVisitor.visitVariable(MyVisitor.java:83)
	at de.letsbuildacompiler.compiler.MyVisitor.visitVariable(MyVisitor.java:1)
	at de.letsbuildacompiler.parser.DemoParser$VariableContext.accept(DemoParser.java:312)
	at org.antlr.v4.runtime.tree.AbstractParseTreeVisitor.visit(AbstractParseTreeVisitor.java:18)
	at de.letsbuildacompiler.compiler.MyVisitor.visitPrintln(MyVisitor.java:33)
	at de.letsbuildacompiler.compiler.MyVisitor.visitPrintln(MyVisitor.java:1)
	at de.letsbuildacompiler.parser.DemoParser$PrintlnContext.accept(DemoParser.java:608)
	at org.antlr.v4.runtime.tree.AbstractParseTreeVisitor.visitChildren(AbstractParseTreeVisitor.java:46)
	at de.letsbuildacompiler.parser.DemoBaseVisitor.visitStatement(DemoBaseVisitor.java:41)
	at de.letsbuildacompiler.parser.DemoParser$StatementContext.accept(DemoParser.java:231)
	at org.antlr.v4.runtime.tree.AbstractParseTreeVisitor.visitChildren(AbstractParseTreeVisitor.java:46)
	at de.letsbuildacompiler.parser.DemoBaseVisitor.visitMainStatement(DemoBaseVisitor.java:27)
	at de.letsbuildacompiler.parser.DemoParser$MainStatementContext.accept(DemoParser.java:161)
	at org.antlr.v4.runtime.tree.AbstractParseTreeVisitor.visit(AbstractParseTreeVisitor.java:18)
	at de.letsbuildacompiler.compiler.MyVisitor.visitProgram(MyVisitor.java:134)
	at de.letsbuildacompiler.compiler.MyVisitor.visitProgram(MyVisitor.java:1)
	at de.letsbuildacompiler.parser.DemoParser$ProgramContext.accept(DemoParser.java:104)
	at org.antlr.v4.runtime.tree.AbstractParseTreeVisitor.visit(AbstractParseTreeVisitor.java:18)
	at de.letsbuildacompiler.compiler.Main.compile(Main.java:33)
	at de.letsbulidacompiler.compiler.CompilerTest.compileAndRun(CompilerTest.java:140)
	at de.letsbulidacompiler.compiler.CompilerTest.compilingCode_throwsUndeclaredVariableException_ifReadingUndefinedVariable(CompilerTest.java:63)
	at sun.reflect.NativeMethodAccessorImpl.invoke0(Native Method)
	at sun.reflect.NativeMethodAccessorImpl.invoke(NativeMethodAccessorImpl.java:62)
	at sun.reflect.DelegatingMethodAccessorImpl.invoke(DelegatingMethodAccessorImpl.java:43)
	at java.lang.reflect.Method.invoke(Method.java:498)
	at org.testng.internal.MethodInvocationHelper.invokeMethod(MethodInvocationHelper.java:108)
	at org.testng.internal.Invoker.invokeMethod(Invoker.java:669)
	at org.testng.internal.Invoker.invokeTestMethod(Invoker.java:877)
	at org.testng.internal.Invoker.invokeTestMethods(Invoker.java:1201)
	at org.testng.internal.TestMethodWorker.invokeTestMethods(TestMethodWorker.java:125)
	at org.testng.internal.TestMethodWorker.run(TestMethodWorker.java:109)
	at org.testng.TestRunner.privateRun(TestRunner.java:776)
	at org.testng.TestRunner.run(TestRunner.java:634)
	at org.testng.SuiteRunner.runTest(SuiteRunner.java:425)
	at org.testng.SuiteRunner.runSequentially(SuiteRunner.java:420)
	at org.testng.SuiteRunner.privateRun(SuiteRunner.java:385)
	at org.testng.SuiteRunner.run(SuiteRunner.java:334)
	at org.testng.SuiteRunnerWorker.runSuite(SuiteRunnerWorker.java:52)
	at org.testng.SuiteRunnerWorker.run(SuiteRunnerWorker.java:86)
	at org.testng.TestNG.runSuitesSequentially(TestNG.java:1318)
	at org.testng.TestNG.runSuitesLocally(TestNG.java:1243)
	at org.testng.TestNG.runSuites(TestNG.java:1161)
	at org.testng.TestNG.run(TestNG.java:1129)
	at org.testng.remote.AbstractRemoteTestNG.run(AbstractRemoteTestNG.java:114)
	at org.testng.remote.RemoteTestNG.initAndRun(RemoteTestNG.java:251)
	at org.testng.remote.RemoteTestNG.main(RemoteTestNG.java:77)
]]>
            </full-stacktrace>
          </exception> <!-- de.letsbulidacompiler.compiler.exceptions.UndeclaredVariableException -->
          <reporter-output>
          </reporter-output>
        </test-method> <!-- compilingCode_throwsUndeclaredVariableException_ifReadingUndefinedVariable -->
        <test-method status="PASS" signature="deleteTempDir()[pri:0, instance:de.letsbulidacompiler.compiler.CompilerTest@5419f379]" name="deleteTempDir" is-config="true" duration-ms="1" started-at="2017-10-16T14:52:17Z" finished-at="2017-10-16T14:52:17Z">
          <reporter-output>
          </reporter-output>
        </test-method> <!-- deleteTempDir -->
        <test-method status="PASS" signature="creatTempDir()[pri:0, instance:de.letsbulidacompiler.compiler.CompilerTest@5419f379]" name="creatTempDir" is-config="true" duration-ms="1" started-at="2017-10-16T14:52:17Z" finished-at="2017-10-16T14:52:17Z">
          <reporter-output>
          </reporter-output>
        </test-method> <!-- creatTempDir -->
        <test-method status="PASS" signature="compilingCode_throwsUndeclaredVariableException_ifWrintingUndefinedVariable()[pri:0, instance:de.letsbulidacompiler.compiler.CompilerTest@5419f379]" name="compilingCode_throwsUndeclaredVariableException_ifWrintingUndefinedVariable" duration-ms="3" started-at="2017-10-16T14:52:17Z" finished-at="2017-10-16T14:52:17Z">
          <exception class="de.letsbulidacompiler.compiler.exceptions.UndeclaredVariableException">
            <message>
              <![CDATA[1:0 undeclared variable <x>]]>
            </message>
            <full-stacktrace>
              <![CDATA[de.letsbulidacompiler.compiler.exceptions.UndeclaredVariableException: 1:0 undeclared variable <x>
	at de.letsbuildacompiler.compiler.MyVisitor.requireVariableIndex(MyVisitor.java:155)
	at de.letsbuildacompiler.compiler.MyVisitor.visitAssignment(MyVisitor.java:78)
	at de.letsbuildacompiler.compiler.MyVisitor.visitAssignment(MyVisitor.java:1)
	at de.letsbuildacompiler.parser.DemoParser$AssignmentContext.accept(DemoParser.java:567)
	at org.antlr.v4.runtime.tree.AbstractParseTreeVisitor.visitChildren(AbstractParseTreeVisitor.java:46)
	at de.letsbuildacompiler.parser.DemoBaseVisitor.visitStatement(DemoBaseVisitor.java:41)
	at de.letsbuildacompiler.parser.DemoParser$StatementContext.accept(DemoParser.java:231)
	at org.antlr.v4.runtime.tree.AbstractParseTreeVisitor.visitChildren(AbstractParseTreeVisitor.java:46)
	at de.letsbuildacompiler.parser.DemoBaseVisitor.visitMainStatement(DemoBaseVisitor.java:27)
	at de.letsbuildacompiler.parser.DemoParser$MainStatementContext.accept(DemoParser.java:161)
	at org.antlr.v4.runtime.tree.AbstractParseTreeVisitor.visit(AbstractParseTreeVisitor.java:18)
	at de.letsbuildacompiler.compiler.MyVisitor.visitProgram(MyVisitor.java:134)
	at de.letsbuildacompiler.compiler.MyVisitor.visitProgram(MyVisitor.java:1)
	at de.letsbuildacompiler.parser.DemoParser$ProgramContext.accept(DemoParser.java:104)
	at org.antlr.v4.runtime.tree.AbstractParseTreeVisitor.visit(AbstractParseTreeVisitor.java:18)
	at de.letsbuildacompiler.compiler.Main.compile(Main.java:33)
	at de.letsbulidacompiler.compiler.CompilerTest.compileAndRun(CompilerTest.java:140)
	at de.letsbulidacompiler.compiler.CompilerTest.compilingCode_throwsUndeclaredVariableException_ifWrintingUndefinedVariable(CompilerTest.java:72)
	at sun.reflect.NativeMethodAccessorImpl.invoke0(Native Method)
	at sun.reflect.NativeMethodAccessorImpl.invoke(NativeMethodAccessorImpl.java:62)
	at sun.reflect.DelegatingMethodAccessorImpl.invoke(DelegatingMethodAccessorImpl.java:43)
	at java.lang.reflect.Method.invoke(Method.java:498)
	at org.testng.internal.MethodInvocationHelper.invokeMethod(MethodInvocationHelper.java:108)
	at org.testng.internal.Invoker.invokeMethod(Invoker.java:669)
	at org.testng.internal.Invoker.invokeTestMethod(Invoker.java:877)
	at org.testng.internal.Invoker.invokeTestMethods(Invoker.java:1201)
	at org.testng.internal.TestMethodWorker.invokeTestMethods(TestMethodWorker.java:125)
	at org.testng.internal.TestMethodWorker.run(TestMethodWorker.java:109)
	at org.testng.TestRunner.privateRun(TestRunner.java:776)
	at org.testng.TestRunner.run(TestRunner.java:634)
	at org.testng.SuiteRunner.runTest(SuiteRunner.java:425)
	at org.testng.SuiteRunner.runSequentially(SuiteRunner.java:420)
	at org.testng.SuiteRunner.privateRun(SuiteRunner.java:385)
	at org.testng.SuiteRunner.run(SuiteRunner.java:334)
	at org.testng.SuiteRunnerWorker.runSuite(SuiteRunnerWorker.java:52)
	at org.testng.SuiteRunnerWorker.run(SuiteRunnerWorker.java:86)
	at org.testng.TestNG.runSuitesSequentially(TestNG.java:1318)
	at org.testng.TestNG.runSuitesLocally(TestNG.java:1243)
	at org.testng.TestNG.runSuites(TestNG.java:1161)
	at org.testng.TestNG.run(TestNG.java:1129)
	at org.testng.remote.AbstractRemoteTestNG.run(AbstractRemoteTestNG.java:114)
	at org.testng.remote.RemoteTestNG.initAndRun(RemoteTestNG.java:251)
	at org.testng.remote.RemoteTestNG.main(RemoteTestNG.java:77)
]]>
            </full-stacktrace>
          </exception> <!-- de.letsbulidacompiler.compiler.exceptions.UndeclaredVariableException -->
          <reporter-output>
          </reporter-output>
        </test-method> <!-- compilingCode_throwsUndeclaredVariableException_ifWrintingUndefinedVariable -->
        <test-method status="PASS" signature="creatTempDir()[pri:0, instance:de.letsbulidacompiler.compiler.CompilerTest@5419f379]" name="creatTempDir" is-config="true" duration-ms="1" started-at="2017-10-16T14:52:17Z" finished-at="2017-10-16T14:52:17Z">
          <reporter-output>
          </reporter-output>
        </test-method> <!-- creatTempDir -->
        <test-method status="PASS" signature="deleteTempDir()[pri:0, instance:de.letsbulidacompiler.compiler.CompilerTest@5419f379]" name="deleteTempDir" is-config="true" duration-ms="0" started-at="2017-10-16T14:52:17Z" finished-at="2017-10-16T14:52:17Z">
          <reporter-output>
          </reporter-output>
        </test-method> <!-- deleteTempDir -->
        <test-method status="PASS" signature="compilingCode_throwsVariableAlreadyDefinedException_whenDefiningAlreadyDefinedVariable()[pri:0, instance:de.letsbulidacompiler.compiler.CompilerTest@5419f379]" name="compilingCode_throwsVariableAlreadyDefinedException_whenDefiningAlreadyDefinedVariable" duration-ms="2" started-at="2017-10-16T14:52:17Z" finished-at="2017-10-16T14:52:17Z">
          <exception class="de.letsbulidacompiler.compiler.exceptions.VariableAlreadyDefinedException">
            <message>
              <![CDATA[2:4 variable already defined: <x>]]>
            </message>
            <full-stacktrace>
              <![CDATA[de.letsbulidacompiler.compiler.exceptions.VariableAlreadyDefinedException: 2:4 variable already defined: <x>
	at de.letsbuildacompiler.compiler.MyVisitor.visitVarDeclaration(MyVisitor.java:69)
	at de.letsbuildacompiler.compiler.MyVisitor.visitVarDeclaration(MyVisitor.java:1)
	at de.letsbuildacompiler.parser.DemoParser$VarDeclarationContext.accept(DemoParser.java:526)
	at org.antlr.v4.runtime.tree.AbstractParseTreeVisitor.visitChildren(AbstractParseTreeVisitor.java:46)
	at de.letsbuildacompiler.parser.DemoBaseVisitor.visitStatement(DemoBaseVisitor.java:41)
	at de.letsbuildacompiler.parser.DemoParser$StatementContext.accept(DemoParser.java:231)
	at org.antlr.v4.runtime.tree.AbstractParseTreeVisitor.visitChildren(AbstractParseTreeVisitor.java:46)
	at de.letsbuildacompiler.parser.DemoBaseVisitor.visitMainStatement(DemoBaseVisitor.java:27)
	at de.letsbuildacompiler.parser.DemoParser$MainStatementContext.accept(DemoParser.java:161)
	at org.antlr.v4.runtime.tree.AbstractParseTreeVisitor.visit(AbstractParseTreeVisitor.java:18)
	at de.letsbuildacompiler.compiler.MyVisitor.visitProgram(MyVisitor.java:134)
	at de.letsbuildacompiler.compiler.MyVisitor.visitProgram(MyVisitor.java:1)
	at de.letsbuildacompiler.parser.DemoParser$ProgramContext.accept(DemoParser.java:104)
	at org.antlr.v4.runtime.tree.AbstractParseTreeVisitor.visit(AbstractParseTreeVisitor.java:18)
	at de.letsbuildacompiler.compiler.Main.compile(Main.java:33)
	at de.letsbulidacompiler.compiler.CompilerTest.compileAndRun(CompilerTest.java:140)
	at de.letsbulidacompiler.compiler.CompilerTest.compilingCode_throwsVariableAlreadyDefinedException_whenDefiningAlreadyDefinedVariable(CompilerTest.java:81)
	at sun.reflect.NativeMethodAccessorImpl.invoke0(Native Method)
	at sun.reflect.NativeMethodAccessorImpl.invoke(NativeMethodAccessorImpl.java:62)
	at sun.reflect.DelegatingMethodAccessorImpl.invoke(DelegatingMethodAccessorImpl.java:43)
	at java.lang.reflect.Method.invoke(Method.java:498)
	at org.testng.internal.MethodInvocationHelper.invokeMethod(MethodInvocationHelper.java:108)
	at org.testng.internal.Invoker.invokeMethod(Invoker.java:669)
	at org.testng.internal.Invoker.invokeTestMethod(Invoker.java:877)
	at org.testng.internal.Invoker.invokeTestMethods(Invoker.java:1201)
	at org.testng.internal.TestMethodWorker.invokeTestMethods(TestMethodWorker.java:125)
	at org.testng.internal.TestMethodWorker.run(TestMethodWorker.java:109)
	at org.testng.TestRunner.privateRun(TestRunner.java:776)
	at org.testng.TestRunner.run(TestRunner.java:634)
	at org.testng.SuiteRunner.runTest(SuiteRunner.java:425)
	at org.testng.SuiteRunner.runSequentially(SuiteRunner.java:420)
	at org.testng.SuiteRunner.privateRun(SuiteRunner.java:385)
	at org.testng.SuiteRunner.run(SuiteRunner.java:334)
	at org.testng.SuiteRunnerWorker.runSuite(SuiteRunnerWorker.java:52)
	at org.testng.SuiteRunnerWorker.run(SuiteRunnerWorker.java:86)
	at org.testng.TestNG.runSuitesSequentially(TestNG.java:1318)
	at org.testng.TestNG.runSuitesLocally(TestNG.java:1243)
	at org.testng.TestNG.runSuites(TestNG.java:1161)
	at org.testng.TestNG.run(TestNG.java:1129)
	at org.testng.remote.AbstractRemoteTestNG.run(AbstractRemoteTestNG.java:114)
	at org.testng.remote.RemoteTestNG.initAndRun(RemoteTestNG.java:251)
	at org.testng.remote.RemoteTestNG.main(RemoteTestNG.java:77)
]]>
            </full-stacktrace>
          </exception> <!-- de.letsbulidacompiler.compiler.exceptions.VariableAlreadyDefinedException -->
          <reporter-output>
          </reporter-output>
        </test-method> <!-- compilingCode_throwsVariableAlreadyDefinedException_whenDefiningAlreadyDefinedVariable -->
        <test-method status="PASS" signature="deleteTempDir()[pri:0, instance:de.letsbulidacompiler.compiler.CompilerTest@5419f379]" name="deleteTempDir" is-config="true" duration-ms="1" started-at="2017-10-16T14:52:17Z" finished-at="2017-10-16T14:52:17Z">
          <reporter-output>
          </reporter-output>
        </test-method> <!-- deleteTempDir -->
        <test-method status="PASS" signature="creatTempDir()[pri:0, instance:de.letsbulidacompiler.compiler.CompilerTest@5419f379]" name="creatTempDir" is-config="true" duration-ms="1" started-at="2017-10-16T14:52:17Z" finished-at="2017-10-16T14:52:17Z">
          <reporter-output>
          </reporter-output>
        </test-method> <!-- creatTempDir -->
        <test-method status="PASS" signature="runningCode_outputExpectedText(java.lang.String, java.lang.String)[pri:0, instance:de.letsbulidacompiler.compiler.CompilerTest@5419f379]" name="runningCode_outputExpectedText" duration-ms="161" started-at="2017-10-16T14:52:17Z" data-provider="provide_code_expectedText" finished-at="2017-10-16T14:52:17Z">
          <params>
            <param index="0">
              <value>
                <![CDATA[println(1+2);]]>
              </value>
            </param>
            <param index="1">
              <value>
                <![CDATA[3
]]>
              </value>
            </param>
          </params>
          <reporter-output>
          </reporter-output>
        </test-method> <!-- runningCode_outputExpectedText -->
        <test-method status="PASS" signature="runningCode_outputExpectedText(java.lang.String, java.lang.String)[pri:0, instance:de.letsbulidacompiler.compiler.CompilerTest@5419f379]" name="runningCode_outputExpectedText" duration-ms="67" started-at="2017-10-16T14:52:17Z" data-provider="provide_code_expectedText" finished-at="2017-10-16T14:52:17Z">
          <params>
            <param index="0">
              <value>
                <![CDATA[println(1+2+42);]]>
              </value>
            </param>
            <param index="1">
              <value>
                <![CDATA[45
]]>
              </value>
            </param>
          </params>
          <reporter-output>
          </reporter-output>
        </test-method> <!-- runningCode_outputExpectedText -->
        <test-method status="PASS" signature="creatTempDir()[pri:0, instance:de.letsbulidacompiler.compiler.CompilerTest@5419f379]" name="creatTempDir" is-config="true" duration-ms="0" started-at="2017-10-16T14:52:17Z" finished-at="2017-10-16T14:52:17Z">
          <reporter-output>
          </reporter-output>
        </test-method> <!-- creatTempDir -->
        <test-method status="PASS" signature="deleteTempDir()[pri:0, instance:de.letsbulidacompiler.compiler.CompilerTest@5419f379]" name="deleteTempDir" is-config="true" duration-ms="0" started-at="2017-10-16T14:52:17Z" finished-at="2017-10-16T14:52:17Z">
          <reporter-output>
          </reporter-output>
        </test-method> <!-- deleteTempDir -->
        <test-method status="PASS" signature="deleteTempDir()[pri:0, instance:de.letsbulidacompiler.compiler.CompilerTest@5419f379]" name="deleteTempDir" is-config="true" duration-ms="1" started-at="2017-10-16T14:52:17Z" finished-at="2017-10-16T14:52:17Z">
          <reporter-output>
          </reporter-output>
        </test-method> <!-- deleteTempDir -->
        <test-method status="PASS" signature="creatTempDir()[pri:0, instance:de.letsbulidacompiler.compiler.CompilerTest@5419f379]" name="creatTempDir" is-config="true" duration-ms="0" started-at="2017-10-16T14:52:17Z" finished-at="2017-10-16T14:52:17Z">
          <reporter-output>
          </reporter-output>
        </test-method> <!-- creatTempDir -->
        <test-method status="PASS" signature="runningCode_outputExpectedText(java.lang.String, java.lang.String)[pri:0, instance:de.letsbulidacompiler.compiler.CompilerTest@5419f379]" name="runningCode_outputExpectedText" duration-ms="78" started-at="2017-10-16T14:52:17Z" data-provider="provide_code_expectedText" finished-at="2017-10-16T14:52:17Z">
          <params>
            <param index="0">
              <value>
                <![CDATA[println(1); println(2);]]>
              </value>
            </param>
            <param index="1">
              <value>
                <![CDATA[1
2
]]>
              </value>
            </param>
          </params>
          <reporter-output>
          </reporter-output>
        </test-method> <!-- runningCode_outputExpectedText -->
        <test-method status="PASS" signature="deleteTempDir()[pri:0, instance:de.letsbulidacompiler.compiler.CompilerTest@5419f379]" name="deleteTempDir" is-config="true" duration-ms="1" started-at="2017-10-16T14:52:17Z" finished-at="2017-10-16T14:52:17Z">
          <reporter-output>
          </reporter-output>
        </test-method> <!-- deleteTempDir -->
        <test-method status="PASS" signature="runningCode_outputExpectedText(java.lang.String, java.lang.String)[pri:0, instance:de.letsbulidacompiler.compiler.CompilerTest@5419f379]" name="runningCode_outputExpectedText" duration-ms="95" started-at="2017-10-16T14:52:17Z" data-provider="provide_code_expectedText" finished-at="2017-10-16T14:52:18Z">
          <params>
            <param index="0">
              <value>
                <![CDATA[println(3-2);]]>
              </value>
            </param>
            <param index="1">
              <value>
                <![CDATA[1
]]>
              </value>
            </param>
          </params>
          <reporter-output>
          </reporter-output>
        </test-method> <!-- runningCode_outputExpectedText -->
        <test-method status="PASS" signature="creatTempDir()[pri:0, instance:de.letsbulidacompiler.compiler.CompilerTest@5419f379]" name="creatTempDir" is-config="true" duration-ms="0" started-at="2017-10-16T14:52:17Z" finished-at="2017-10-16T14:52:17Z">
          <reporter-output>
          </reporter-output>
        </test-method> <!-- creatTempDir -->
        <test-method status="PASS" signature="deleteTempDir()[pri:0, instance:de.letsbulidacompiler.compiler.CompilerTest@5419f379]" name="deleteTempDir" is-config="true" duration-ms="0" started-at="2017-10-16T14:52:18Z" finished-at="2017-10-16T14:52:18Z">
          <reporter-output>
          </reporter-output>
        </test-method> <!-- deleteTempDir -->
        <test-method status="PASS" signature="runningCode_outputExpectedText(java.lang.String, java.lang.String)[pri:0, instance:de.letsbulidacompiler.compiler.CompilerTest@5419f379]" name="runningCode_outputExpectedText" duration-ms="79" started-at="2017-10-16T14:52:18Z" data-provider="provide_code_expectedText" finished-at="2017-10-16T14:52:18Z">
          <params>
            <param index="0">
              <value>
                <![CDATA[println(2*3);]]>
              </value>
            </param>
            <param index="1">
              <value>
                <![CDATA[6
]]>
              </value>
            </param>
          </params>
          <reporter-output>
          </reporter-output>
        </test-method> <!-- runningCode_outputExpectedText -->
        <test-method status="PASS" signature="creatTempDir()[pri:0, instance:de.letsbulidacompiler.compiler.CompilerTest@5419f379]" name="creatTempDir" is-config="true" duration-ms="0" started-at="2017-10-16T14:52:18Z" finished-at="2017-10-16T14:52:18Z">
          <reporter-output>
          </reporter-output>
        </test-method> <!-- creatTempDir -->
        <test-method status="PASS" signature="deleteTempDir()[pri:0, instance:de.letsbulidacompiler.compiler.CompilerTest@5419f379]" name="deleteTempDir" is-config="true" duration-ms="1" started-at="2017-10-16T14:52:18Z" finished-at="2017-10-16T14:52:18Z">
          <reporter-output>
          </reporter-output>
        </test-method> <!-- deleteTempDir -->
        <test-method status="PASS" signature="creatTempDir()[pri:0, instance:de.letsbulidacompiler.compiler.CompilerTest@5419f379]" name="creatTempDir" is-config="true" duration-ms="0" started-at="2017-10-16T14:52:18Z" finished-at="2017-10-16T14:52:18Z">
          <reporter-output>
          </reporter-output>
        </test-method> <!-- creatTempDir -->
        <test-method status="PASS" signature="runningCode_outputExpectedText(java.lang.String, java.lang.String)[pri:0, instance:de.letsbulidacompiler.compiler.CompilerTest@5419f379]" name="runningCode_outputExpectedText" duration-ms="98" started-at="2017-10-16T14:52:18Z" data-provider="provide_code_expectedText" finished-at="2017-10-16T14:52:18Z">
          <params>
            <param index="0">
              <value>
                <![CDATA[println(6/2);]]>
              </value>
            </param>
            <param index="1">
              <value>
                <![CDATA[3
]]>
              </value>
            </param>
          </params>
          <reporter-output>
          </reporter-output>
        </test-method> <!-- runningCode_outputExpectedText -->
        <test-method status="PASS" signature="deleteTempDir()[pri:0, instance:de.letsbulidacompiler.compiler.CompilerTest@5419f379]" name="deleteTempDir" is-config="true" duration-ms="1" started-at="2017-10-16T14:52:18Z" finished-at="2017-10-16T14:52:18Z">
          <reporter-output>
          </reporter-output>
        </test-method> <!-- deleteTempDir -->
        <test-method status="PASS" signature="creatTempDir()[pri:0, instance:de.letsbulidacompiler.compiler.CompilerTest@5419f379]" name="creatTempDir" is-config="true" duration-ms="0" started-at="2017-10-16T14:52:18Z" finished-at="2017-10-16T14:52:18Z">
          <reporter-output>
          </reporter-output>
        </test-method> <!-- creatTempDir -->
        <test-method status="PASS" signature="runningCode_outputExpectedText(java.lang.String, java.lang.String)[pri:0, instance:de.letsbulidacompiler.compiler.CompilerTest@5419f379]" name="runningCode_outputExpectedText" duration-ms="71" started-at="2017-10-16T14:52:18Z" data-provider="provide_code_expectedText" finished-at="2017-10-16T14:52:18Z">
          <params>
            <param index="0">
              <value>
                <![CDATA[println(7/2);]]>
              </value>
            </param>
            <param index="1">
              <value>
                <![CDATA[3
]]>
              </value>
            </param>
          </params>
          <reporter-output>
          </reporter-output>
        </test-method> <!-- runningCode_outputExpectedText -->
        <test-method status="PASS" signature="deleteTempDir()[pri:0, instance:de.letsbulidacompiler.compiler.CompilerTest@5419f379]" name="deleteTempDir" is-config="true" duration-ms="0" started-at="2017-10-16T14:52:18Z" finished-at="2017-10-16T14:52:18Z">
          <reporter-output>
          </reporter-output>
        </test-method> <!-- deleteTempDir -->
        <test-method status="PASS" signature="creatTempDir()[pri:0, instance:de.letsbulidacompiler.compiler.CompilerTest@5419f379]" name="creatTempDir" is-config="true" duration-ms="4" started-at="2017-10-16T14:52:18Z" finished-at="2017-10-16T14:52:18Z">
          <reporter-output>
          </reporter-output>
        </test-method> <!-- creatTempDir -->
        <test-method status="PASS" signature="runningCode_outputExpectedText(java.lang.String, java.lang.String)[pri:0, instance:de.letsbulidacompiler.compiler.CompilerTest@5419f379]" name="runningCode_outputExpectedText" duration-ms="58" started-at="2017-10-16T14:52:18Z" data-provider="provide_code_expectedText" finished-at="2017-10-16T14:52:18Z">
          <params>
            <param index="0">
              <value>
                <![CDATA[println(8/2*4);]]>
              </value>
            </param>
            <param index="1">
              <value>
                <![CDATA[16
]]>
              </value>
            </param>
          </params>
          <reporter-output>
          </reporter-output>
        </test-method> <!-- runningCode_outputExpectedText -->
        <test-method status="PASS" signature="deleteTempDir()[pri:0, instance:de.letsbulidacompiler.compiler.CompilerTest@5419f379]" name="deleteTempDir" is-config="true" duration-ms="0" started-at="2017-10-16T14:52:18Z" finished-at="2017-10-16T14:52:18Z">
          <reporter-output>
          </reporter-output>
        </test-method> <!-- deleteTempDir -->
        <test-method status="PASS" signature="creatTempDir()[pri:0, instance:de.letsbulidacompiler.compiler.CompilerTest@5419f379]" name="creatTempDir" is-config="true" duration-ms="1" started-at="2017-10-16T14:52:18Z" finished-at="2017-10-16T14:52:18Z">
          <reporter-output>
          </reporter-output>
        </test-method> <!-- creatTempDir -->
        <test-method status="PASS" signature="runningCode_outputExpectedText(java.lang.String, java.lang.String)[pri:0, instance:de.letsbulidacompiler.compiler.CompilerTest@5419f379]" name="runningCode_outputExpectedText" duration-ms="62" started-at="2017-10-16T14:52:18Z" data-provider="provide_code_expectedText" finished-at="2017-10-16T14:52:18Z">
          <params>
            <param index="0">
              <value>
                <![CDATA[println(2+3*3);]]>
              </value>
            </param>
            <param index="1">
              <value>
                <![CDATA[11
]]>
              </value>
            </param>
          </params>
          <reporter-output>
          </reporter-output>
        </test-method> <!-- runningCode_outputExpectedText -->
        <test-method status="PASS" signature="deleteTempDir()[pri:0, instance:de.letsbulidacompiler.compiler.CompilerTest@5419f379]" name="deleteTempDir" is-config="true" duration-ms="0" started-at="2017-10-16T14:52:18Z" finished-at="2017-10-16T14:52:18Z">
          <reporter-output>
          </reporter-output>
        </test-method> <!-- deleteTempDir -->
        <test-method status="PASS" signature="creatTempDir()[pri:0, instance:de.letsbulidacompiler.compiler.CompilerTest@5419f379]" name="creatTempDir" is-config="true" duration-ms="0" started-at="2017-10-16T14:52:18Z" finished-at="2017-10-16T14:52:18Z">
          <reporter-output>
          </reporter-output>
        </test-method> <!-- creatTempDir -->
        <test-method status="PASS" signature="runningCode_outputExpectedText(java.lang.String, java.lang.String)[pri:0, instance:de.letsbulidacompiler.compiler.CompilerTest@5419f379]" name="runningCode_outputExpectedText" duration-ms="66" started-at="2017-10-16T14:52:18Z" data-provider="provide_code_expectedText" finished-at="2017-10-16T14:52:18Z">
          <params>
            <param index="0">
              <value>
                <![CDATA[println(9-2*3);]]>
              </value>
            </param>
            <param index="1">
              <value>
                <![CDATA[3
]]>
              </value>
            </param>
          </params>
          <reporter-output>
          </reporter-output>
        </test-method> <!-- runningCode_outputExpectedText -->
        <test-method status="PASS" signature="deleteTempDir()[pri:0, instance:de.letsbulidacompiler.compiler.CompilerTest@5419f379]" name="deleteTempDir" is-config="true" duration-ms="1" started-at="2017-10-16T14:52:18Z" finished-at="2017-10-16T14:52:18Z">
          <reporter-output>
          </reporter-output>
        </test-method> <!-- deleteTempDir -->
        <test-method status="PASS" signature="runningCode_outputExpectedText(java.lang.String, java.lang.String)[pri:0, instance:de.letsbulidacompiler.compiler.CompilerTest@5419f379]" name="runningCode_outputExpectedText" duration-ms="64" started-at="2017-10-16T14:52:18Z" data-provider="provide_code_expectedText" finished-at="2017-10-16T14:52:18Z">
          <params>
            <param index="0">
              <value>
                <![CDATA[println(8-2+5);]]>
              </value>
            </param>
            <param index="1">
              <value>
                <![CDATA[11
]]>
              </value>
            </param>
          </params>
          <reporter-output>
          </reporter-output>
        </test-method> <!-- runningCode_outputExpectedText -->
        <test-method status="PASS" signature="creatTempDir()[pri:0, instance:de.letsbulidacompiler.compiler.CompilerTest@5419f379]" name="creatTempDir" is-config="true" duration-ms="0" started-at="2017-10-16T14:52:18Z" finished-at="2017-10-16T14:52:18Z">
          <reporter-output>
          </reporter-output>
        </test-method> <!-- creatTempDir -->
        <test-method status="PASS" signature="deleteTempDir()[pri:0, instance:de.letsbulidacompiler.compiler.CompilerTest@5419f379]" name="deleteTempDir" is-config="true" duration-ms="0" started-at="2017-10-16T14:52:18Z" finished-at="2017-10-16T14:52:18Z">
          <reporter-output>
          </reporter-output>
        </test-method> <!-- deleteTempDir -->
        <test-method status="PASS" signature="creatTempDir()[pri:0, instance:de.letsbulidacompiler.compiler.CompilerTest@5419f379]" name="creatTempDir" is-config="true" duration-ms="1" started-at="2017-10-16T14:52:18Z" finished-at="2017-10-16T14:52:18Z">
          <reporter-output>
          </reporter-output>
        </test-method> <!-- creatTempDir -->
        <test-method status="PASS" signature="runningCode_outputExpectedText(java.lang.String, java.lang.String)[pri:0, instance:de.letsbulidacompiler.compiler.CompilerTest@5419f379]" name="runningCode_outputExpectedText" duration-ms="62" started-at="2017-10-16T14:52:18Z" data-provider="provide_code_expectedText" finished-at="2017-10-16T14:52:18Z">
          <params>
            <param index="0">
              <value>
                <![CDATA[int foo; foo = 42; println(foo);]]>
              </value>
            </param>
            <param index="1">
              <value>
                <![CDATA[42
]]>
              </value>
            </param>
          </params>
          <reporter-output>
          </reporter-output>
        </test-method> <!-- runningCode_outputExpectedText -->
        <test-method status="PASS" signature="deleteTempDir()[pri:0, instance:de.letsbulidacompiler.compiler.CompilerTest@5419f379]" name="deleteTempDir" is-config="true" duration-ms="0" started-at="2017-10-16T14:52:18Z" finished-at="2017-10-16T14:52:18Z">
          <reporter-output>
          </reporter-output>
        </test-method> <!-- deleteTempDir -->
        <test-method status="PASS" signature="creatTempDir()[pri:0, instance:de.letsbulidacompiler.compiler.CompilerTest@5419f379]" name="creatTempDir" is-config="true" duration-ms="1" started-at="2017-10-16T14:52:18Z" finished-at="2017-10-16T14:52:18Z">
          <reporter-output>
          </reporter-output>
        </test-method> <!-- creatTempDir -->
        <test-method status="PASS" signature="runningCode_outputExpectedText(java.lang.String, java.lang.String)[pri:0, instance:de.letsbulidacompiler.compiler.CompilerTest@5419f379]" name="runningCode_outputExpectedText" duration-ms="59" started-at="2017-10-16T14:52:18Z" data-provider="provide_code_expectedText" finished-at="2017-10-16T14:52:18Z">
          <params>
            <param index="0">
              <value>
                <![CDATA[int foo; foo = 42; println(foo+2);]]>
              </value>
            </param>
            <param index="1">
              <value>
                <![CDATA[44
]]>
              </value>
            </param>
          </params>
          <reporter-output>
          </reporter-output>
        </test-method> <!-- runningCode_outputExpectedText -->
        <test-method status="PASS" signature="deleteTempDir()[pri:0, instance:de.letsbulidacompiler.compiler.CompilerTest@5419f379]" name="deleteTempDir" is-config="true" duration-ms="1" started-at="2017-10-16T14:52:18Z" finished-at="2017-10-16T14:52:18Z">
          <reporter-output>
          </reporter-output>
        </test-method> <!-- deleteTempDir -->
        <test-method status="PASS" signature="creatTempDir()[pri:0, instance:de.letsbulidacompiler.compiler.CompilerTest@5419f379]" name="creatTempDir" is-config="true" duration-ms="0" started-at="2017-10-16T14:52:18Z" finished-at="2017-10-16T14:52:18Z">
          <reporter-output>
          </reporter-output>
        </test-method> <!-- creatTempDir -->
        <test-method status="PASS" signature="runningCode_outputExpectedText(java.lang.String, java.lang.String)[pri:0, instance:de.letsbulidacompiler.compiler.CompilerTest@5419f379]" name="runningCode_outputExpectedText" duration-ms="61" started-at="2017-10-16T14:52:18Z" data-provider="provide_code_expectedText" finished-at="2017-10-16T14:52:18Z">
          <params>
            <param index="0">
              <value>
                <![CDATA[int a; int b; a = 2; b = 5; println(a+b);]]>
              </value>
            </param>
            <param index="1">
              <value>
                <![CDATA[7
]]>
              </value>
            </param>
          </params>
          <reporter-output>
          </reporter-output>
        </test-method> <!-- runningCode_outputExpectedText -->
        <test-method status="PASS" signature="deleteTempDir()[pri:0, instance:de.letsbulidacompiler.compiler.CompilerTest@5419f379]" name="deleteTempDir" is-config="true" duration-ms="0" started-at="2017-10-16T14:52:18Z" finished-at="2017-10-16T14:52:18Z">
          <reporter-output>
          </reporter-output>
        </test-method> <!-- deleteTempDir -->
        <test-method status="PASS" signature="runningCode_outputExpectedText(java.lang.String, java.lang.String)[pri:0, instance:de.letsbulidacompiler.compiler.CompilerTest@5419f379]" name="runningCode_outputExpectedText" duration-ms="67" started-at="2017-10-16T14:52:18Z" data-provider="provide_code_expectedText" finished-at="2017-10-16T14:52:18Z">
          <params>
            <param index="0">
              <value>
                <![CDATA[int randomNumber() { return 4; } println(randomNumber());]]>
              </value>
            </param>
            <param index="1">
              <value>
                <![CDATA[4
]]>
              </value>
            </param>
          </params>
          <reporter-output>
          </reporter-output>
        </test-method> <!-- runningCode_outputExpectedText -->
        <test-method status="PASS" signature="creatTempDir()[pri:0, instance:de.letsbulidacompiler.compiler.CompilerTest@5419f379]" name="creatTempDir" is-config="true" duration-ms="0" started-at="2017-10-16T14:52:18Z" finished-at="2017-10-16T14:52:18Z">
          <reporter-output>
          </reporter-output>
        </test-method> <!-- creatTempDir -->
        <test-method status="PASS" signature="deleteTempDir()[pri:0, instance:de.letsbulidacompiler.compiler.CompilerTest@5419f379]" name="deleteTempDir" is-config="true" duration-ms="0" started-at="2017-10-16T14:52:18Z" finished-at="2017-10-16T14:52:18Z">
          <reporter-output>
          </reporter-output>
        </test-method> <!-- deleteTempDir -->
        <test-method status="PASS" signature="creatTempDir()[pri:0, instance:de.letsbulidacompiler.compiler.CompilerTest@5419f379]" name="creatTempDir" is-config="true" duration-ms="0" started-at="2017-10-16T14:52:18Z" finished-at="2017-10-16T14:52:18Z">
          <reporter-output>
          </reporter-output>
        </test-method> <!-- creatTempDir -->
        <test-method status="PASS" signature="runningCode_outputExpectedText(java.lang.String, java.lang.String)[pri:0, instance:de.letsbulidacompiler.compiler.CompilerTest@5419f379]" name="runningCode_outputExpectedText" duration-ms="66" started-at="2017-10-16T14:52:18Z" data-provider="provide_code_expectedText" finished-at="2017-10-16T14:52:18Z">
          <params>
            <param index="0">
              <value>
                <![CDATA[int randomNumber() {
  int i;
  i = 4;
  return i;
}
println(randomNumber());]]>
              </value>
            </param>
            <param index="1">
              <value>
                <![CDATA[4
]]>
              </value>
            </param>
          </params>
          <reporter-output>
          </reporter-output>
        </test-method> <!-- runningCode_outputExpectedText -->
        <test-method status="PASS" signature="deleteTempDir()[pri:0, instance:de.letsbulidacompiler.compiler.CompilerTest@5419f379]" name="deleteTempDir" is-config="true" duration-ms="0" started-at="2017-10-16T14:52:18Z" finished-at="2017-10-16T14:52:18Z">
          <reporter-output>
          </reporter-output>
        </test-method> <!-- deleteTempDir -->
        <test-method status="PASS" signature="creatTempDir()[pri:0, instance:de.letsbulidacompiler.compiler.CompilerTest@5419f379]" name="creatTempDir" is-config="true" duration-ms="0" started-at="2017-10-16T14:52:18Z" finished-at="2017-10-16T14:52:18Z">
          <reporter-output>
          </reporter-output>
        </test-method> <!-- creatTempDir -->
        <test-method status="PASS" signature="runningCode_outputExpectedText(java.lang.String, java.lang.String)[pri:0, instance:de.letsbulidacompiler.compiler.CompilerTest@5419f379]" name="runningCode_outputExpectedText" duration-ms="62" started-at="2017-10-16T14:52:18Z" data-provider="provide_code_expectedText" finished-at="2017-10-16T14:52:18Z">
          <params>
            <param index="0">
              <value>
                <![CDATA[int randomNumber() {
  int i;
  i = 4;
  return i;
}
int i;
i = 42;
println(randomNumber());
println(i);]]>
              </value>
            </param>
            <param index="1">
              <value>
                <![CDATA[4
42
]]>
              </value>
            </param>
          </params>
          <reporter-output>
          </reporter-output>
        </test-method> <!-- runningCode_outputExpectedText -->
        <test-method status="PASS" signature="deleteTempDir()[pri:0, instance:de.letsbulidacompiler.compiler.CompilerTest@5419f379]" name="deleteTempDir" is-config="true" duration-ms="1" started-at="2017-10-16T14:52:18Z" finished-at="2017-10-16T14:52:18Z">
          <reporter-output>
          </reporter-output>
        </test-method> <!-- deleteTempDir -->
        <test-method status="PASS" signature="creatTempDir()[pri:0, instance:de.letsbulidacompiler.compiler.CompilerTest@5419f379]" name="creatTempDir" is-config="true" duration-ms="0" started-at="2017-10-16T14:52:18Z" finished-at="2017-10-16T14:52:18Z">
          <reporter-output>
          </reporter-output>
        </test-method> <!-- creatTempDir -->
        <test-method status="PASS" signature="runningCode_outputExpectedText(java.lang.String, java.lang.String)[pri:0, instance:de.letsbulidacompiler.compiler.CompilerTest@5419f379]" name="runningCode_outputExpectedText" duration-ms="60" started-at="2017-10-16T14:52:18Z" data-provider="provide_code_expectedText" finished-at="2017-10-16T14:52:19Z">
          <params>
            <param index="0">
              <value>
                <![CDATA[int add(int a, int b) {
  return a+b;
}
println(add(5,8));]]>
              </value>
            </param>
            <param index="1">
              <value>
                <![CDATA[13
]]>
              </value>
            </param>
          </params>
          <reporter-output>
          </reporter-output>
        </test-method> <!-- runningCode_outputExpectedText -->
        <test-method status="PASS" signature="deleteTempDir()[pri:0, instance:de.letsbulidacompiler.compiler.CompilerTest@5419f379]" name="deleteTempDir" is-config="true" duration-ms="0" started-at="2017-10-16T14:52:19Z" finished-at="2017-10-16T14:52:19Z">
          <reporter-output>
          </reporter-output>
        </test-method> <!-- deleteTempDir -->
      </class> <!-- de.letsbulidacompiler.compiler.CompilerTest -->
    </test> <!-- Default test -->
  </suite> <!-- Default suite -->
</testng-results>
