<?xml version="1.0" encoding="UTF-8"?>
<testng-results skipped="0" failed="0" ignored="0" total="14" passed="14">
  <reporter-output>
  </reporter-output>
  <suite name="Default suite" duration-ms="1600" started-at="2017-10-13T16:52:16Z" finished-at="2017-10-13T16:52:18Z">
    <groups>
    </groups>
    <test name="Default test" duration-ms="1600" started-at="2017-10-13T16:52:16Z" finished-at="2017-10-13T16:52:18Z">
      <class name="de.letsbulidacompiler.compiler.CompilerTest">
        <test-method status="PASS" signature="creatTempDir()[pri:0, instance:de.letsbulidacompiler.compiler.CompilerTest@58651fd0]" name="creatTempDir" is-config="true" duration-ms="11" started-at="2017-10-13T13:52:16Z" finished-at="2017-10-13T13:52:16Z">
          <reporter-output>
          </reporter-output>
        </test-method> <!-- creatTempDir -->
        <test-method status="PASS" signature="runningCode_outputExpectedText(java.lang.String, java.lang.String)[pri:0, instance:de.letsbulidacompiler.compiler.CompilerTest@58651fd0]" name="runningCode_outputExpectedText" duration-ms="260" started-at="2017-10-13T13:52:16Z" data-provider="provide_code_expectedText" finished-at="2017-10-13T13:52:16Z">
          <params>
            <param index="0">
              <value>
                <![CDATA[println(1+2);]]>
              </value>
            </param>
            <param index="1">
              <value>
                <![CDATA[3
]]>
              </value>
            </param>
          </params>
          <reporter-output>
          </reporter-output>
        </test-method> <!-- runningCode_outputExpectedText -->
        <test-method status="PASS" signature="deleteTempDir()[pri:0, instance:de.letsbulidacompiler.compiler.CompilerTest@58651fd0]" name="deleteTempDir" is-config="true" duration-ms="1" started-at="2017-10-13T13:52:16Z" finished-at="2017-10-13T13:52:16Z">
          <reporter-output>
          </reporter-output>
        </test-method> <!-- deleteTempDir -->
        <test-method status="PASS" signature="creatTempDir()[pri:0, instance:de.letsbulidacompiler.compiler.CompilerTest@58651fd0]" name="creatTempDir" is-config="true" duration-ms="1" started-at="2017-10-13T13:52:16Z" finished-at="2017-10-13T13:52:16Z">
          <reporter-output>
          </reporter-output>
        </test-method> <!-- creatTempDir -->
        <test-method status="PASS" signature="runningCode_outputExpectedText(java.lang.String, java.lang.String)[pri:0, instance:de.letsbulidacompiler.compiler.CompilerTest@58651fd0]" name="runningCode_outputExpectedText" duration-ms="71" started-at="2017-10-13T13:52:16Z" data-provider="provide_code_expectedText" finished-at="2017-10-13T13:52:16Z">
          <params>
            <param index="0">
              <value>
                <![CDATA[println(1+2+42);]]>
              </value>
            </param>
            <param index="1">
              <value>
                <![CDATA[45
]]>
              </value>
            </param>
          </params>
          <reporter-output>
          </reporter-output>
        </test-method> <!-- runningCode_outputExpectedText -->
        <test-method status="PASS" signature="deleteTempDir()[pri:0, instance:de.letsbulidacompiler.compiler.CompilerTest@58651fd0]" name="deleteTempDir" is-config="true" duration-ms="1" started-at="2017-10-13T13:52:16Z" finished-at="2017-10-13T13:52:16Z">
          <reporter-output>
          </reporter-output>
        </test-method> <!-- deleteTempDir -->
        <test-method status="PASS" signature="creatTempDir()[pri:0, instance:de.letsbulidacompiler.compiler.CompilerTest@58651fd0]" name="creatTempDir" is-config="true" duration-ms="0" started-at="2017-10-13T13:52:16Z" finished-at="2017-10-13T13:52:16Z">
          <reporter-output>
          </reporter-output>
        </test-method> <!-- creatTempDir -->
        <test-method status="PASS" signature="runningCode_outputExpectedText(java.lang.String, java.lang.String)[pri:0, instance:de.letsbulidacompiler.compiler.CompilerTest@58651fd0]" name="runningCode_outputExpectedText" duration-ms="93" started-at="2017-10-13T13:52:16Z" data-provider="provide_code_expectedText" finished-at="2017-10-13T13:52:17Z">
          <params>
            <param index="0">
              <value>
                <![CDATA[println(1); println(2);]]>
              </value>
            </param>
            <param index="1">
              <value>
                <![CDATA[1
2
]]>
              </value>
            </param>
          </params>
          <reporter-output>
          </reporter-output>
        </test-method> <!-- runningCode_outputExpectedText -->
        <test-method status="PASS" signature="deleteTempDir()[pri:0, instance:de.letsbulidacompiler.compiler.CompilerTest@58651fd0]" name="deleteTempDir" is-config="true" duration-ms="0" started-at="2017-10-13T13:52:17Z" finished-at="2017-10-13T13:52:17Z">
          <reporter-output>
          </reporter-output>
        </test-method> <!-- deleteTempDir -->
        <test-method status="PASS" signature="creatTempDir()[pri:0, instance:de.letsbulidacompiler.compiler.CompilerTest@58651fd0]" name="creatTempDir" is-config="true" duration-ms="1" started-at="2017-10-13T13:52:17Z" finished-at="2017-10-13T13:52:17Z">
          <reporter-output>
          </reporter-output>
        </test-method> <!-- creatTempDir -->
        <test-method status="PASS" signature="runningCode_outputExpectedText(java.lang.String, java.lang.String)[pri:0, instance:de.letsbulidacompiler.compiler.CompilerTest@58651fd0]" name="runningCode_outputExpectedText" duration-ms="111" started-at="2017-10-13T13:52:17Z" data-provider="provide_code_expectedText" finished-at="2017-10-13T13:52:17Z">
          <params>
            <param index="0">
              <value>
                <![CDATA[println(3-2);]]>
              </value>
            </param>
            <param index="1">
              <value>
                <![CDATA[1
]]>
              </value>
            </param>
          </params>
          <reporter-output>
          </reporter-output>
        </test-method> <!-- runningCode_outputExpectedText -->
        <test-method status="PASS" signature="deleteTempDir()[pri:0, instance:de.letsbulidacompiler.compiler.CompilerTest@58651fd0]" name="deleteTempDir" is-config="true" duration-ms="2" started-at="2017-10-13T13:52:17Z" finished-at="2017-10-13T13:52:17Z">
          <reporter-output>
          </reporter-output>
        </test-method> <!-- deleteTempDir -->
        <test-method status="PASS" signature="creatTempDir()[pri:0, instance:de.letsbulidacompiler.compiler.CompilerTest@58651fd0]" name="creatTempDir" is-config="true" duration-ms="1" started-at="2017-10-13T13:52:17Z" finished-at="2017-10-13T13:52:17Z">
          <reporter-output>
          </reporter-output>
        </test-method> <!-- creatTempDir -->
        <test-method status="PASS" signature="runningCode_outputExpectedText(java.lang.String, java.lang.String)[pri:0, instance:de.letsbulidacompiler.compiler.CompilerTest@58651fd0]" name="runningCode_outputExpectedText" duration-ms="105" started-at="2017-10-13T13:52:17Z" data-provider="provide_code_expectedText" finished-at="2017-10-13T13:52:17Z">
          <params>
            <param index="0">
              <value>
                <![CDATA[println(2*3);]]>
              </value>
            </param>
            <param index="1">
              <value>
                <![CDATA[6
]]>
              </value>
            </param>
          </params>
          <reporter-output>
          </reporter-output>
        </test-method> <!-- runningCode_outputExpectedText -->
        <test-method status="PASS" signature="deleteTempDir()[pri:0, instance:de.letsbulidacompiler.compiler.CompilerTest@58651fd0]" name="deleteTempDir" is-config="true" duration-ms="1" started-at="2017-10-13T13:52:17Z" finished-at="2017-10-13T13:52:17Z">
          <reporter-output>
          </reporter-output>
        </test-method> <!-- deleteTempDir -->
        <test-method status="PASS" signature="runningCode_outputExpectedText(java.lang.String, java.lang.String)[pri:0, instance:de.letsbulidacompiler.compiler.CompilerTest@58651fd0]" name="runningCode_outputExpectedText" duration-ms="84" started-at="2017-10-13T13:52:17Z" data-provider="provide_code_expectedText" finished-at="2017-10-13T13:52:17Z">
          <params>
            <param index="0">
              <value>
                <![CDATA[println(6/2);]]>
              </value>
            </param>
            <param index="1">
              <value>
                <![CDATA[3
]]>
              </value>
            </param>
          </params>
          <reporter-output>
          </reporter-output>
        </test-method> <!-- runningCode_outputExpectedText -->
        <test-method status="PASS" signature="creatTempDir()[pri:0, instance:de.letsbulidacompiler.compiler.CompilerTest@58651fd0]" name="creatTempDir" is-config="true" duration-ms="0" started-at="2017-10-13T13:52:17Z" finished-at="2017-10-13T13:52:17Z">
          <reporter-output>
          </reporter-output>
        </test-method> <!-- creatTempDir -->
        <test-method status="PASS" signature="deleteTempDir()[pri:0, instance:de.letsbulidacompiler.compiler.CompilerTest@58651fd0]" name="deleteTempDir" is-config="true" duration-ms="1" started-at="2017-10-13T13:52:17Z" finished-at="2017-10-13T13:52:17Z">
          <reporter-output>
          </reporter-output>
        </test-method> <!-- deleteTempDir -->
        <test-method status="PASS" signature="runningCode_outputExpectedText(java.lang.String, java.lang.String)[pri:0, instance:de.letsbulidacompiler.compiler.CompilerTest@58651fd0]" name="runningCode_outputExpectedText" duration-ms="95" started-at="2017-10-13T13:52:17Z" data-provider="provide_code_expectedText" finished-at="2017-10-13T13:52:17Z">
          <params>
            <param index="0">
              <value>
                <![CDATA[println(7/2);]]>
              </value>
            </param>
            <param index="1">
              <value>
                <![CDATA[3
]]>
              </value>
            </param>
          </params>
          <reporter-output>
          </reporter-output>
        </test-method> <!-- runningCode_outputExpectedText -->
        <test-method status="PASS" signature="creatTempDir()[pri:0, instance:de.letsbulidacompiler.compiler.CompilerTest@58651fd0]" name="creatTempDir" is-config="true" duration-ms="0" started-at="2017-10-13T13:52:17Z" finished-at="2017-10-13T13:52:17Z">
          <reporter-output>
          </reporter-output>
        </test-method> <!-- creatTempDir -->
        <test-method status="PASS" signature="deleteTempDir()[pri:0, instance:de.letsbulidacompiler.compiler.CompilerTest@58651fd0]" name="deleteTempDir" is-config="true" duration-ms="1" started-at="2017-10-13T13:52:17Z" finished-at="2017-10-13T13:52:17Z">
          <reporter-output>
          </reporter-output>
        </test-method> <!-- deleteTempDir -->
        <test-method status="PASS" signature="creatTempDir()[pri:0, instance:de.letsbulidacompiler.compiler.CompilerTest@58651fd0]" name="creatTempDir" is-config="true" duration-ms="0" started-at="2017-10-13T13:52:17Z" finished-at="2017-10-13T13:52:17Z">
          <reporter-output>
          </reporter-output>
        </test-method> <!-- creatTempDir -->
        <test-method status="PASS" signature="runningCode_outputExpectedText(java.lang.String, java.lang.String)[pri:0, instance:de.letsbulidacompiler.compiler.CompilerTest@58651fd0]" name="runningCode_outputExpectedText" duration-ms="103" started-at="2017-10-13T13:52:17Z" data-provider="provide_code_expectedText" finished-at="2017-10-13T13:52:17Z">
          <params>
            <param index="0">
              <value>
                <![CDATA[println(8/2*4);]]>
              </value>
            </param>
            <param index="1">
              <value>
                <![CDATA[16
]]>
              </value>
            </param>
          </params>
          <reporter-output>
          </reporter-output>
        </test-method> <!-- runningCode_outputExpectedText -->
        <test-method status="PASS" signature="deleteTempDir()[pri:0, instance:de.letsbulidacompiler.compiler.CompilerTest@58651fd0]" name="deleteTempDir" is-config="true" duration-ms="0" started-at="2017-10-13T13:52:17Z" finished-at="2017-10-13T13:52:17Z">
          <reporter-output>
          </reporter-output>
        </test-method> <!-- deleteTempDir -->
        <test-method status="PASS" signature="creatTempDir()[pri:0, instance:de.letsbulidacompiler.compiler.CompilerTest@58651fd0]" name="creatTempDir" is-config="true" duration-ms="0" started-at="2017-10-13T13:52:17Z" finished-at="2017-10-13T13:52:17Z">
          <reporter-output>
          </reporter-output>
        </test-method> <!-- creatTempDir -->
        <test-method status="PASS" signature="runningCode_outputExpectedText(java.lang.String, java.lang.String)[pri:0, instance:de.letsbulidacompiler.compiler.CompilerTest@58651fd0]" name="runningCode_outputExpectedText" duration-ms="93" started-at="2017-10-13T13:52:17Z" data-provider="provide_code_expectedText" finished-at="2017-10-13T13:52:17Z">
          <params>
            <param index="0">
              <value>
                <![CDATA[println(2+3*3);]]>
              </value>
            </param>
            <param index="1">
              <value>
                <![CDATA[11
]]>
              </value>
            </param>
          </params>
          <reporter-output>
          </reporter-output>
        </test-method> <!-- runningCode_outputExpectedText -->
        <test-method status="PASS" signature="deleteTempDir()[pri:0, instance:de.letsbulidacompiler.compiler.CompilerTest@58651fd0]" name="deleteTempDir" is-config="true" duration-ms="1" started-at="2017-10-13T13:52:17Z" finished-at="2017-10-13T13:52:17Z">
          <reporter-output>
          </reporter-output>
        </test-method> <!-- deleteTempDir -->
        <test-method status="PASS" signature="creatTempDir()[pri:0, instance:de.letsbulidacompiler.compiler.CompilerTest@58651fd0]" name="creatTempDir" is-config="true" duration-ms="1" started-at="2017-10-13T13:52:17Z" finished-at="2017-10-13T13:52:17Z">
          <reporter-output>
          </reporter-output>
        </test-method> <!-- creatTempDir -->
        <test-method status="PASS" signature="runningCode_outputExpectedText(java.lang.String, java.lang.String)[pri:0, instance:de.letsbulidacompiler.compiler.CompilerTest@58651fd0]" name="runningCode_outputExpectedText" duration-ms="101" started-at="2017-10-13T13:52:17Z" data-provider="provide_code_expectedText" finished-at="2017-10-13T13:52:17Z">
          <params>
            <param index="0">
              <value>
                <![CDATA[println(9-2*3);]]>
              </value>
            </param>
            <param index="1">
              <value>
                <![CDATA[3
]]>
              </value>
            </param>
          </params>
          <reporter-output>
          </reporter-output>
        </test-method> <!-- runningCode_outputExpectedText -->
        <test-method status="PASS" signature="deleteTempDir()[pri:0, instance:de.letsbulidacompiler.compiler.CompilerTest@58651fd0]" name="deleteTempDir" is-config="true" duration-ms="0" started-at="2017-10-13T13:52:17Z" finished-at="2017-10-13T13:52:17Z">
          <reporter-output>
          </reporter-output>
        </test-method> <!-- deleteTempDir -->
        <test-method status="PASS" signature="creatTempDir()[pri:0, instance:de.letsbulidacompiler.compiler.CompilerTest@58651fd0]" name="creatTempDir" is-config="true" duration-ms="1" started-at="2017-10-13T13:52:17Z" finished-at="2017-10-13T13:52:17Z">
          <reporter-output>
          </reporter-output>
        </test-method> <!-- creatTempDir -->
        <test-method status="PASS" signature="runningCode_outputExpectedText(java.lang.String, java.lang.String)[pri:0, instance:de.letsbulidacompiler.compiler.CompilerTest@58651fd0]" name="runningCode_outputExpectedText" duration-ms="107" started-at="2017-10-13T13:52:17Z" data-provider="provide_code_expectedText" finished-at="2017-10-13T13:52:17Z">
          <params>
            <param index="0">
              <value>
                <![CDATA[println(8-2+5);]]>
              </value>
            </param>
            <param index="1">
              <value>
                <![CDATA[11
]]>
              </value>
            </param>
          </params>
          <reporter-output>
          </reporter-output>
        </test-method> <!-- runningCode_outputExpectedText -->
        <test-method status="PASS" signature="deleteTempDir()[pri:0, instance:de.letsbulidacompiler.compiler.CompilerTest@58651fd0]" name="deleteTempDir" is-config="true" duration-ms="14" started-at="2017-10-13T13:52:17Z" finished-at="2017-10-13T13:52:17Z">
          <reporter-output>
          </reporter-output>
        </test-method> <!-- deleteTempDir -->
        <test-method status="PASS" signature="creatTempDir()[pri:0, instance:de.letsbulidacompiler.compiler.CompilerTest@58651fd0]" name="creatTempDir" is-config="true" duration-ms="0" started-at="2017-10-13T13:52:17Z" finished-at="2017-10-13T13:52:17Z">
          <reporter-output>
          </reporter-output>
        </test-method> <!-- creatTempDir -->
        <test-method status="PASS" signature="runningCode_outputExpectedText(java.lang.String, java.lang.String)[pri:0, instance:de.letsbulidacompiler.compiler.CompilerTest@58651fd0]" name="runningCode_outputExpectedText" duration-ms="99" started-at="2017-10-13T13:52:17Z" data-provider="provide_code_expectedText" finished-at="2017-10-13T13:52:18Z">
          <params>
            <param index="0">
              <value>
                <![CDATA[int foo; foo = 42; println(foo);]]>
              </value>
            </param>
            <param index="1">
              <value>
                <![CDATA[42
]]>
              </value>
            </param>
          </params>
          <reporter-output>
          </reporter-output>
        </test-method> <!-- runningCode_outputExpectedText -->
        <test-method status="PASS" signature="deleteTempDir()[pri:0, instance:de.letsbulidacompiler.compiler.CompilerTest@58651fd0]" name="deleteTempDir" is-config="true" duration-ms="1" started-at="2017-10-13T13:52:18Z" finished-at="2017-10-13T13:52:18Z">
          <reporter-output>
          </reporter-output>
        </test-method> <!-- deleteTempDir -->
        <test-method status="PASS" signature="creatTempDir()[pri:0, instance:de.letsbulidacompiler.compiler.CompilerTest@58651fd0]" name="creatTempDir" is-config="true" duration-ms="0" started-at="2017-10-13T13:52:18Z" finished-at="2017-10-13T13:52:18Z">
          <reporter-output>
          </reporter-output>
        </test-method> <!-- creatTempDir -->
        <test-method status="PASS" signature="runningCode_outputExpectedText(java.lang.String, java.lang.String)[pri:0, instance:de.letsbulidacompiler.compiler.CompilerTest@58651fd0]" name="runningCode_outputExpectedText" duration-ms="95" started-at="2017-10-13T13:52:18Z" data-provider="provide_code_expectedText" finished-at="2017-10-13T13:52:18Z">
          <params>
            <param index="0">
              <value>
                <![CDATA[int foo; foo = 42; println(foo+2);]]>
              </value>
            </param>
            <param index="1">
              <value>
                <![CDATA[44
]]>
              </value>
            </param>
          </params>
          <reporter-output>
          </reporter-output>
        </test-method> <!-- runningCode_outputExpectedText -->
        <test-method status="PASS" signature="deleteTempDir()[pri:0, instance:de.letsbulidacompiler.compiler.CompilerTest@58651fd0]" name="deleteTempDir" is-config="true" duration-ms="0" started-at="2017-10-13T13:52:18Z" finished-at="2017-10-13T13:52:18Z">
          <reporter-output>
          </reporter-output>
        </test-method> <!-- deleteTempDir -->
        <test-method status="PASS" signature="runningCode_outputExpectedText(java.lang.String, java.lang.String)[pri:0, instance:de.letsbulidacompiler.compiler.CompilerTest@58651fd0]" name="runningCode_outputExpectedText" duration-ms="93" started-at="2017-10-13T13:52:18Z" data-provider="provide_code_expectedText" finished-at="2017-10-13T13:52:18Z">
          <params>
            <param index="0">
              <value>
                <![CDATA[int a; int b; a = 2; b = 5; println(a+b);]]>
              </value>
            </param>
            <param index="1">
              <value>
                <![CDATA[7
]]>
              </value>
            </param>
          </params>
          <reporter-output>
          </reporter-output>
        </test-method> <!-- runningCode_outputExpectedText -->
        <test-method status="PASS" signature="creatTempDir()[pri:0, instance:de.letsbulidacompiler.compiler.CompilerTest@58651fd0]" name="creatTempDir" is-config="true" duration-ms="0" started-at="2017-10-13T13:52:18Z" finished-at="2017-10-13T13:52:18Z">
          <reporter-output>
          </reporter-output>
        </test-method> <!-- creatTempDir -->
        <test-method status="PASS" signature="deleteTempDir()[pri:0, instance:de.letsbulidacompiler.compiler.CompilerTest@58651fd0]" name="deleteTempDir" is-config="true" duration-ms="0" started-at="2017-10-13T13:52:18Z" finished-at="2017-10-13T13:52:18Z">
          <reporter-output>
          </reporter-output>
        </test-method> <!-- deleteTempDir -->
      </class> <!-- de.letsbulidacompiler.compiler.CompilerTest -->
    </test> <!-- Default test -->
  </suite> <!-- Default suite -->
</testng-results>
