<?xml version="1.0" encoding="UTF-8"?>
<testng-results skipped="0" failed="0" ignored="0" total="10" passed="10">
  <reporter-output>
  </reporter-output>
  <suite name="Default suite" duration-ms="893" started-at="2017-10-13T16:11:12Z" finished-at="2017-10-13T16:11:13Z">
    <groups>
    </groups>
    <test name="Default test" duration-ms="893" started-at="2017-10-13T16:11:12Z" finished-at="2017-10-13T16:11:13Z">
      <class name="de.letsbulidacompiler.compiler.CompilerTest">
        <test-method status="PASS" signature="creatTempDir()[pri:0, instance:de.letsbulidacompiler.compiler.CompilerTest@58651fd0]" name="creatTempDir" is-config="true" duration-ms="12" started-at="2017-10-13T13:11:12Z" finished-at="2017-10-13T13:11:12Z">
          <reporter-output>
          </reporter-output>
        </test-method> <!-- creatTempDir -->
        <test-method status="PASS" signature="runningCode_outputExpectedText(java.lang.String, java.lang.String)[pri:0, instance:de.letsbulidacompiler.compiler.CompilerTest@58651fd0]" name="runningCode_outputExpectedText" duration-ms="239" started-at="2017-10-13T13:11:12Z" data-provider="provide_code_expectedText" finished-at="2017-10-13T13:11:12Z">
          <params>
            <param index="0">
              <value>
                <![CDATA[println(1+2);]]>
              </value>
            </param>
            <param index="1">
              <value>
                <![CDATA[3
]]>
              </value>
            </param>
          </params>
          <reporter-output>
          </reporter-output>
        </test-method> <!-- runningCode_outputExpectedText -->
        <test-method status="PASS" signature="deleteTempDir()[pri:0, instance:de.letsbulidacompiler.compiler.CompilerTest@58651fd0]" name="deleteTempDir" is-config="true" duration-ms="0" started-at="2017-10-13T13:11:12Z" finished-at="2017-10-13T13:11:12Z">
          <reporter-output>
          </reporter-output>
        </test-method> <!-- deleteTempDir -->
        <test-method status="PASS" signature="creatTempDir()[pri:0, instance:de.letsbulidacompiler.compiler.CompilerTest@58651fd0]" name="creatTempDir" is-config="true" duration-ms="1" started-at="2017-10-13T13:11:12Z" finished-at="2017-10-13T13:11:12Z">
          <reporter-output>
          </reporter-output>
        </test-method> <!-- creatTempDir -->
        <test-method status="PASS" signature="runningCode_outputExpectedText(java.lang.String, java.lang.String)[pri:0, instance:de.letsbulidacompiler.compiler.CompilerTest@58651fd0]" name="runningCode_outputExpectedText" duration-ms="80" started-at="2017-10-13T13:11:12Z" data-provider="provide_code_expectedText" finished-at="2017-10-13T13:11:12Z">
          <params>
            <param index="0">
              <value>
                <![CDATA[println(1+2+42);]]>
              </value>
            </param>
            <param index="1">
              <value>
                <![CDATA[45
]]>
              </value>
            </param>
          </params>
          <reporter-output>
          </reporter-output>
        </test-method> <!-- runningCode_outputExpectedText -->
        <test-method status="PASS" signature="deleteTempDir()[pri:0, instance:de.letsbulidacompiler.compiler.CompilerTest@58651fd0]" name="deleteTempDir" is-config="true" duration-ms="0" started-at="2017-10-13T13:11:12Z" finished-at="2017-10-13T13:11:12Z">
          <reporter-output>
          </reporter-output>
        </test-method> <!-- deleteTempDir -->
        <test-method status="PASS" signature="creatTempDir()[pri:0, instance:de.letsbulidacompiler.compiler.CompilerTest@58651fd0]" name="creatTempDir" is-config="true" duration-ms="0" started-at="2017-10-13T13:11:12Z" finished-at="2017-10-13T13:11:12Z">
          <reporter-output>
          </reporter-output>
        </test-method> <!-- creatTempDir -->
        <test-method status="PASS" signature="runningCode_outputExpectedText(java.lang.String, java.lang.String)[pri:0, instance:de.letsbulidacompiler.compiler.CompilerTest@58651fd0]" name="runningCode_outputExpectedText" duration-ms="66" started-at="2017-10-13T13:11:12Z" data-provider="provide_code_expectedText" finished-at="2017-10-13T13:11:12Z">
          <params>
            <param index="0">
              <value>
                <![CDATA[println(1); println(2);]]>
              </value>
            </param>
            <param index="1">
              <value>
                <![CDATA[1
2
]]>
              </value>
            </param>
          </params>
          <reporter-output>
          </reporter-output>
        </test-method> <!-- runningCode_outputExpectedText -->
        <test-method status="PASS" signature="deleteTempDir()[pri:0, instance:de.letsbulidacompiler.compiler.CompilerTest@58651fd0]" name="deleteTempDir" is-config="true" duration-ms="0" started-at="2017-10-13T13:11:12Z" finished-at="2017-10-13T13:11:12Z">
          <reporter-output>
          </reporter-output>
        </test-method> <!-- deleteTempDir -->
        <test-method status="PASS" signature="creatTempDir()[pri:0, instance:de.letsbulidacompiler.compiler.CompilerTest@58651fd0]" name="creatTempDir" is-config="true" duration-ms="0" started-at="2017-10-13T13:11:12Z" finished-at="2017-10-13T13:11:12Z">
          <reporter-output>
          </reporter-output>
        </test-method> <!-- creatTempDir -->
        <test-method status="PASS" signature="runningCode_outputExpectedText(java.lang.String, java.lang.String)[pri:0, instance:de.letsbulidacompiler.compiler.CompilerTest@58651fd0]" name="runningCode_outputExpectedText" duration-ms="65" started-at="2017-10-13T13:11:12Z" data-provider="provide_code_expectedText" finished-at="2017-10-13T13:11:12Z">
          <params>
            <param index="0">
              <value>
                <![CDATA[println(3-2);]]>
              </value>
            </param>
            <param index="1">
              <value>
                <![CDATA[1
]]>
              </value>
            </param>
          </params>
          <reporter-output>
          </reporter-output>
        </test-method> <!-- runningCode_outputExpectedText -->
        <test-method status="PASS" signature="deleteTempDir()[pri:0, instance:de.letsbulidacompiler.compiler.CompilerTest@58651fd0]" name="deleteTempDir" is-config="true" duration-ms="0" started-at="2017-10-13T13:11:12Z" finished-at="2017-10-13T13:11:12Z">
          <reporter-output>
          </reporter-output>
        </test-method> <!-- deleteTempDir -->
        <test-method status="PASS" signature="runningCode_outputExpectedText(java.lang.String, java.lang.String)[pri:0, instance:de.letsbulidacompiler.compiler.CompilerTest@58651fd0]" name="runningCode_outputExpectedText" duration-ms="69" started-at="2017-10-13T13:11:12Z" data-provider="provide_code_expectedText" finished-at="2017-10-13T13:11:12Z">
          <params>
            <param index="0">
              <value>
                <![CDATA[println(2*3);]]>
              </value>
            </param>
            <param index="1">
              <value>
                <![CDATA[6
]]>
              </value>
            </param>
          </params>
          <reporter-output>
          </reporter-output>
        </test-method> <!-- runningCode_outputExpectedText -->
        <test-method status="PASS" signature="creatTempDir()[pri:0, instance:de.letsbulidacompiler.compiler.CompilerTest@58651fd0]" name="creatTempDir" is-config="true" duration-ms="0" started-at="2017-10-13T13:11:12Z" finished-at="2017-10-13T13:11:12Z">
          <reporter-output>
          </reporter-output>
        </test-method> <!-- creatTempDir -->
        <test-method status="PASS" signature="deleteTempDir()[pri:0, instance:de.letsbulidacompiler.compiler.CompilerTest@58651fd0]" name="deleteTempDir" is-config="true" duration-ms="0" started-at="2017-10-13T13:11:12Z" finished-at="2017-10-13T13:11:12Z">
          <reporter-output>
          </reporter-output>
        </test-method> <!-- deleteTempDir -->
        <test-method status="PASS" signature="creatTempDir()[pri:0, instance:de.letsbulidacompiler.compiler.CompilerTest@58651fd0]" name="creatTempDir" is-config="true" duration-ms="0" started-at="2017-10-13T13:11:12Z" finished-at="2017-10-13T13:11:12Z">
          <reporter-output>
          </reporter-output>
        </test-method> <!-- creatTempDir -->
        <test-method status="PASS" signature="runningCode_outputExpectedText(java.lang.String, java.lang.String)[pri:0, instance:de.letsbulidacompiler.compiler.CompilerTest@58651fd0]" name="runningCode_outputExpectedText" duration-ms="67" started-at="2017-10-13T13:11:12Z" data-provider="provide_code_expectedText" finished-at="2017-10-13T13:11:12Z">
          <params>
            <param index="0">
              <value>
                <![CDATA[println(6/2);]]>
              </value>
            </param>
            <param index="1">
              <value>
                <![CDATA[3
]]>
              </value>
            </param>
          </params>
          <reporter-output>
          </reporter-output>
        </test-method> <!-- runningCode_outputExpectedText -->
        <test-method status="PASS" signature="deleteTempDir()[pri:0, instance:de.letsbulidacompiler.compiler.CompilerTest@58651fd0]" name="deleteTempDir" is-config="true" duration-ms="0" started-at="2017-10-13T13:11:12Z" finished-at="2017-10-13T13:11:12Z">
          <reporter-output>
          </reporter-output>
        </test-method> <!-- deleteTempDir -->
        <test-method status="PASS" signature="creatTempDir()[pri:0, instance:de.letsbulidacompiler.compiler.CompilerTest@58651fd0]" name="creatTempDir" is-config="true" duration-ms="1" started-at="2017-10-13T13:11:12Z" finished-at="2017-10-13T13:11:12Z">
          <reporter-output>
          </reporter-output>
        </test-method> <!-- creatTempDir -->
        <test-method status="PASS" signature="runningCode_outputExpectedText(java.lang.String, java.lang.String)[pri:0, instance:de.letsbulidacompiler.compiler.CompilerTest@58651fd0]" name="runningCode_outputExpectedText" duration-ms="60" started-at="2017-10-13T13:11:12Z" data-provider="provide_code_expectedText" finished-at="2017-10-13T13:11:12Z">
          <params>
            <param index="0">
              <value>
                <![CDATA[println(7/2);]]>
              </value>
            </param>
            <param index="1">
              <value>
                <![CDATA[3
]]>
              </value>
            </param>
          </params>
          <reporter-output>
          </reporter-output>
        </test-method> <!-- runningCode_outputExpectedText -->
        <test-method status="PASS" signature="creatTempDir()[pri:0, instance:de.letsbulidacompiler.compiler.CompilerTest@58651fd0]" name="creatTempDir" is-config="true" duration-ms="1" started-at="2017-10-13T13:11:12Z" finished-at="2017-10-13T13:11:12Z">
          <reporter-output>
          </reporter-output>
        </test-method> <!-- creatTempDir -->
        <test-method status="PASS" signature="deleteTempDir()[pri:0, instance:de.letsbulidacompiler.compiler.CompilerTest@58651fd0]" name="deleteTempDir" is-config="true" duration-ms="0" started-at="2017-10-13T13:11:12Z" finished-at="2017-10-13T13:11:12Z">
          <reporter-output>
          </reporter-output>
        </test-method> <!-- deleteTempDir -->
        <test-method status="PASS" signature="runningCode_outputExpectedText(java.lang.String, java.lang.String)[pri:0, instance:de.letsbulidacompiler.compiler.CompilerTest@58651fd0]" name="runningCode_outputExpectedText" duration-ms="57" started-at="2017-10-13T13:11:12Z" data-provider="provide_code_expectedText" finished-at="2017-10-13T13:11:12Z">
          <params>
            <param index="0">
              <value>
                <![CDATA[println(8/2*4);]]>
              </value>
            </param>
            <param index="1">
              <value>
                <![CDATA[16
]]>
              </value>
            </param>
          </params>
          <reporter-output>
          </reporter-output>
        </test-method> <!-- runningCode_outputExpectedText -->
        <test-method status="PASS" signature="deleteTempDir()[pri:0, instance:de.letsbulidacompiler.compiler.CompilerTest@58651fd0]" name="deleteTempDir" is-config="true" duration-ms="0" started-at="2017-10-13T13:11:12Z" finished-at="2017-10-13T13:11:12Z">
          <reporter-output>
          </reporter-output>
        </test-method> <!-- deleteTempDir -->
        <test-method status="PASS" signature="creatTempDir()[pri:0, instance:de.letsbulidacompiler.compiler.CompilerTest@58651fd0]" name="creatTempDir" is-config="true" duration-ms="0" started-at="2017-10-13T13:11:12Z" finished-at="2017-10-13T13:11:12Z">
          <reporter-output>
          </reporter-output>
        </test-method> <!-- creatTempDir -->
        <test-method status="PASS" signature="runningCode_outputExpectedText(java.lang.String, java.lang.String)[pri:0, instance:de.letsbulidacompiler.compiler.CompilerTest@58651fd0]" name="runningCode_outputExpectedText" duration-ms="59" started-at="2017-10-13T13:11:12Z" data-provider="provide_code_expectedText" finished-at="2017-10-13T13:11:12Z">
          <params>
            <param index="0">
              <value>
                <![CDATA[println(2+3*3);]]>
              </value>
            </param>
            <param index="1">
              <value>
                <![CDATA[11
]]>
              </value>
            </param>
          </params>
          <reporter-output>
          </reporter-output>
        </test-method> <!-- runningCode_outputExpectedText -->
        <test-method status="PASS" signature="deleteTempDir()[pri:0, instance:de.letsbulidacompiler.compiler.CompilerTest@58651fd0]" name="deleteTempDir" is-config="true" duration-ms="1" started-at="2017-10-13T13:11:12Z" finished-at="2017-10-13T13:11:12Z">
          <reporter-output>
          </reporter-output>
        </test-method> <!-- deleteTempDir -->
        <test-method status="PASS" signature="creatTempDir()[pri:0, instance:de.letsbulidacompiler.compiler.CompilerTest@58651fd0]" name="creatTempDir" is-config="true" duration-ms="0" started-at="2017-10-13T13:11:12Z" finished-at="2017-10-13T13:11:12Z">
          <reporter-output>
          </reporter-output>
        </test-method> <!-- creatTempDir -->
        <test-method status="PASS" signature="runningCode_outputExpectedText(java.lang.String, java.lang.String)[pri:0, instance:de.letsbulidacompiler.compiler.CompilerTest@58651fd0]" name="runningCode_outputExpectedText" duration-ms="56" started-at="2017-10-13T13:11:12Z" data-provider="provide_code_expectedText" finished-at="2017-10-13T13:11:13Z">
          <params>
            <param index="0">
              <value>
                <![CDATA[println(9-2*3);]]>
              </value>
            </param>
            <param index="1">
              <value>
                <![CDATA[3
]]>
              </value>
            </param>
          </params>
          <reporter-output>
          </reporter-output>
        </test-method> <!-- runningCode_outputExpectedText -->
        <test-method status="PASS" signature="deleteTempDir()[pri:0, instance:de.letsbulidacompiler.compiler.CompilerTest@58651fd0]" name="deleteTempDir" is-config="true" duration-ms="0" started-at="2017-10-13T13:11:13Z" finished-at="2017-10-13T13:11:13Z">
          <reporter-output>
          </reporter-output>
        </test-method> <!-- deleteTempDir -->
      </class> <!-- de.letsbulidacompiler.compiler.CompilerTest -->
    </test> <!-- Default test -->
  </suite> <!-- Default suite -->
</testng-results>
