<?xml version="1.0" encoding="UTF-8"?>
<testng-results skipped="0" failed="0" ignored="0" total="44" passed="44">
  <reporter-output>
  </reporter-output>
  <suite name="Default suite" duration-ms="2918" started-at="2017-10-17T19:39:08Z" finished-at="2017-10-17T19:39:11Z">
    <groups>
    </groups>
    <test name="Default test" duration-ms="2918" started-at="2017-10-17T19:39:08Z" finished-at="2017-10-17T19:39:11Z">
      <class name="de.letsbulidacompiler.compiler.CompilerTest">
        <test-method status="PASS" signature="creatTempDir()[pri:0, instance:de.letsbulidacompiler.compiler.CompilerTest@d2cc05a]" name="creatTempDir" is-config="true" duration-ms="11" started-at="2017-10-17T17:39:08Z" finished-at="2017-10-17T17:39:08Z">
          <reporter-output>
          </reporter-output>
        </test-method> <!-- creatTempDir -->
        <test-method status="PASS" signature="compilingCode_throwsFunctionAlreadyDefinedException_whenDefiningFunctionTwice()[pri:0, instance:de.letsbulidacompiler.compiler.CompilerTest@d2cc05a]" name="compilingCode_throwsFunctionAlreadyDefinedException_whenDefiningFunctionTwice" duration-ms="60" started-at="2017-10-17T17:39:08Z" finished-at="2017-10-17T17:39:08Z">
          <exception class="de.letsbulidacompiler.compiler.exceptions.FunctionAlreadyDefinedException">
            <message>
              <![CDATA[2:4 function already defined: <x>]]>
            </message>
            <full-stacktrace>
              <![CDATA[de.letsbulidacompiler.compiler.exceptions.FunctionAlreadyDefinedException: 2:4 function already defined: <x>
	at de.letsbuildacompiler.compiler.FunctionDefinitionFinder$1.visitFunctionDefinition(FunctionDefinitionFinder.java:23)
	at de.letsbuildacompiler.compiler.FunctionDefinitionFinder$1.visitFunctionDefinition(FunctionDefinitionFinder.java:1)
	at de.letsbuildacompiler.parser.DemoParser$FunctionDefinitionContext.accept(DemoParser.java:959)
	at org.antlr.v4.runtime.tree.AbstractParseTreeVisitor.visitChildren(AbstractParseTreeVisitor.java:46)
	at de.letsbuildacompiler.parser.DemoBaseVisitor.visitProgPartFunctionDefinition(DemoBaseVisitor.java:34)
	at de.letsbuildacompiler.parser.DemoParser$ProgPartFunctionDefinitionContext.accept(DemoParser.java:175)
	at org.antlr.v4.runtime.tree.AbstractParseTreeVisitor.visitChildren(AbstractParseTreeVisitor.java:46)
	at de.letsbuildacompiler.parser.DemoBaseVisitor.visitProgram(DemoBaseVisitor.java:20)
	at de.letsbuildacompiler.parser.DemoParser$ProgramContext.accept(DemoParser.java:107)
	at org.antlr.v4.runtime.tree.AbstractParseTreeVisitor.visit(AbstractParseTreeVisitor.java:18)
	at de.letsbuildacompiler.compiler.FunctionDefinitionFinder.findFunctions(FunctionDefinitionFinder.java:28)
	at de.letsbuildacompiler.compiler.Main.compile(Main.java:34)
	at de.letsbulidacompiler.compiler.CompilerTest.compileAndRun(CompilerTest.java:238)
	at de.letsbulidacompiler.compiler.CompilerTest.compilingCode_throwsFunctionAlreadyDefinedException_whenDefiningFunctionTwice(CompilerTest.java:104)
	at sun.reflect.NativeMethodAccessorImpl.invoke0(Native Method)
	at sun.reflect.NativeMethodAccessorImpl.invoke(NativeMethodAccessorImpl.java:62)
	at sun.reflect.DelegatingMethodAccessorImpl.invoke(DelegatingMethodAccessorImpl.java:43)
	at java.lang.reflect.Method.invoke(Method.java:498)
	at org.testng.internal.MethodInvocationHelper.invokeMethod(MethodInvocationHelper.java:108)
	at org.testng.internal.Invoker.invokeMethod(Invoker.java:669)
	at org.testng.internal.Invoker.invokeTestMethod(Invoker.java:877)
	at org.testng.internal.Invoker.invokeTestMethods(Invoker.java:1201)
	at org.testng.internal.TestMethodWorker.invokeTestMethods(TestMethodWorker.java:125)
	at org.testng.internal.TestMethodWorker.run(TestMethodWorker.java:109)
	at org.testng.TestRunner.privateRun(TestRunner.java:776)
	at org.testng.TestRunner.run(TestRunner.java:634)
	at org.testng.SuiteRunner.runTest(SuiteRunner.java:425)
	at org.testng.SuiteRunner.runSequentially(SuiteRunner.java:420)
	at org.testng.SuiteRunner.privateRun(SuiteRunner.java:385)
	at org.testng.SuiteRunner.run(SuiteRunner.java:334)
	at org.testng.SuiteRunnerWorker.runSuite(SuiteRunnerWorker.java:52)
	at org.testng.SuiteRunnerWorker.run(SuiteRunnerWorker.java:86)
	at org.testng.TestNG.runSuitesSequentially(TestNG.java:1318)
	at org.testng.TestNG.runSuitesLocally(TestNG.java:1243)
	at org.testng.TestNG.runSuites(TestNG.java:1161)
	at org.testng.TestNG.run(TestNG.java:1129)
	at org.testng.remote.AbstractRemoteTestNG.run(AbstractRemoteTestNG.java:114)
	at org.testng.remote.RemoteTestNG.initAndRun(RemoteTestNG.java:251)
	at org.testng.remote.RemoteTestNG.main(RemoteTestNG.java:77)
]]>
            </full-stacktrace>
          </exception> <!-- de.letsbulidacompiler.compiler.exceptions.FunctionAlreadyDefinedException -->
          <reporter-output>
          </reporter-output>
        </test-method> <!-- compilingCode_throwsFunctionAlreadyDefinedException_whenDefiningFunctionTwice -->
        <test-method status="PASS" signature="deleteTempDir()[pri:0, instance:de.letsbulidacompiler.compiler.CompilerTest@d2cc05a]" name="deleteTempDir" is-config="true" duration-ms="1" started-at="2017-10-17T17:39:08Z" finished-at="2017-10-17T17:39:08Z">
          <reporter-output>
          </reporter-output>
        </test-method> <!-- deleteTempDir -->
        <test-method status="PASS" signature="creatTempDir()[pri:0, instance:de.letsbulidacompiler.compiler.CompilerTest@d2cc05a]" name="creatTempDir" is-config="true" duration-ms="1" started-at="2017-10-17T17:39:08Z" finished-at="2017-10-17T17:39:08Z">
          <reporter-output>
          </reporter-output>
        </test-method> <!-- creatTempDir -->
        <test-method status="PASS" signature="compilingCode_throwsUndeclaredVariableException_ifReadingUndefinedVariable()[pri:0, instance:de.letsbulidacompiler.compiler.CompilerTest@d2cc05a]" name="compilingCode_throwsUndeclaredVariableException_ifReadingUndefinedVariable" duration-ms="5" started-at="2017-10-17T17:39:08Z" finished-at="2017-10-17T17:39:08Z">
          <exception class="de.letsbulidacompiler.compiler.exceptions.UndeclaredVariableException">
            <message>
              <![CDATA[1:8 undeclared variable <x>]]>
            </message>
            <full-stacktrace>
              <![CDATA[de.letsbulidacompiler.compiler.exceptions.UndeclaredVariableException: 1:8 undeclared variable <x>
	at de.letsbuildacompiler.compiler.MyVisitor.requireVariableIndex(MyVisitor.java:360)
	at de.letsbuildacompiler.compiler.MyVisitor.visitVariable(MyVisitor.java:161)
	at de.letsbuildacompiler.compiler.MyVisitor.visitVariable(MyVisitor.java:1)
	at de.letsbuildacompiler.parser.DemoParser$VariableContext.accept(DemoParser.java:454)
	at org.antlr.v4.runtime.tree.AbstractParseTreeVisitor.visit(AbstractParseTreeVisitor.java:18)
	at de.letsbuildacompiler.compiler.MyVisitor.visitPrintln(MyVisitor.java:54)
	at de.letsbuildacompiler.compiler.MyVisitor.visitPrintln(MyVisitor.java:1)
	at de.letsbuildacompiler.parser.DemoParser$PrintlnContext.accept(DemoParser.java:867)
	at org.antlr.v4.runtime.tree.AbstractParseTreeVisitor.visitChildren(AbstractParseTreeVisitor.java:46)
	at de.letsbuildacompiler.parser.DemoBaseVisitor.visitStatement(DemoBaseVisitor.java:41)
	at de.letsbuildacompiler.parser.DemoParser$StatementContext.accept(DemoParser.java:238)
	at org.antlr.v4.runtime.tree.AbstractParseTreeVisitor.visitChildren(AbstractParseTreeVisitor.java:46)
	at de.letsbuildacompiler.parser.DemoBaseVisitor.visitMainStatement(DemoBaseVisitor.java:27)
	at de.letsbuildacompiler.parser.DemoParser$MainStatementContext.accept(DemoParser.java:164)
	at org.antlr.v4.runtime.tree.AbstractParseTreeVisitor.visit(AbstractParseTreeVisitor.java:18)
	at de.letsbuildacompiler.compiler.MyVisitor.visitProgram(MyVisitor.java:339)
	at de.letsbuildacompiler.compiler.MyVisitor.visitProgram(MyVisitor.java:1)
	at de.letsbuildacompiler.parser.DemoParser$ProgramContext.accept(DemoParser.java:107)
	at org.antlr.v4.runtime.tree.AbstractParseTreeVisitor.visit(AbstractParseTreeVisitor.java:18)
	at de.letsbuildacompiler.compiler.Main.compile(Main.java:35)
	at de.letsbulidacompiler.compiler.CompilerTest.compileAndRun(CompilerTest.java:238)
	at de.letsbulidacompiler.compiler.CompilerTest.compilingCode_throwsUndeclaredVariableException_ifReadingUndefinedVariable(CompilerTest.java:67)
	at sun.reflect.NativeMethodAccessorImpl.invoke0(Native Method)
	at sun.reflect.NativeMethodAccessorImpl.invoke(NativeMethodAccessorImpl.java:62)
	at sun.reflect.DelegatingMethodAccessorImpl.invoke(DelegatingMethodAccessorImpl.java:43)
	at java.lang.reflect.Method.invoke(Method.java:498)
	at org.testng.internal.MethodInvocationHelper.invokeMethod(MethodInvocationHelper.java:108)
	at org.testng.internal.Invoker.invokeMethod(Invoker.java:669)
	at org.testng.internal.Invoker.invokeTestMethod(Invoker.java:877)
	at org.testng.internal.Invoker.invokeTestMethods(Invoker.java:1201)
	at org.testng.internal.TestMethodWorker.invokeTestMethods(TestMethodWorker.java:125)
	at org.testng.internal.TestMethodWorker.run(TestMethodWorker.java:109)
	at org.testng.TestRunner.privateRun(TestRunner.java:776)
	at org.testng.TestRunner.run(TestRunner.java:634)
	at org.testng.SuiteRunner.runTest(SuiteRunner.java:425)
	at org.testng.SuiteRunner.runSequentially(SuiteRunner.java:420)
	at org.testng.SuiteRunner.privateRun(SuiteRunner.java:385)
	at org.testng.SuiteRunner.run(SuiteRunner.java:334)
	at org.testng.SuiteRunnerWorker.runSuite(SuiteRunnerWorker.java:52)
	at org.testng.SuiteRunnerWorker.run(SuiteRunnerWorker.java:86)
	at org.testng.TestNG.runSuitesSequentially(TestNG.java:1318)
	at org.testng.TestNG.runSuitesLocally(TestNG.java:1243)
	at org.testng.TestNG.runSuites(TestNG.java:1161)
	at org.testng.TestNG.run(TestNG.java:1129)
	at org.testng.remote.AbstractRemoteTestNG.run(AbstractRemoteTestNG.java:114)
	at org.testng.remote.RemoteTestNG.initAndRun(RemoteTestNG.java:251)
	at org.testng.remote.RemoteTestNG.main(RemoteTestNG.java:77)
]]>
            </full-stacktrace>
          </exception> <!-- de.letsbulidacompiler.compiler.exceptions.UndeclaredVariableException -->
          <reporter-output>
          </reporter-output>
        </test-method> <!-- compilingCode_throwsUndeclaredVariableException_ifReadingUndefinedVariable -->
        <test-method status="PASS" signature="creatTempDir()[pri:0, instance:de.letsbulidacompiler.compiler.CompilerTest@d2cc05a]" name="creatTempDir" is-config="true" duration-ms="1" started-at="2017-10-17T17:39:08Z" finished-at="2017-10-17T17:39:08Z">
          <reporter-output>
          </reporter-output>
        </test-method> <!-- creatTempDir -->
        <test-method status="PASS" signature="deleteTempDir()[pri:0, instance:de.letsbulidacompiler.compiler.CompilerTest@d2cc05a]" name="deleteTempDir" is-config="true" duration-ms="0" started-at="2017-10-17T17:39:08Z" finished-at="2017-10-17T17:39:08Z">
          <reporter-output>
          </reporter-output>
        </test-method> <!-- deleteTempDir -->
        <test-method status="PASS" signature="compilingCode_throwsUndeclaredVariableException_ifWrintingUndefinedVariable()[pri:0, instance:de.letsbulidacompiler.compiler.CompilerTest@d2cc05a]" name="compilingCode_throwsUndeclaredVariableException_ifWrintingUndefinedVariable" duration-ms="2" started-at="2017-10-17T17:39:08Z" finished-at="2017-10-17T17:39:08Z">
          <exception class="de.letsbulidacompiler.compiler.exceptions.UndeclaredVariableException">
            <message>
              <![CDATA[1:0 undeclared variable <x>]]>
            </message>
            <full-stacktrace>
              <![CDATA[de.letsbulidacompiler.compiler.exceptions.UndeclaredVariableException: 1:0 undeclared variable <x>
	at de.letsbuildacompiler.compiler.MyVisitor.requireVariableIndex(MyVisitor.java:360)
	at de.letsbuildacompiler.compiler.MyVisitor.visitAssignment(MyVisitor.java:296)
	at de.letsbuildacompiler.compiler.MyVisitor.visitAssignment(MyVisitor.java:1)
	at de.letsbuildacompiler.parser.DemoParser$AssignmentContext.accept(DemoParser.java:826)
	at org.antlr.v4.runtime.tree.AbstractParseTreeVisitor.visitChildren(AbstractParseTreeVisitor.java:46)
	at de.letsbuildacompiler.parser.DemoBaseVisitor.visitStatement(DemoBaseVisitor.java:41)
	at de.letsbuildacompiler.parser.DemoParser$StatementContext.accept(DemoParser.java:238)
	at org.antlr.v4.runtime.tree.AbstractParseTreeVisitor.visitChildren(AbstractParseTreeVisitor.java:46)
	at de.letsbuildacompiler.parser.DemoBaseVisitor.visitMainStatement(DemoBaseVisitor.java:27)
	at de.letsbuildacompiler.parser.DemoParser$MainStatementContext.accept(DemoParser.java:164)
	at org.antlr.v4.runtime.tree.AbstractParseTreeVisitor.visit(AbstractParseTreeVisitor.java:18)
	at de.letsbuildacompiler.compiler.MyVisitor.visitProgram(MyVisitor.java:339)
	at de.letsbuildacompiler.compiler.MyVisitor.visitProgram(MyVisitor.java:1)
	at de.letsbuildacompiler.parser.DemoParser$ProgramContext.accept(DemoParser.java:107)
	at org.antlr.v4.runtime.tree.AbstractParseTreeVisitor.visit(AbstractParseTreeVisitor.java:18)
	at de.letsbuildacompiler.compiler.Main.compile(Main.java:35)
	at de.letsbulidacompiler.compiler.CompilerTest.compileAndRun(CompilerTest.java:238)
	at de.letsbulidacompiler.compiler.CompilerTest.compilingCode_throwsUndeclaredVariableException_ifWrintingUndefinedVariable(CompilerTest.java:76)
	at sun.reflect.NativeMethodAccessorImpl.invoke0(Native Method)
	at sun.reflect.NativeMethodAccessorImpl.invoke(NativeMethodAccessorImpl.java:62)
	at sun.reflect.DelegatingMethodAccessorImpl.invoke(DelegatingMethodAccessorImpl.java:43)
	at java.lang.reflect.Method.invoke(Method.java:498)
	at org.testng.internal.MethodInvocationHelper.invokeMethod(MethodInvocationHelper.java:108)
	at org.testng.internal.Invoker.invokeMethod(Invoker.java:669)
	at org.testng.internal.Invoker.invokeTestMethod(Invoker.java:877)
	at org.testng.internal.Invoker.invokeTestMethods(Invoker.java:1201)
	at org.testng.internal.TestMethodWorker.invokeTestMethods(TestMethodWorker.java:125)
	at org.testng.internal.TestMethodWorker.run(TestMethodWorker.java:109)
	at org.testng.TestRunner.privateRun(TestRunner.java:776)
	at org.testng.TestRunner.run(TestRunner.java:634)
	at org.testng.SuiteRunner.runTest(SuiteRunner.java:425)
	at org.testng.SuiteRunner.runSequentially(SuiteRunner.java:420)
	at org.testng.SuiteRunner.privateRun(SuiteRunner.java:385)
	at org.testng.SuiteRunner.run(SuiteRunner.java:334)
	at org.testng.SuiteRunnerWorker.runSuite(SuiteRunnerWorker.java:52)
	at org.testng.SuiteRunnerWorker.run(SuiteRunnerWorker.java:86)
	at org.testng.TestNG.runSuitesSequentially(TestNG.java:1318)
	at org.testng.TestNG.runSuitesLocally(TestNG.java:1243)
	at org.testng.TestNG.runSuites(TestNG.java:1161)
	at org.testng.TestNG.run(TestNG.java:1129)
	at org.testng.remote.AbstractRemoteTestNG.run(AbstractRemoteTestNG.java:114)
	at org.testng.remote.RemoteTestNG.initAndRun(RemoteTestNG.java:251)
	at org.testng.remote.RemoteTestNG.main(RemoteTestNG.java:77)
]]>
            </full-stacktrace>
          </exception> <!-- de.letsbulidacompiler.compiler.exceptions.UndeclaredVariableException -->
          <reporter-output>
          </reporter-output>
        </test-method> <!-- compilingCode_throwsUndeclaredVariableException_ifWrintingUndefinedVariable -->
        <test-method status="PASS" signature="deleteTempDir()[pri:0, instance:de.letsbulidacompiler.compiler.CompilerTest@d2cc05a]" name="deleteTempDir" is-config="true" duration-ms="1" started-at="2017-10-17T17:39:08Z" finished-at="2017-10-17T17:39:08Z">
          <reporter-output>
          </reporter-output>
        </test-method> <!-- deleteTempDir -->
        <test-method status="PASS" signature="creatTempDir()[pri:0, instance:de.letsbulidacompiler.compiler.CompilerTest@d2cc05a]" name="creatTempDir" is-config="true" duration-ms="1" started-at="2017-10-17T17:39:08Z" finished-at="2017-10-17T17:39:08Z">
          <reporter-output>
          </reporter-output>
        </test-method> <!-- creatTempDir -->
        <test-method status="PASS" signature="compilingCode_throwsUndefinedFunctionException_whenCallingUndefinedFunction()[pri:0, instance:de.letsbulidacompiler.compiler.CompilerTest@d2cc05a]" name="compilingCode_throwsUndefinedFunctionException_whenCallingUndefinedFunction" duration-ms="2" started-at="2017-10-17T17:39:08Z" finished-at="2017-10-17T17:39:08Z">
          <exception class="de.letsbulidacompiler.compiler.exceptions.UndefinedFunctionException">
            <message>
              <![CDATA[1:8 call to undefined function: <someUndefinedFunction>]]>
            </message>
            <full-stacktrace>
              <![CDATA[de.letsbulidacompiler.compiler.exceptions.UndefinedFunctionException: 1:8 call to undefined function: <someUndefinedFunction>
	at de.letsbuildacompiler.compiler.MyVisitor.visitFunctionCall(MyVisitor.java:199)
	at de.letsbuildacompiler.compiler.MyVisitor.visitFunctionCall(MyVisitor.java:1)
	at de.letsbuildacompiler.parser.DemoParser$FunctionCallContext.accept(DemoParser.java:1143)
	at org.antlr.v4.runtime.tree.AbstractParseTreeVisitor.visitChildren(AbstractParseTreeVisitor.java:46)
	at de.letsbuildacompiler.parser.DemoBaseVisitor.visitFuncCallExpression(DemoBaseVisitor.java:132)
	at de.letsbuildacompiler.parser.DemoParser$FuncCallExpressionContext.accept(DemoParser.java:582)
	at org.antlr.v4.runtime.tree.AbstractParseTreeVisitor.visit(AbstractParseTreeVisitor.java:18)
	at de.letsbuildacompiler.compiler.MyVisitor.visitPrintln(MyVisitor.java:54)
	at de.letsbuildacompiler.compiler.MyVisitor.visitPrintln(MyVisitor.java:1)
	at de.letsbuildacompiler.parser.DemoParser$PrintlnContext.accept(DemoParser.java:867)
	at org.antlr.v4.runtime.tree.AbstractParseTreeVisitor.visitChildren(AbstractParseTreeVisitor.java:46)
	at de.letsbuildacompiler.parser.DemoBaseVisitor.visitStatement(DemoBaseVisitor.java:41)
	at de.letsbuildacompiler.parser.DemoParser$StatementContext.accept(DemoParser.java:238)
	at org.antlr.v4.runtime.tree.AbstractParseTreeVisitor.visitChildren(AbstractParseTreeVisitor.java:46)
	at de.letsbuildacompiler.parser.DemoBaseVisitor.visitMainStatement(DemoBaseVisitor.java:27)
	at de.letsbuildacompiler.parser.DemoParser$MainStatementContext.accept(DemoParser.java:164)
	at org.antlr.v4.runtime.tree.AbstractParseTreeVisitor.visit(AbstractParseTreeVisitor.java:18)
	at de.letsbuildacompiler.compiler.MyVisitor.visitProgram(MyVisitor.java:339)
	at de.letsbuildacompiler.compiler.MyVisitor.visitProgram(MyVisitor.java:1)
	at de.letsbuildacompiler.parser.DemoParser$ProgramContext.accept(DemoParser.java:107)
	at org.antlr.v4.runtime.tree.AbstractParseTreeVisitor.visit(AbstractParseTreeVisitor.java:18)
	at de.letsbuildacompiler.compiler.Main.compile(Main.java:35)
	at de.letsbulidacompiler.compiler.CompilerTest.compileAndRun(CompilerTest.java:238)
	at de.letsbulidacompiler.compiler.CompilerTest.compilingCode_throwsUndefinedFunctionException_whenCallingUndefinedFunction(CompilerTest.java:95)
	at sun.reflect.NativeMethodAccessorImpl.invoke0(Native Method)
	at sun.reflect.NativeMethodAccessorImpl.invoke(NativeMethodAccessorImpl.java:62)
	at sun.reflect.DelegatingMethodAccessorImpl.invoke(DelegatingMethodAccessorImpl.java:43)
	at java.lang.reflect.Method.invoke(Method.java:498)
	at org.testng.internal.MethodInvocationHelper.invokeMethod(MethodInvocationHelper.java:108)
	at org.testng.internal.Invoker.invokeMethod(Invoker.java:669)
	at org.testng.internal.Invoker.invokeTestMethod(Invoker.java:877)
	at org.testng.internal.Invoker.invokeTestMethods(Invoker.java:1201)
	at org.testng.internal.TestMethodWorker.invokeTestMethods(TestMethodWorker.java:125)
	at org.testng.internal.TestMethodWorker.run(TestMethodWorker.java:109)
	at org.testng.TestRunner.privateRun(TestRunner.java:776)
	at org.testng.TestRunner.run(TestRunner.java:634)
	at org.testng.SuiteRunner.runTest(SuiteRunner.java:425)
	at org.testng.SuiteRunner.runSequentially(SuiteRunner.java:420)
	at org.testng.SuiteRunner.privateRun(SuiteRunner.java:385)
	at org.testng.SuiteRunner.run(SuiteRunner.java:334)
	at org.testng.SuiteRunnerWorker.runSuite(SuiteRunnerWorker.java:52)
	at org.testng.SuiteRunnerWorker.run(SuiteRunnerWorker.java:86)
	at org.testng.TestNG.runSuitesSequentially(TestNG.java:1318)
	at org.testng.TestNG.runSuitesLocally(TestNG.java:1243)
	at org.testng.TestNG.runSuites(TestNG.java:1161)
	at org.testng.TestNG.run(TestNG.java:1129)
	at org.testng.remote.AbstractRemoteTestNG.run(AbstractRemoteTestNG.java:114)
	at org.testng.remote.RemoteTestNG.initAndRun(RemoteTestNG.java:251)
	at org.testng.remote.RemoteTestNG.main(RemoteTestNG.java:77)
]]>
            </full-stacktrace>
          </exception> <!-- de.letsbulidacompiler.compiler.exceptions.UndefinedFunctionException -->
          <reporter-output>
          </reporter-output>
        </test-method> <!-- compilingCode_throwsUndefinedFunctionException_whenCallingUndefinedFunction -->
        <test-method status="PASS" signature="deleteTempDir()[pri:0, instance:de.letsbulidacompiler.compiler.CompilerTest@d2cc05a]" name="deleteTempDir" is-config="true" duration-ms="1" started-at="2017-10-17T17:39:08Z" finished-at="2017-10-17T17:39:08Z">
          <reporter-output>
          </reporter-output>
        </test-method> <!-- deleteTempDir -->
        <test-method status="PASS" signature="creatTempDir()[pri:0, instance:de.letsbulidacompiler.compiler.CompilerTest@d2cc05a]" name="creatTempDir" is-config="true" duration-ms="1" started-at="2017-10-17T17:39:08Z" finished-at="2017-10-17T17:39:08Z">
          <reporter-output>
          </reporter-output>
        </test-method> <!-- creatTempDir -->
        <test-method status="PASS" signature="compilingCode_throwsVariableAlreadyDefinedException_whenDefiningAlreadyDefinedVariable()[pri:0, instance:de.letsbulidacompiler.compiler.CompilerTest@d2cc05a]" name="compilingCode_throwsVariableAlreadyDefinedException_whenDefiningAlreadyDefinedVariable" duration-ms="2" started-at="2017-10-17T17:39:08Z" finished-at="2017-10-17T17:39:08Z">
          <exception class="de.letsbulidacompiler.compiler.exceptions.VariableAlreadyDefinedException">
            <message>
              <![CDATA[2:4 variable already defined: <x>]]>
            </message>
            <full-stacktrace>
              <![CDATA[de.letsbulidacompiler.compiler.exceptions.VariableAlreadyDefinedException: 2:4 variable already defined: <x>
	at de.letsbuildacompiler.compiler.MyVisitor.visitVarDeclaration(MyVisitor.java:287)
	at de.letsbuildacompiler.compiler.MyVisitor.visitVarDeclaration(MyVisitor.java:1)
	at de.letsbuildacompiler.parser.DemoParser$VarDeclarationContext.accept(DemoParser.java:785)
	at org.antlr.v4.runtime.tree.AbstractParseTreeVisitor.visitChildren(AbstractParseTreeVisitor.java:46)
	at de.letsbuildacompiler.parser.DemoBaseVisitor.visitStatement(DemoBaseVisitor.java:41)
	at de.letsbuildacompiler.parser.DemoParser$StatementContext.accept(DemoParser.java:238)
	at org.antlr.v4.runtime.tree.AbstractParseTreeVisitor.visitChildren(AbstractParseTreeVisitor.java:46)
	at de.letsbuildacompiler.parser.DemoBaseVisitor.visitMainStatement(DemoBaseVisitor.java:27)
	at de.letsbuildacompiler.parser.DemoParser$MainStatementContext.accept(DemoParser.java:164)
	at org.antlr.v4.runtime.tree.AbstractParseTreeVisitor.visit(AbstractParseTreeVisitor.java:18)
	at de.letsbuildacompiler.compiler.MyVisitor.visitProgram(MyVisitor.java:339)
	at de.letsbuildacompiler.compiler.MyVisitor.visitProgram(MyVisitor.java:1)
	at de.letsbuildacompiler.parser.DemoParser$ProgramContext.accept(DemoParser.java:107)
	at org.antlr.v4.runtime.tree.AbstractParseTreeVisitor.visit(AbstractParseTreeVisitor.java:18)
	at de.letsbuildacompiler.compiler.Main.compile(Main.java:35)
	at de.letsbulidacompiler.compiler.CompilerTest.compileAndRun(CompilerTest.java:238)
	at de.letsbulidacompiler.compiler.CompilerTest.compilingCode_throwsVariableAlreadyDefinedException_whenDefiningAlreadyDefinedVariable(CompilerTest.java:85)
	at sun.reflect.NativeMethodAccessorImpl.invoke0(Native Method)
	at sun.reflect.NativeMethodAccessorImpl.invoke(NativeMethodAccessorImpl.java:62)
	at sun.reflect.DelegatingMethodAccessorImpl.invoke(DelegatingMethodAccessorImpl.java:43)
	at java.lang.reflect.Method.invoke(Method.java:498)
	at org.testng.internal.MethodInvocationHelper.invokeMethod(MethodInvocationHelper.java:108)
	at org.testng.internal.Invoker.invokeMethod(Invoker.java:669)
	at org.testng.internal.Invoker.invokeTestMethod(Invoker.java:877)
	at org.testng.internal.Invoker.invokeTestMethods(Invoker.java:1201)
	at org.testng.internal.TestMethodWorker.invokeTestMethods(TestMethodWorker.java:125)
	at org.testng.internal.TestMethodWorker.run(TestMethodWorker.java:109)
	at org.testng.TestRunner.privateRun(TestRunner.java:776)
	at org.testng.TestRunner.run(TestRunner.java:634)
	at org.testng.SuiteRunner.runTest(SuiteRunner.java:425)
	at org.testng.SuiteRunner.runSequentially(SuiteRunner.java:420)
	at org.testng.SuiteRunner.privateRun(SuiteRunner.java:385)
	at org.testng.SuiteRunner.run(SuiteRunner.java:334)
	at org.testng.SuiteRunnerWorker.runSuite(SuiteRunnerWorker.java:52)
	at org.testng.SuiteRunnerWorker.run(SuiteRunnerWorker.java:86)
	at org.testng.TestNG.runSuitesSequentially(TestNG.java:1318)
	at org.testng.TestNG.runSuitesLocally(TestNG.java:1243)
	at org.testng.TestNG.runSuites(TestNG.java:1161)
	at org.testng.TestNG.run(TestNG.java:1129)
	at org.testng.remote.AbstractRemoteTestNG.run(AbstractRemoteTestNG.java:114)
	at org.testng.remote.RemoteTestNG.initAndRun(RemoteTestNG.java:251)
	at org.testng.remote.RemoteTestNG.main(RemoteTestNG.java:77)
]]>
            </full-stacktrace>
          </exception> <!-- de.letsbulidacompiler.compiler.exceptions.VariableAlreadyDefinedException -->
          <reporter-output>
          </reporter-output>
        </test-method> <!-- compilingCode_throwsVariableAlreadyDefinedException_whenDefiningAlreadyDefinedVariable -->
        <test-method status="PASS" signature="deleteTempDir()[pri:0, instance:de.letsbulidacompiler.compiler.CompilerTest@d2cc05a]" name="deleteTempDir" is-config="true" duration-ms="0" started-at="2017-10-17T17:39:08Z" finished-at="2017-10-17T17:39:08Z">
          <reporter-output>
          </reporter-output>
        </test-method> <!-- deleteTempDir -->
        <test-method status="PASS" signature="creatTempDir()[pri:0, instance:de.letsbulidacompiler.compiler.CompilerTest@d2cc05a]" name="creatTempDir" is-config="true" duration-ms="1" started-at="2017-10-17T17:39:08Z" finished-at="2017-10-17T17:39:08Z">
          <reporter-output>
          </reporter-output>
        </test-method> <!-- creatTempDir -->
        <test-method status="PASS" signature="runningCode_outputExpectedText(java.lang.String, java.lang.String, java.lang.String)[pri:0, instance:de.letsbulidacompiler.compiler.CompilerTest@d2cc05a]" name="runningCode_outputExpectedText" duration-ms="146" started-at="2017-10-17T17:39:08Z" data-provider="provide_code_expectedText" finished-at="2017-10-17T17:39:09Z">
          <params>
            <param index="0">
              <value>
                <![CDATA[plus]]>
              </value>
            </param>
            <param index="1">
              <value>
                <![CDATA[println(1+2);]]>
              </value>
            </param>
            <param index="2">
              <value>
                <![CDATA[3
]]>
              </value>
            </param>
          </params>
          <reporter-output>
          </reporter-output>
        </test-method> <!-- runningCode_outputExpectedText -->
        <test-method status="PASS" signature="deleteTempDir()[pri:0, instance:de.letsbulidacompiler.compiler.CompilerTest@d2cc05a]" name="deleteTempDir" is-config="true" duration-ms="0" started-at="2017-10-17T17:39:09Z" finished-at="2017-10-17T17:39:09Z">
          <reporter-output>
          </reporter-output>
        </test-method> <!-- deleteTempDir -->
        <test-method status="PASS" signature="creatTempDir()[pri:0, instance:de.letsbulidacompiler.compiler.CompilerTest@d2cc05a]" name="creatTempDir" is-config="true" duration-ms="0" started-at="2017-10-17T17:39:09Z" finished-at="2017-10-17T17:39:09Z">
          <reporter-output>
          </reporter-output>
        </test-method> <!-- creatTempDir -->
        <test-method status="PASS" signature="runningCode_outputExpectedText(java.lang.String, java.lang.String, java.lang.String)[pri:0, instance:de.letsbulidacompiler.compiler.CompilerTest@d2cc05a]" name="runningCode_outputExpectedText" duration-ms="99" started-at="2017-10-17T17:39:09Z" data-provider="provide_code_expectedText" finished-at="2017-10-17T17:39:09Z">
          <params>
            <param index="0">
              <value>
                <![CDATA[chained plus]]>
              </value>
            </param>
            <param index="1">
              <value>
                <![CDATA[println(1+2+42);]]>
              </value>
            </param>
            <param index="2">
              <value>
                <![CDATA[45
]]>
              </value>
            </param>
          </params>
          <reporter-output>
          </reporter-output>
        </test-method> <!-- runningCode_outputExpectedText -->
        <test-method status="PASS" signature="deleteTempDir()[pri:0, instance:de.letsbulidacompiler.compiler.CompilerTest@d2cc05a]" name="deleteTempDir" is-config="true" duration-ms="1" started-at="2017-10-17T17:39:09Z" finished-at="2017-10-17T17:39:09Z">
          <reporter-output>
          </reporter-output>
        </test-method> <!-- deleteTempDir -->
        <test-method status="PASS" signature="runningCode_outputExpectedText(java.lang.String, java.lang.String, java.lang.String)[pri:0, instance:de.letsbulidacompiler.compiler.CompilerTest@d2cc05a]" name="runningCode_outputExpectedText" duration-ms="70" started-at="2017-10-17T17:39:09Z" data-provider="provide_code_expectedText" finished-at="2017-10-17T17:39:09Z">
          <params>
            <param index="0">
              <value>
                <![CDATA[multiple statements]]>
              </value>
            </param>
            <param index="1">
              <value>
                <![CDATA[println(1); println(2);]]>
              </value>
            </param>
            <param index="2">
              <value>
                <![CDATA[1
2
]]>
              </value>
            </param>
          </params>
          <reporter-output>
          </reporter-output>
        </test-method> <!-- runningCode_outputExpectedText -->
        <test-method status="PASS" signature="creatTempDir()[pri:0, instance:de.letsbulidacompiler.compiler.CompilerTest@d2cc05a]" name="creatTempDir" is-config="true" duration-ms="0" started-at="2017-10-17T17:39:09Z" finished-at="2017-10-17T17:39:09Z">
          <reporter-output>
          </reporter-output>
        </test-method> <!-- creatTempDir -->
        <test-method status="PASS" signature="deleteTempDir()[pri:0, instance:de.letsbulidacompiler.compiler.CompilerTest@d2cc05a]" name="deleteTempDir" is-config="true" duration-ms="1" started-at="2017-10-17T17:39:09Z" finished-at="2017-10-17T17:39:09Z">
          <reporter-output>
          </reporter-output>
        </test-method> <!-- deleteTempDir -->
        <test-method status="PASS" signature="creatTempDir()[pri:0, instance:de.letsbulidacompiler.compiler.CompilerTest@d2cc05a]" name="creatTempDir" is-config="true" duration-ms="0" started-at="2017-10-17T17:39:09Z" finished-at="2017-10-17T17:39:09Z">
          <reporter-output>
          </reporter-output>
        </test-method> <!-- creatTempDir -->
        <test-method status="PASS" signature="runningCode_outputExpectedText(java.lang.String, java.lang.String, java.lang.String)[pri:0, instance:de.letsbulidacompiler.compiler.CompilerTest@d2cc05a]" name="runningCode_outputExpectedText" duration-ms="74" started-at="2017-10-17T17:39:09Z" data-provider="provide_code_expectedText" finished-at="2017-10-17T17:39:09Z">
          <params>
            <param index="0">
              <value>
                <![CDATA[minus]]>
              </value>
            </param>
            <param index="1">
              <value>
                <![CDATA[println(3-2);]]>
              </value>
            </param>
            <param index="2">
              <value>
                <![CDATA[1
]]>
              </value>
            </param>
          </params>
          <reporter-output>
          </reporter-output>
        </test-method> <!-- runningCode_outputExpectedText -->
        <test-method status="PASS" signature="deleteTempDir()[pri:0, instance:de.letsbulidacompiler.compiler.CompilerTest@d2cc05a]" name="deleteTempDir" is-config="true" duration-ms="1" started-at="2017-10-17T17:39:09Z" finished-at="2017-10-17T17:39:09Z">
          <reporter-output>
          </reporter-output>
        </test-method> <!-- deleteTempDir -->
        <test-method status="PASS" signature="creatTempDir()[pri:0, instance:de.letsbulidacompiler.compiler.CompilerTest@d2cc05a]" name="creatTempDir" is-config="true" duration-ms="1" started-at="2017-10-17T17:39:09Z" finished-at="2017-10-17T17:39:09Z">
          <reporter-output>
          </reporter-output>
        </test-method> <!-- creatTempDir -->
        <test-method status="PASS" signature="runningCode_outputExpectedText(java.lang.String, java.lang.String, java.lang.String)[pri:0, instance:de.letsbulidacompiler.compiler.CompilerTest@d2cc05a]" name="runningCode_outputExpectedText" duration-ms="89" started-at="2017-10-17T17:39:09Z" data-provider="provide_code_expectedText" finished-at="2017-10-17T17:39:09Z">
          <params>
            <param index="0">
              <value>
                <![CDATA[times]]>
              </value>
            </param>
            <param index="1">
              <value>
                <![CDATA[println(2*3);]]>
              </value>
            </param>
            <param index="2">
              <value>
                <![CDATA[6
]]>
              </value>
            </param>
          </params>
          <reporter-output>
          </reporter-output>
        </test-method> <!-- runningCode_outputExpectedText -->
        <test-method status="PASS" signature="deleteTempDir()[pri:0, instance:de.letsbulidacompiler.compiler.CompilerTest@d2cc05a]" name="deleteTempDir" is-config="true" duration-ms="1" started-at="2017-10-17T17:39:09Z" finished-at="2017-10-17T17:39:09Z">
          <reporter-output>
          </reporter-output>
        </test-method> <!-- deleteTempDir -->
        <test-method status="PASS" signature="creatTempDir()[pri:0, instance:de.letsbulidacompiler.compiler.CompilerTest@d2cc05a]" name="creatTempDir" is-config="true" duration-ms="2" started-at="2017-10-17T17:39:09Z" finished-at="2017-10-17T17:39:09Z">
          <reporter-output>
          </reporter-output>
        </test-method> <!-- creatTempDir -->
        <test-method status="PASS" signature="runningCode_outputExpectedText(java.lang.String, java.lang.String, java.lang.String)[pri:0, instance:de.letsbulidacompiler.compiler.CompilerTest@d2cc05a]" name="runningCode_outputExpectedText" duration-ms="72" started-at="2017-10-17T17:39:09Z" data-provider="provide_code_expectedText" finished-at="2017-10-17T17:39:09Z">
          <params>
            <param index="0">
              <value>
                <![CDATA[divide]]>
              </value>
            </param>
            <param index="1">
              <value>
                <![CDATA[println(6/2);]]>
              </value>
            </param>
            <param index="2">
              <value>
                <![CDATA[3
]]>
              </value>
            </param>
          </params>
          <reporter-output>
          </reporter-output>
        </test-method> <!-- runningCode_outputExpectedText -->
        <test-method status="PASS" signature="deleteTempDir()[pri:0, instance:de.letsbulidacompiler.compiler.CompilerTest@d2cc05a]" name="deleteTempDir" is-config="true" duration-ms="0" started-at="2017-10-17T17:39:09Z" finished-at="2017-10-17T17:39:09Z">
          <reporter-output>
          </reporter-output>
        </test-method> <!-- deleteTempDir -->
        <test-method status="PASS" signature="creatTempDir()[pri:0, instance:de.letsbulidacompiler.compiler.CompilerTest@d2cc05a]" name="creatTempDir" is-config="true" duration-ms="0" started-at="2017-10-17T17:39:09Z" finished-at="2017-10-17T17:39:09Z">
          <reporter-output>
          </reporter-output>
        </test-method> <!-- creatTempDir -->
        <test-method status="PASS" signature="runningCode_outputExpectedText(java.lang.String, java.lang.String, java.lang.String)[pri:0, instance:de.letsbulidacompiler.compiler.CompilerTest@d2cc05a]" name="runningCode_outputExpectedText" duration-ms="104" started-at="2017-10-17T17:39:09Z" data-provider="provide_code_expectedText" finished-at="2017-10-17T17:39:09Z">
          <params>
            <param index="0">
              <value>
                <![CDATA[divide and truncate]]>
              </value>
            </param>
            <param index="1">
              <value>
                <![CDATA[println(7/2);]]>
              </value>
            </param>
            <param index="2">
              <value>
                <![CDATA[3
]]>
              </value>
            </param>
          </params>
          <reporter-output>
          </reporter-output>
        </test-method> <!-- runningCode_outputExpectedText -->
        <test-method status="PASS" signature="deleteTempDir()[pri:0, instance:de.letsbulidacompiler.compiler.CompilerTest@d2cc05a]" name="deleteTempDir" is-config="true" duration-ms="1" started-at="2017-10-17T17:39:09Z" finished-at="2017-10-17T17:39:09Z">
          <reporter-output>
          </reporter-output>
        </test-method> <!-- deleteTempDir -->
        <test-method status="PASS" signature="creatTempDir()[pri:0, instance:de.letsbulidacompiler.compiler.CompilerTest@d2cc05a]" name="creatTempDir" is-config="true" duration-ms="1" started-at="2017-10-17T17:39:09Z" finished-at="2017-10-17T17:39:09Z">
          <reporter-output>
          </reporter-output>
        </test-method> <!-- creatTempDir -->
        <test-method status="PASS" signature="runningCode_outputExpectedText(java.lang.String, java.lang.String, java.lang.String)[pri:0, instance:de.letsbulidacompiler.compiler.CompilerTest@d2cc05a]" name="runningCode_outputExpectedText" duration-ms="92" started-at="2017-10-17T17:39:09Z" data-provider="provide_code_expectedText" finished-at="2017-10-17T17:39:09Z">
          <params>
            <param index="0">
              <value>
                <![CDATA[precedence times and divide]]>
              </value>
            </param>
            <param index="1">
              <value>
                <![CDATA[println(8/2*4);]]>
              </value>
            </param>
            <param index="2">
              <value>
                <![CDATA[16
]]>
              </value>
            </param>
          </params>
          <reporter-output>
          </reporter-output>
        </test-method> <!-- runningCode_outputExpectedText -->
        <test-method status="PASS" signature="deleteTempDir()[pri:0, instance:de.letsbulidacompiler.compiler.CompilerTest@d2cc05a]" name="deleteTempDir" is-config="true" duration-ms="2" started-at="2017-10-17T17:39:09Z" finished-at="2017-10-17T17:39:09Z">
          <reporter-output>
          </reporter-output>
        </test-method> <!-- deleteTempDir -->
        <test-method status="PASS" signature="creatTempDir()[pri:0, instance:de.letsbulidacompiler.compiler.CompilerTest@d2cc05a]" name="creatTempDir" is-config="true" duration-ms="1" started-at="2017-10-17T17:39:09Z" finished-at="2017-10-17T17:39:09Z">
          <reporter-output>
          </reporter-output>
        </test-method> <!-- creatTempDir -->
        <test-method status="PASS" signature="runningCode_outputExpectedText(java.lang.String, java.lang.String, java.lang.String)[pri:0, instance:de.letsbulidacompiler.compiler.CompilerTest@d2cc05a]" name="runningCode_outputExpectedText" duration-ms="89" started-at="2017-10-17T17:39:09Z" data-provider="provide_code_expectedText" finished-at="2017-10-17T17:39:09Z">
          <params>
            <param index="0">
              <value>
                <![CDATA[precedence plus and times]]>
              </value>
            </param>
            <param index="1">
              <value>
                <![CDATA[println(2+3*3);]]>
              </value>
            </param>
            <param index="2">
              <value>
                <![CDATA[11
]]>
              </value>
            </param>
          </params>
          <reporter-output>
          </reporter-output>
        </test-method> <!-- runningCode_outputExpectedText -->
        <test-method status="PASS" signature="deleteTempDir()[pri:0, instance:de.letsbulidacompiler.compiler.CompilerTest@d2cc05a]" name="deleteTempDir" is-config="true" duration-ms="1" started-at="2017-10-17T17:39:09Z" finished-at="2017-10-17T17:39:09Z">
          <reporter-output>
          </reporter-output>
        </test-method> <!-- deleteTempDir -->
        <test-method status="PASS" signature="creatTempDir()[pri:0, instance:de.letsbulidacompiler.compiler.CompilerTest@d2cc05a]" name="creatTempDir" is-config="true" duration-ms="0" started-at="2017-10-17T17:39:09Z" finished-at="2017-10-17T17:39:09Z">
          <reporter-output>
          </reporter-output>
        </test-method> <!-- creatTempDir -->
        <test-method status="PASS" signature="runningCode_outputExpectedText(java.lang.String, java.lang.String, java.lang.String)[pri:0, instance:de.letsbulidacompiler.compiler.CompilerTest@d2cc05a]" name="runningCode_outputExpectedText" duration-ms="67" started-at="2017-10-17T17:39:09Z" data-provider="provide_code_expectedText" finished-at="2017-10-17T17:39:09Z">
          <params>
            <param index="0">
              <value>
                <![CDATA[precedence minus and times]]>
              </value>
            </param>
            <param index="1">
              <value>
                <![CDATA[println(9-2*3);]]>
              </value>
            </param>
            <param index="2">
              <value>
                <![CDATA[3
]]>
              </value>
            </param>
          </params>
          <reporter-output>
          </reporter-output>
        </test-method> <!-- runningCode_outputExpectedText -->
        <test-method status="PASS" signature="deleteTempDir()[pri:0, instance:de.letsbulidacompiler.compiler.CompilerTest@d2cc05a]" name="deleteTempDir" is-config="true" duration-ms="1" started-at="2017-10-17T17:39:09Z" finished-at="2017-10-17T17:39:09Z">
          <reporter-output>
          </reporter-output>
        </test-method> <!-- deleteTempDir -->
        <test-method status="PASS" signature="creatTempDir()[pri:0, instance:de.letsbulidacompiler.compiler.CompilerTest@d2cc05a]" name="creatTempDir" is-config="true" duration-ms="1" started-at="2017-10-17T17:39:09Z" finished-at="2017-10-17T17:39:09Z">
          <reporter-output>
          </reporter-output>
        </test-method> <!-- creatTempDir -->
        <test-method status="PASS" signature="runningCode_outputExpectedText(java.lang.String, java.lang.String, java.lang.String)[pri:0, instance:de.letsbulidacompiler.compiler.CompilerTest@d2cc05a]" name="runningCode_outputExpectedText" duration-ms="65" started-at="2017-10-17T17:39:09Z" data-provider="provide_code_expectedText" finished-at="2017-10-17T17:39:09Z">
          <params>
            <param index="0">
              <value>
                <![CDATA[precedence minus and plus]]>
              </value>
            </param>
            <param index="1">
              <value>
                <![CDATA[println(8-2+5);]]>
              </value>
            </param>
            <param index="2">
              <value>
                <![CDATA[11
]]>
              </value>
            </param>
          </params>
          <reporter-output>
          </reporter-output>
        </test-method> <!-- runningCode_outputExpectedText -->
        <test-method status="PASS" signature="deleteTempDir()[pri:0, instance:de.letsbulidacompiler.compiler.CompilerTest@d2cc05a]" name="deleteTempDir" is-config="true" duration-ms="1" started-at="2017-10-17T17:39:09Z" finished-at="2017-10-17T17:39:09Z">
          <reporter-output>
          </reporter-output>
        </test-method> <!-- deleteTempDir -->
        <test-method status="PASS" signature="runningCode_outputExpectedText(java.lang.String, java.lang.String, java.lang.String)[pri:0, instance:de.letsbulidacompiler.compiler.CompilerTest@d2cc05a]" name="runningCode_outputExpectedText" duration-ms="68" started-at="2017-10-17T17:39:09Z" data-provider="provide_code_expectedText" finished-at="2017-10-17T17:39:10Z">
          <params>
            <param index="0">
              <value>
                <![CDATA[int variable]]>
              </value>
            </param>
            <param index="1">
              <value>
                <![CDATA[int foo; foo = 42; println(foo);]]>
              </value>
            </param>
            <param index="2">
              <value>
                <![CDATA[42
]]>
              </value>
            </param>
          </params>
          <reporter-output>
          </reporter-output>
        </test-method> <!-- runningCode_outputExpectedText -->
        <test-method status="PASS" signature="creatTempDir()[pri:0, instance:de.letsbulidacompiler.compiler.CompilerTest@d2cc05a]" name="creatTempDir" is-config="true" duration-ms="0" started-at="2017-10-17T17:39:09Z" finished-at="2017-10-17T17:39:09Z">
          <reporter-output>
          </reporter-output>
        </test-method> <!-- creatTempDir -->
        <test-method status="PASS" signature="deleteTempDir()[pri:0, instance:de.letsbulidacompiler.compiler.CompilerTest@d2cc05a]" name="deleteTempDir" is-config="true" duration-ms="1" started-at="2017-10-17T17:39:10Z" finished-at="2017-10-17T17:39:10Z">
          <reporter-output>
          </reporter-output>
        </test-method> <!-- deleteTempDir -->
        <test-method status="PASS" signature="runningCode_outputExpectedText(java.lang.String, java.lang.String, java.lang.String)[pri:0, instance:de.letsbulidacompiler.compiler.CompilerTest@d2cc05a]" name="runningCode_outputExpectedText" duration-ms="68" started-at="2017-10-17T17:39:10Z" data-provider="provide_code_expectedText" finished-at="2017-10-17T17:39:10Z">
          <params>
            <param index="0">
              <value>
                <![CDATA[add var and constant parameter]]>
              </value>
            </param>
            <param index="1">
              <value>
                <![CDATA[int foo; foo = 42; println(foo+2);]]>
              </value>
            </param>
            <param index="2">
              <value>
                <![CDATA[44
]]>
              </value>
            </param>
          </params>
          <reporter-output>
          </reporter-output>
        </test-method> <!-- runningCode_outputExpectedText -->
        <test-method status="PASS" signature="creatTempDir()[pri:0, instance:de.letsbulidacompiler.compiler.CompilerTest@d2cc05a]" name="creatTempDir" is-config="true" duration-ms="0" started-at="2017-10-17T17:39:10Z" finished-at="2017-10-17T17:39:10Z">
          <reporter-output>
          </reporter-output>
        </test-method> <!-- creatTempDir -->
        <test-method status="PASS" signature="deleteTempDir()[pri:0, instance:de.letsbulidacompiler.compiler.CompilerTest@d2cc05a]" name="deleteTempDir" is-config="true" duration-ms="0" started-at="2017-10-17T17:39:10Z" finished-at="2017-10-17T17:39:10Z">
          <reporter-output>
          </reporter-output>
        </test-method> <!-- deleteTempDir -->
        <test-method status="PASS" signature="creatTempDir()[pri:0, instance:de.letsbulidacompiler.compiler.CompilerTest@d2cc05a]" name="creatTempDir" is-config="true" duration-ms="3" started-at="2017-10-17T17:39:10Z" finished-at="2017-10-17T17:39:10Z">
          <reporter-output>
          </reporter-output>
        </test-method> <!-- creatTempDir -->
        <test-method status="PASS" signature="runningCode_outputExpectedText(java.lang.String, java.lang.String, java.lang.String)[pri:0, instance:de.letsbulidacompiler.compiler.CompilerTest@d2cc05a]" name="runningCode_outputExpectedText" duration-ms="62" started-at="2017-10-17T17:39:10Z" data-provider="provide_code_expectedText" finished-at="2017-10-17T17:39:10Z">
          <params>
            <param index="0">
              <value>
                <![CDATA[add two vars parameter]]>
              </value>
            </param>
            <param index="1">
              <value>
                <![CDATA[int a; int b; a = 2; b = 5; println(a+b);]]>
              </value>
            </param>
            <param index="2">
              <value>
                <![CDATA[7
]]>
              </value>
            </param>
          </params>
          <reporter-output>
          </reporter-output>
        </test-method> <!-- runningCode_outputExpectedText -->
        <test-method status="PASS" signature="deleteTempDir()[pri:0, instance:de.letsbulidacompiler.compiler.CompilerTest@d2cc05a]" name="deleteTempDir" is-config="true" duration-ms="1" started-at="2017-10-17T17:39:10Z" finished-at="2017-10-17T17:39:10Z">
          <reporter-output>
          </reporter-output>
        </test-method> <!-- deleteTempDir -->
        <test-method status="PASS" signature="runningCode_outputExpectedText(java.lang.String, java.lang.String, java.lang.String)[pri:0, instance:de.letsbulidacompiler.compiler.CompilerTest@d2cc05a]" name="runningCode_outputExpectedText" duration-ms="64" started-at="2017-10-17T17:39:10Z" data-provider="provide_code_expectedText" finished-at="2017-10-17T17:39:10Z">
          <params>
            <param index="0">
              <value>
                <![CDATA[return only function]]>
              </value>
            </param>
            <param index="1">
              <value>
                <![CDATA[int randomNumber() { return 4; } println(randomNumber());]]>
              </value>
            </param>
            <param index="2">
              <value>
                <![CDATA[4
]]>
              </value>
            </param>
          </params>
          <reporter-output>
          </reporter-output>
        </test-method> <!-- runningCode_outputExpectedText -->
        <test-method status="PASS" signature="creatTempDir()[pri:0, instance:de.letsbulidacompiler.compiler.CompilerTest@d2cc05a]" name="creatTempDir" is-config="true" duration-ms="0" started-at="2017-10-17T17:39:10Z" finished-at="2017-10-17T17:39:10Z">
          <reporter-output>
          </reporter-output>
        </test-method> <!-- creatTempDir -->
        <test-method status="PASS" signature="deleteTempDir()[pri:0, instance:de.letsbulidacompiler.compiler.CompilerTest@d2cc05a]" name="deleteTempDir" is-config="true" duration-ms="1" started-at="2017-10-17T17:39:10Z" finished-at="2017-10-17T17:39:10Z">
          <reporter-output>
          </reporter-output>
        </test-method> <!-- deleteTempDir -->
        <test-method status="PASS" signature="creatTempDir()[pri:0, instance:de.letsbulidacompiler.compiler.CompilerTest@d2cc05a]" name="creatTempDir" is-config="true" duration-ms="1" started-at="2017-10-17T17:39:10Z" finished-at="2017-10-17T17:39:10Z">
          <reporter-output>
          </reporter-output>
        </test-method> <!-- creatTempDir -->
        <test-method status="PASS" signature="runningCode_outputExpectedText(java.lang.String, java.lang.String, java.lang.String)[pri:0, instance:de.letsbulidacompiler.compiler.CompilerTest@d2cc05a]" name="runningCode_outputExpectedText" duration-ms="57" started-at="2017-10-17T17:39:10Z" data-provider="provide_code_expectedText" finished-at="2017-10-17T17:39:10Z">
          <params>
            <param index="0">
              <value>
                <![CDATA[function/simple_function]]>
              </value>
            </param>
            <param index="1">
              <value>
                <![CDATA[int randomNumber() {
  int i;
  i = 4;
  return i;
}
println(randomNumber());]]>
              </value>
            </param>
            <param index="2">
              <value>
                <![CDATA[4
]]>
              </value>
            </param>
          </params>
          <reporter-output>
          </reporter-output>
        </test-method> <!-- runningCode_outputExpectedText -->
        <test-method status="PASS" signature="deleteTempDir()[pri:0, instance:de.letsbulidacompiler.compiler.CompilerTest@d2cc05a]" name="deleteTempDir" is-config="true" duration-ms="3" started-at="2017-10-17T17:39:10Z" finished-at="2017-10-17T17:39:10Z">
          <reporter-output>
          </reporter-output>
        </test-method> <!-- deleteTempDir -->
        <test-method status="PASS" signature="runningCode_outputExpectedText(java.lang.String, java.lang.String, java.lang.String)[pri:0, instance:de.letsbulidacompiler.compiler.CompilerTest@d2cc05a]" name="runningCode_outputExpectedText" duration-ms="58" started-at="2017-10-17T17:39:10Z" data-provider="provide_code_expectedText" finished-at="2017-10-17T17:39:10Z">
          <params>
            <param index="0">
              <value>
                <![CDATA[function/scopes]]>
              </value>
            </param>
            <param index="1">
              <value>
                <![CDATA[int randomNumber() {
  int i;
  i = 4;
  return i;
}
int i;
i = 42;
println(randomNumber());
println(i);]]>
              </value>
            </param>
            <param index="2">
              <value>
                <![CDATA[4
42
]]>
              </value>
            </param>
          </params>
          <reporter-output>
          </reporter-output>
        </test-method> <!-- runningCode_outputExpectedText -->
        <test-method status="PASS" signature="creatTempDir()[pri:0, instance:de.letsbulidacompiler.compiler.CompilerTest@d2cc05a]" name="creatTempDir" is-config="true" duration-ms="0" started-at="2017-10-17T17:39:10Z" finished-at="2017-10-17T17:39:10Z">
          <reporter-output>
          </reporter-output>
        </test-method> <!-- creatTempDir -->
        <test-method status="PASS" signature="deleteTempDir()[pri:0, instance:de.letsbulidacompiler.compiler.CompilerTest@d2cc05a]" name="deleteTempDir" is-config="true" duration-ms="1" started-at="2017-10-17T17:39:10Z" finished-at="2017-10-17T17:39:10Z">
          <reporter-output>
          </reporter-output>
        </test-method> <!-- deleteTempDir -->
        <test-method status="PASS" signature="creatTempDir()[pri:0, instance:de.letsbulidacompiler.compiler.CompilerTest@d2cc05a]" name="creatTempDir" is-config="true" duration-ms="1" started-at="2017-10-17T17:39:10Z" finished-at="2017-10-17T17:39:10Z">
          <reporter-output>
          </reporter-output>
        </test-method> <!-- creatTempDir -->
        <test-method status="PASS" signature="runningCode_outputExpectedText(java.lang.String, java.lang.String, java.lang.String)[pri:0, instance:de.letsbulidacompiler.compiler.CompilerTest@d2cc05a]" name="runningCode_outputExpectedText" duration-ms="56" started-at="2017-10-17T17:39:10Z" data-provider="provide_code_expectedText" finished-at="2017-10-17T17:39:10Z">
          <params>
            <param index="0">
              <value>
                <![CDATA[function/int_parameters]]>
              </value>
            </param>
            <param index="1">
              <value>
                <![CDATA[int add(int a, int b) {
  return a+b;
}
println(add(5,8));]]>
              </value>
            </param>
            <param index="2">
              <value>
                <![CDATA[13
]]>
              </value>
            </param>
          </params>
          <reporter-output>
          </reporter-output>
        </test-method> <!-- runningCode_outputExpectedText -->
        <test-method status="PASS" signature="deleteTempDir()[pri:0, instance:de.letsbulidacompiler.compiler.CompilerTest@d2cc05a]" name="deleteTempDir" is-config="true" duration-ms="0" started-at="2017-10-17T17:39:10Z" finished-at="2017-10-17T17:39:10Z">
          <reporter-output>
          </reporter-output>
        </test-method> <!-- deleteTempDir -->
        <test-method status="PASS" signature="creatTempDir()[pri:0, instance:de.letsbulidacompiler.compiler.CompilerTest@d2cc05a]" name="creatTempDir" is-config="true" duration-ms="0" started-at="2017-10-17T17:39:10Z" finished-at="2017-10-17T17:39:10Z">
          <reporter-output>
          </reporter-output>
        </test-method> <!-- creatTempDir -->
        <test-method status="PASS" signature="runningCode_outputExpectedText(java.lang.String, java.lang.String, java.lang.String)[pri:0, instance:de.letsbulidacompiler.compiler.CompilerTest@d2cc05a]" name="runningCode_outputExpectedText" duration-ms="62" started-at="2017-10-17T17:39:10Z" data-provider="provide_code_expectedText" finished-at="2017-10-17T17:39:10Z">
          <params>
            <param index="0">
              <value>
                <![CDATA[function/overloading]]>
              </value>
            </param>
            <param index="1">
              <value>
                <![CDATA[int x() { return 0; }
int x(int a) { return a; }
println(x());
println(x(42));]]>
              </value>
            </param>
            <param index="2">
              <value>
                <![CDATA[0
42
]]>
              </value>
            </param>
          </params>
          <reporter-output>
          </reporter-output>
        </test-method> <!-- runningCode_outputExpectedText -->
        <test-method status="PASS" signature="deleteTempDir()[pri:0, instance:de.letsbulidacompiler.compiler.CompilerTest@d2cc05a]" name="deleteTempDir" is-config="true" duration-ms="0" started-at="2017-10-17T17:39:10Z" finished-at="2017-10-17T17:39:10Z">
          <reporter-output>
          </reporter-output>
        </test-method> <!-- deleteTempDir -->
        <test-method status="PASS" signature="creatTempDir()[pri:0, instance:de.letsbulidacompiler.compiler.CompilerTest@d2cc05a]" name="creatTempDir" is-config="true" duration-ms="0" started-at="2017-10-17T17:39:10Z" finished-at="2017-10-17T17:39:10Z">
          <reporter-output>
          </reporter-output>
        </test-method> <!-- creatTempDir -->
        <test-method status="PASS" signature="runningCode_outputExpectedText(java.lang.String, java.lang.String, java.lang.String)[pri:0, instance:de.letsbulidacompiler.compiler.CompilerTest@d2cc05a]" name="runningCode_outputExpectedText" duration-ms="59" started-at="2017-10-17T17:39:10Z" data-provider="provide_code_expectedText" finished-at="2017-10-17T17:39:10Z">
          <params>
            <param index="0">
              <value>
                <![CDATA[branch/if_int_false]]>
              </value>
            </param>
            <param index="1">
              <value>
                <![CDATA[if (0) {
  println(81);
} else {
  println(42);
}]]>
              </value>
            </param>
            <param index="2">
              <value>
                <![CDATA[42
]]>
              </value>
            </param>
          </params>
          <reporter-output>
          </reporter-output>
        </test-method> <!-- runningCode_outputExpectedText -->
        <test-method status="PASS" signature="creatTempDir()[pri:0, instance:de.letsbulidacompiler.compiler.CompilerTest@d2cc05a]" name="creatTempDir" is-config="true" duration-ms="0" started-at="2017-10-17T17:39:10Z" finished-at="2017-10-17T17:39:10Z">
          <reporter-output>
          </reporter-output>
        </test-method> <!-- creatTempDir -->
        <test-method status="PASS" signature="deleteTempDir()[pri:0, instance:de.letsbulidacompiler.compiler.CompilerTest@d2cc05a]" name="deleteTempDir" is-config="true" duration-ms="0" started-at="2017-10-17T17:39:10Z" finished-at="2017-10-17T17:39:10Z">
          <reporter-output>
          </reporter-output>
        </test-method> <!-- deleteTempDir -->
        <test-method status="PASS" signature="runningCode_outputExpectedText(java.lang.String, java.lang.String, java.lang.String)[pri:0, instance:de.letsbulidacompiler.compiler.CompilerTest@d2cc05a]" name="runningCode_outputExpectedText" duration-ms="59" started-at="2017-10-17T17:39:10Z" data-provider="provide_code_expectedText" finished-at="2017-10-17T17:39:10Z">
          <params>
            <param index="0">
              <value>
                <![CDATA[branch/if_int_true]]>
              </value>
            </param>
            <param index="1">
              <value>
                <![CDATA[if (1) {
  println(81);
} else {
  println(42);
}]]>
              </value>
            </param>
            <param index="2">
              <value>
                <![CDATA[81
]]>
              </value>
            </param>
          </params>
          <reporter-output>
          </reporter-output>
        </test-method> <!-- runningCode_outputExpectedText -->
        <test-method status="PASS" signature="deleteTempDir()[pri:0, instance:de.letsbulidacompiler.compiler.CompilerTest@d2cc05a]" name="deleteTempDir" is-config="true" duration-ms="1" started-at="2017-10-17T17:39:10Z" finished-at="2017-10-17T17:39:10Z">
          <reporter-output>
          </reporter-output>
        </test-method> <!-- deleteTempDir -->
        <test-method status="PASS" signature="runningCode_outputExpectedText(java.lang.String, java.lang.String, java.lang.String)[pri:0, instance:de.letsbulidacompiler.compiler.CompilerTest@d2cc05a]" name="runningCode_outputExpectedText" duration-ms="58" started-at="2017-10-17T17:39:10Z" data-provider="provide_code_expectedText" finished-at="2017-10-17T17:39:10Z">
          <params>
            <param index="0">
              <value>
                <![CDATA[lower than true]]>
              </value>
            </param>
            <param index="1">
              <value>
                <![CDATA[println(1 < 2);]]>
              </value>
            </param>
            <param index="2">
              <value>
                <![CDATA[1
]]>
              </value>
            </param>
          </params>
          <reporter-output>
          </reporter-output>
        </test-method> <!-- runningCode_outputExpectedText -->
        <test-method status="PASS" signature="creatTempDir()[pri:0, instance:de.letsbulidacompiler.compiler.CompilerTest@d2cc05a]" name="creatTempDir" is-config="true" duration-ms="0" started-at="2017-10-17T17:39:10Z" finished-at="2017-10-17T17:39:10Z">
          <reporter-output>
          </reporter-output>
        </test-method> <!-- creatTempDir -->
        <test-method status="PASS" signature="deleteTempDir()[pri:0, instance:de.letsbulidacompiler.compiler.CompilerTest@d2cc05a]" name="deleteTempDir" is-config="true" duration-ms="0" started-at="2017-10-17T17:39:10Z" finished-at="2017-10-17T17:39:10Z">
          <reporter-output>
          </reporter-output>
        </test-method> <!-- deleteTempDir -->
        <test-method status="PASS" signature="creatTempDir()[pri:0, instance:de.letsbulidacompiler.compiler.CompilerTest@d2cc05a]" name="creatTempDir" is-config="true" duration-ms="0" started-at="2017-10-17T17:39:10Z" finished-at="2017-10-17T17:39:10Z">
          <reporter-output>
          </reporter-output>
        </test-method> <!-- creatTempDir -->
        <test-method status="PASS" signature="runningCode_outputExpectedText(java.lang.String, java.lang.String, java.lang.String)[pri:0, instance:de.letsbulidacompiler.compiler.CompilerTest@d2cc05a]" name="runningCode_outputExpectedText" duration-ms="59" started-at="2017-10-17T17:39:10Z" data-provider="provide_code_expectedText" finished-at="2017-10-17T17:39:10Z">
          <params>
            <param index="0">
              <value>
                <![CDATA[lower than false]]>
              </value>
            </param>
            <param index="1">
              <value>
                <![CDATA[println(2 < 2);]]>
              </value>
            </param>
            <param index="2">
              <value>
                <![CDATA[0
]]>
              </value>
            </param>
          </params>
          <reporter-output>
          </reporter-output>
        </test-method> <!-- runningCode_outputExpectedText -->
        <test-method status="PASS" signature="creatTempDir()[pri:0, instance:de.letsbulidacompiler.compiler.CompilerTest@d2cc05a]" name="creatTempDir" is-config="true" duration-ms="1" started-at="2017-10-17T17:39:10Z" finished-at="2017-10-17T17:39:10Z">
          <reporter-output>
          </reporter-output>
        </test-method> <!-- creatTempDir -->
        <test-method status="PASS" signature="deleteTempDir()[pri:0, instance:de.letsbulidacompiler.compiler.CompilerTest@d2cc05a]" name="deleteTempDir" is-config="true" duration-ms="0" started-at="2017-10-17T17:39:10Z" finished-at="2017-10-17T17:39:10Z">
          <reporter-output>
          </reporter-output>
        </test-method> <!-- deleteTempDir -->
        <test-method status="PASS" signature="runningCode_outputExpectedText(java.lang.String, java.lang.String, java.lang.String)[pri:0, instance:de.letsbulidacompiler.compiler.CompilerTest@d2cc05a]" name="runningCode_outputExpectedText" duration-ms="57" started-at="2017-10-17T17:39:10Z" data-provider="provide_code_expectedText" finished-at="2017-10-17T17:39:10Z">
          <params>
            <param index="0">
              <value>
                <![CDATA[lower than or equal true]]>
              </value>
            </param>
            <param index="1">
              <value>
                <![CDATA[println(2 <= 2);]]>
              </value>
            </param>
            <param index="2">
              <value>
                <![CDATA[1
]]>
              </value>
            </param>
          </params>
          <reporter-output>
          </reporter-output>
        </test-method> <!-- runningCode_outputExpectedText -->
        <test-method status="PASS" signature="deleteTempDir()[pri:0, instance:de.letsbulidacompiler.compiler.CompilerTest@d2cc05a]" name="deleteTempDir" is-config="true" duration-ms="0" started-at="2017-10-17T17:39:10Z" finished-at="2017-10-17T17:39:10Z">
          <reporter-output>
          </reporter-output>
        </test-method> <!-- deleteTempDir -->
        <test-method status="PASS" signature="runningCode_outputExpectedText(java.lang.String, java.lang.String, java.lang.String)[pri:0, instance:de.letsbulidacompiler.compiler.CompilerTest@d2cc05a]" name="runningCode_outputExpectedText" duration-ms="54" started-at="2017-10-17T17:39:10Z" data-provider="provide_code_expectedText" finished-at="2017-10-17T17:39:10Z">
          <params>
            <param index="0">
              <value>
                <![CDATA[lower than or equal false]]>
              </value>
            </param>
            <param index="1">
              <value>
                <![CDATA[println(3 <= 2);]]>
              </value>
            </param>
            <param index="2">
              <value>
                <![CDATA[0
]]>
              </value>
            </param>
          </params>
          <reporter-output>
          </reporter-output>
        </test-method> <!-- runningCode_outputExpectedText -->
        <test-method status="PASS" signature="creatTempDir()[pri:0, instance:de.letsbulidacompiler.compiler.CompilerTest@d2cc05a]" name="creatTempDir" is-config="true" duration-ms="0" started-at="2017-10-17T17:39:10Z" finished-at="2017-10-17T17:39:10Z">
          <reporter-output>
          </reporter-output>
        </test-method> <!-- creatTempDir -->
        <test-method status="PASS" signature="creatTempDir()[pri:0, instance:de.letsbulidacompiler.compiler.CompilerTest@d2cc05a]" name="creatTempDir" is-config="true" duration-ms="1" started-at="2017-10-17T17:39:10Z" finished-at="2017-10-17T17:39:10Z">
          <reporter-output>
          </reporter-output>
        </test-method> <!-- creatTempDir -->
        <test-method status="PASS" signature="deleteTempDir()[pri:0, instance:de.letsbulidacompiler.compiler.CompilerTest@d2cc05a]" name="deleteTempDir" is-config="true" duration-ms="0" started-at="2017-10-17T17:39:10Z" finished-at="2017-10-17T17:39:10Z">
          <reporter-output>
          </reporter-output>
        </test-method> <!-- deleteTempDir -->
        <test-method status="PASS" signature="runningCode_outputExpectedText(java.lang.String, java.lang.String, java.lang.String)[pri:0, instance:de.letsbulidacompiler.compiler.CompilerTest@d2cc05a]" name="runningCode_outputExpectedText" duration-ms="56" started-at="2017-10-17T17:39:10Z" data-provider="provide_code_expectedText" finished-at="2017-10-17T17:39:10Z">
          <params>
            <param index="0">
              <value>
                <![CDATA[greater than true]]>
              </value>
            </param>
            <param index="1">
              <value>
                <![CDATA[println(3 > 2);]]>
              </value>
            </param>
            <param index="2">
              <value>
                <![CDATA[1
]]>
              </value>
            </param>
          </params>
          <reporter-output>
          </reporter-output>
        </test-method> <!-- runningCode_outputExpectedText -->
        <test-method status="PASS" signature="deleteTempDir()[pri:0, instance:de.letsbulidacompiler.compiler.CompilerTest@d2cc05a]" name="deleteTempDir" is-config="true" duration-ms="2" started-at="2017-10-17T17:39:10Z" finished-at="2017-10-17T17:39:10Z">
          <reporter-output>
          </reporter-output>
        </test-method> <!-- deleteTempDir -->
        <test-method status="PASS" signature="creatTempDir()[pri:0, instance:de.letsbulidacompiler.compiler.CompilerTest@d2cc05a]" name="creatTempDir" is-config="true" duration-ms="0" started-at="2017-10-17T17:39:10Z" finished-at="2017-10-17T17:39:10Z">
          <reporter-output>
          </reporter-output>
        </test-method> <!-- creatTempDir -->
        <test-method status="PASS" signature="runningCode_outputExpectedText(java.lang.String, java.lang.String, java.lang.String)[pri:0, instance:de.letsbulidacompiler.compiler.CompilerTest@d2cc05a]" name="runningCode_outputExpectedText" duration-ms="58" started-at="2017-10-17T17:39:10Z" data-provider="provide_code_expectedText" finished-at="2017-10-17T17:39:10Z">
          <params>
            <param index="0">
              <value>
                <![CDATA[greater than false]]>
              </value>
            </param>
            <param index="1">
              <value>
                <![CDATA[println(2 > 2);]]>
              </value>
            </param>
            <param index="2">
              <value>
                <![CDATA[0
]]>
              </value>
            </param>
          </params>
          <reporter-output>
          </reporter-output>
        </test-method> <!-- runningCode_outputExpectedText -->
        <test-method status="PASS" signature="deleteTempDir()[pri:0, instance:de.letsbulidacompiler.compiler.CompilerTest@d2cc05a]" name="deleteTempDir" is-config="true" duration-ms="0" started-at="2017-10-17T17:39:10Z" finished-at="2017-10-17T17:39:10Z">
          <reporter-output>
          </reporter-output>
        </test-method> <!-- deleteTempDir -->
        <test-method status="PASS" signature="creatTempDir()[pri:0, instance:de.letsbulidacompiler.compiler.CompilerTest@d2cc05a]" name="creatTempDir" is-config="true" duration-ms="1" started-at="2017-10-17T17:39:10Z" finished-at="2017-10-17T17:39:10Z">
          <reporter-output>
          </reporter-output>
        </test-method> <!-- creatTempDir -->
        <test-method status="PASS" signature="runningCode_outputExpectedText(java.lang.String, java.lang.String, java.lang.String)[pri:0, instance:de.letsbulidacompiler.compiler.CompilerTest@d2cc05a]" name="runningCode_outputExpectedText" duration-ms="62" started-at="2017-10-17T17:39:10Z" data-provider="provide_code_expectedText" finished-at="2017-10-17T17:39:11Z">
          <params>
            <param index="0">
              <value>
                <![CDATA[greater than or equal true]]>
              </value>
            </param>
            <param index="1">
              <value>
                <![CDATA[println(2 >= 2);]]>
              </value>
            </param>
            <param index="2">
              <value>
                <![CDATA[1
]]>
              </value>
            </param>
          </params>
          <reporter-output>
          </reporter-output>
        </test-method> <!-- runningCode_outputExpectedText -->
        <test-method status="PASS" signature="deleteTempDir()[pri:0, instance:de.letsbulidacompiler.compiler.CompilerTest@d2cc05a]" name="deleteTempDir" is-config="true" duration-ms="0" started-at="2017-10-17T17:39:11Z" finished-at="2017-10-17T17:39:11Z">
          <reporter-output>
          </reporter-output>
        </test-method> <!-- deleteTempDir -->
        <test-method status="PASS" signature="runningCode_outputExpectedText(java.lang.String, java.lang.String, java.lang.String)[pri:0, instance:de.letsbulidacompiler.compiler.CompilerTest@d2cc05a]" name="runningCode_outputExpectedText" duration-ms="56" started-at="2017-10-17T17:39:11Z" data-provider="provide_code_expectedText" finished-at="2017-10-17T17:39:11Z">
          <params>
            <param index="0">
              <value>
                <![CDATA[greater than or equal false]]>
              </value>
            </param>
            <param index="1">
              <value>
                <![CDATA[println(1 >= 2);]]>
              </value>
            </param>
            <param index="2">
              <value>
                <![CDATA[0
]]>
              </value>
            </param>
          </params>
          <reporter-output>
          </reporter-output>
        </test-method> <!-- runningCode_outputExpectedText -->
        <test-method status="PASS" signature="creatTempDir()[pri:0, instance:de.letsbulidacompiler.compiler.CompilerTest@d2cc05a]" name="creatTempDir" is-config="true" duration-ms="0" started-at="2017-10-17T17:39:11Z" finished-at="2017-10-17T17:39:11Z">
          <reporter-output>
          </reporter-output>
        </test-method> <!-- creatTempDir -->
        <test-method status="PASS" signature="deleteTempDir()[pri:0, instance:de.letsbulidacompiler.compiler.CompilerTest@d2cc05a]" name="deleteTempDir" is-config="true" duration-ms="1" started-at="2017-10-17T17:39:11Z" finished-at="2017-10-17T17:39:11Z">
          <reporter-output>
          </reporter-output>
        </test-method> <!-- deleteTempDir -->
        <test-method status="PASS" signature="runningCode_outputExpectedText(java.lang.String, java.lang.String, java.lang.String)[pri:0, instance:de.letsbulidacompiler.compiler.CompilerTest@d2cc05a]" name="runningCode_outputExpectedText" duration-ms="56" started-at="2017-10-17T17:39:11Z" data-provider="provide_code_expectedText" finished-at="2017-10-17T17:39:11Z">
          <params>
            <param index="0">
              <value>
                <![CDATA[and true]]>
              </value>
            </param>
            <param index="1">
              <value>
                <![CDATA[println(1 && 1);]]>
              </value>
            </param>
            <param index="2">
              <value>
                <![CDATA[1
]]>
              </value>
            </param>
          </params>
          <reporter-output>
          </reporter-output>
        </test-method> <!-- runningCode_outputExpectedText -->
        <test-method status="PASS" signature="creatTempDir()[pri:0, instance:de.letsbulidacompiler.compiler.CompilerTest@d2cc05a]" name="creatTempDir" is-config="true" duration-ms="0" started-at="2017-10-17T17:39:11Z" finished-at="2017-10-17T17:39:11Z">
          <reporter-output>
          </reporter-output>
        </test-method> <!-- creatTempDir -->
        <test-method status="PASS" signature="deleteTempDir()[pri:0, instance:de.letsbulidacompiler.compiler.CompilerTest@d2cc05a]" name="deleteTempDir" is-config="true" duration-ms="0" started-at="2017-10-17T17:39:11Z" finished-at="2017-10-17T17:39:11Z">
          <reporter-output>
          </reporter-output>
        </test-method> <!-- deleteTempDir -->
        <test-method status="PASS" signature="creatTempDir()[pri:0, instance:de.letsbulidacompiler.compiler.CompilerTest@d2cc05a]" name="creatTempDir" is-config="true" duration-ms="0" started-at="2017-10-17T17:39:11Z" finished-at="2017-10-17T17:39:11Z">
          <reporter-output>
          </reporter-output>
        </test-method> <!-- creatTempDir -->
        <test-method status="PASS" signature="runningCode_outputExpectedText(java.lang.String, java.lang.String, java.lang.String)[pri:0, instance:de.letsbulidacompiler.compiler.CompilerTest@d2cc05a]" name="runningCode_outputExpectedText" duration-ms="63" started-at="2017-10-17T17:39:11Z" data-provider="provide_code_expectedText" finished-at="2017-10-17T17:39:11Z">
          <params>
            <param index="0">
              <value>
                <![CDATA[and left false]]>
              </value>
            </param>
            <param index="1">
              <value>
                <![CDATA[println(0 && 1);]]>
              </value>
            </param>
            <param index="2">
              <value>
                <![CDATA[0
]]>
              </value>
            </param>
          </params>
          <reporter-output>
          </reporter-output>
        </test-method> <!-- runningCode_outputExpectedText -->
        <test-method status="PASS" signature="deleteTempDir()[pri:0, instance:de.letsbulidacompiler.compiler.CompilerTest@d2cc05a]" name="deleteTempDir" is-config="true" duration-ms="0" started-at="2017-10-17T17:39:11Z" finished-at="2017-10-17T17:39:11Z">
          <reporter-output>
          </reporter-output>
        </test-method> <!-- deleteTempDir -->
        <test-method status="PASS" signature="creatTempDir()[pri:0, instance:de.letsbulidacompiler.compiler.CompilerTest@d2cc05a]" name="creatTempDir" is-config="true" duration-ms="0" started-at="2017-10-17T17:39:11Z" finished-at="2017-10-17T17:39:11Z">
          <reporter-output>
          </reporter-output>
        </test-method> <!-- creatTempDir -->
        <test-method status="PASS" signature="runningCode_outputExpectedText(java.lang.String, java.lang.String, java.lang.String)[pri:0, instance:de.letsbulidacompiler.compiler.CompilerTest@d2cc05a]" name="runningCode_outputExpectedText" duration-ms="61" started-at="2017-10-17T17:39:11Z" data-provider="provide_code_expectedText" finished-at="2017-10-17T17:39:11Z">
          <params>
            <param index="0">
              <value>
                <![CDATA[and right false]]>
              </value>
            </param>
            <param index="1">
              <value>
                <![CDATA[println(1 && 0);]]>
              </value>
            </param>
            <param index="2">
              <value>
                <![CDATA[0
]]>
              </value>
            </param>
          </params>
          <reporter-output>
          </reporter-output>
        </test-method> <!-- runningCode_outputExpectedText -->
        <test-method status="PASS" signature="deleteTempDir()[pri:0, instance:de.letsbulidacompiler.compiler.CompilerTest@d2cc05a]" name="deleteTempDir" is-config="true" duration-ms="0" started-at="2017-10-17T17:39:11Z" finished-at="2017-10-17T17:39:11Z">
          <reporter-output>
          </reporter-output>
        </test-method> <!-- deleteTempDir -->
        <test-method status="PASS" signature="creatTempDir()[pri:0, instance:de.letsbulidacompiler.compiler.CompilerTest@d2cc05a]" name="creatTempDir" is-config="true" duration-ms="0" started-at="2017-10-17T17:39:11Z" finished-at="2017-10-17T17:39:11Z">
          <reporter-output>
          </reporter-output>
        </test-method> <!-- creatTempDir -->
        <test-method status="PASS" signature="runningCode_outputExpectedText(java.lang.String, java.lang.String, java.lang.String)[pri:0, instance:de.letsbulidacompiler.compiler.CompilerTest@d2cc05a]" name="runningCode_outputExpectedText" duration-ms="59" started-at="2017-10-17T17:39:11Z" data-provider="provide_code_expectedText" finished-at="2017-10-17T17:39:11Z">
          <params>
            <param index="0">
              <value>
                <![CDATA[or false]]>
              </value>
            </param>
            <param index="1">
              <value>
                <![CDATA[println(0 || 0);]]>
              </value>
            </param>
            <param index="2">
              <value>
                <![CDATA[0
]]>
              </value>
            </param>
          </params>
          <reporter-output>
          </reporter-output>
        </test-method> <!-- runningCode_outputExpectedText -->
        <test-method status="PASS" signature="deleteTempDir()[pri:0, instance:de.letsbulidacompiler.compiler.CompilerTest@d2cc05a]" name="deleteTempDir" is-config="true" duration-ms="1" started-at="2017-10-17T17:39:11Z" finished-at="2017-10-17T17:39:11Z">
          <reporter-output>
          </reporter-output>
        </test-method> <!-- deleteTempDir -->
        <test-method status="PASS" signature="runningCode_outputExpectedText(java.lang.String, java.lang.String, java.lang.String)[pri:0, instance:de.letsbulidacompiler.compiler.CompilerTest@d2cc05a]" name="runningCode_outputExpectedText" duration-ms="61" started-at="2017-10-17T17:39:11Z" data-provider="provide_code_expectedText" finished-at="2017-10-17T17:39:11Z">
          <params>
            <param index="0">
              <value>
                <![CDATA[or left true]]>
              </value>
            </param>
            <param index="1">
              <value>
                <![CDATA[println(1 || 0);]]>
              </value>
            </param>
            <param index="2">
              <value>
                <![CDATA[1
]]>
              </value>
            </param>
          </params>
          <reporter-output>
          </reporter-output>
        </test-method> <!-- runningCode_outputExpectedText -->
        <test-method status="PASS" signature="creatTempDir()[pri:0, instance:de.letsbulidacompiler.compiler.CompilerTest@d2cc05a]" name="creatTempDir" is-config="true" duration-ms="0" started-at="2017-10-17T17:39:11Z" finished-at="2017-10-17T17:39:11Z">
          <reporter-output>
          </reporter-output>
        </test-method> <!-- creatTempDir -->
        <test-method status="PASS" signature="deleteTempDir()[pri:0, instance:de.letsbulidacompiler.compiler.CompilerTest@d2cc05a]" name="deleteTempDir" is-config="true" duration-ms="0" started-at="2017-10-17T17:39:11Z" finished-at="2017-10-17T17:39:11Z">
          <reporter-output>
          </reporter-output>
        </test-method> <!-- deleteTempDir -->
        <test-method status="PASS" signature="runningCode_outputExpectedText(java.lang.String, java.lang.String, java.lang.String)[pri:0, instance:de.letsbulidacompiler.compiler.CompilerTest@d2cc05a]" name="runningCode_outputExpectedText" duration-ms="60" started-at="2017-10-17T17:39:11Z" data-provider="provide_code_expectedText" finished-at="2017-10-17T17:39:11Z">
          <params>
            <param index="0">
              <value>
                <![CDATA[or right true]]>
              </value>
            </param>
            <param index="1">
              <value>
                <![CDATA[println(0 || 1);]]>
              </value>
            </param>
            <param index="2">
              <value>
                <![CDATA[1
]]>
              </value>
            </param>
          </params>
          <reporter-output>
          </reporter-output>
        </test-method> <!-- runningCode_outputExpectedText -->
        <test-method status="PASS" signature="creatTempDir()[pri:0, instance:de.letsbulidacompiler.compiler.CompilerTest@d2cc05a]" name="creatTempDir" is-config="true" duration-ms="0" started-at="2017-10-17T17:39:11Z" finished-at="2017-10-17T17:39:11Z">
          <reporter-output>
          </reporter-output>
        </test-method> <!-- creatTempDir -->
        <test-method status="PASS" signature="deleteTempDir()[pri:0, instance:de.letsbulidacompiler.compiler.CompilerTest@d2cc05a]" name="deleteTempDir" is-config="true" duration-ms="1" started-at="2017-10-17T17:39:11Z" finished-at="2017-10-17T17:39:11Z">
          <reporter-output>
          </reporter-output>
        </test-method> <!-- deleteTempDir -->
        <test-method status="PASS" signature="runningCode_outputExpectedText(java.lang.String, java.lang.String, java.lang.String)[pri:0, instance:de.letsbulidacompiler.compiler.CompilerTest@d2cc05a]" name="runningCode_outputExpectedText" duration-ms="67" started-at="2017-10-17T17:39:11Z" data-provider="provide_code_expectedText" finished-at="2017-10-17T17:39:11Z">
          <params>
            <param index="0">
              <value>
                <![CDATA[operators/and-skip-right]]>
              </value>
            </param>
            <param index="1">
              <value>
                <![CDATA[int x(int i) {
	println(i);
	return i;
}
println(x(0) && x(0));]]>
              </value>
            </param>
            <param index="2">
              <value>
                <![CDATA[0
0
]]>
              </value>
            </param>
          </params>
          <reporter-output>
          </reporter-output>
        </test-method> <!-- runningCode_outputExpectedText -->
        <test-method status="PASS" signature="creatTempDir()[pri:0, instance:de.letsbulidacompiler.compiler.CompilerTest@d2cc05a]" name="creatTempDir" is-config="true" duration-ms="0" started-at="2017-10-17T17:39:11Z" finished-at="2017-10-17T17:39:11Z">
          <reporter-output>
          </reporter-output>
        </test-method> <!-- creatTempDir -->
        <test-method status="PASS" signature="runningCode_outputExpectedText(java.lang.String, java.lang.String, java.lang.String)[pri:0, instance:de.letsbulidacompiler.compiler.CompilerTest@d2cc05a]" name="runningCode_outputExpectedText" duration-ms="74" started-at="2017-10-17T17:39:11Z" data-provider="provide_code_expectedText" finished-at="2017-10-17T17:39:11Z">
          <params>
            <param index="0">
              <value>
                <![CDATA[operators/or-skip-right]]>
              </value>
            </param>
            <param index="1">
              <value>
                <![CDATA[int x(int i) {
	println(i);
	return i;
}
println(x(1) || x(0));]]>
              </value>
            </param>
            <param index="2">
              <value>
                <![CDATA[1
1
]]>
              </value>
            </param>
          </params>
          <reporter-output>
          </reporter-output>
        </test-method> <!-- runningCode_outputExpectedText -->
        <test-method status="PASS" signature="creatTempDir()[pri:0, instance:de.letsbulidacompiler.compiler.CompilerTest@d2cc05a]" name="creatTempDir" is-config="true" duration-ms="0" started-at="2017-10-17T17:39:11Z" finished-at="2017-10-17T17:39:11Z">
          <reporter-output>
          </reporter-output>
        </test-method> <!-- creatTempDir -->
        <test-method status="PASS" signature="deleteTempDir()[pri:0, instance:de.letsbulidacompiler.compiler.CompilerTest@d2cc05a]" name="deleteTempDir" is-config="true" duration-ms="0" started-at="2017-10-17T17:39:11Z" finished-at="2017-10-17T17:39:11Z">
          <reporter-output>
          </reporter-output>
        </test-method> <!-- deleteTempDir -->
        <test-method status="PASS" signature="runningCode_outputExpectedText(java.lang.String, java.lang.String, java.lang.String)[pri:0, instance:de.letsbulidacompiler.compiler.CompilerTest@d2cc05a]" name="runningCode_outputExpectedText" duration-ms="83" started-at="2017-10-17T17:39:11Z" data-provider="provide_code_expectedText" finished-at="2017-10-17T17:39:11Z">
          <params>
            <param index="0">
              <value>
                <![CDATA[print]]>
              </value>
            </param>
            <param index="1">
              <value>
                <![CDATA[print(42);]]>
              </value>
            </param>
            <param index="2">
              <value>
                <![CDATA[42]]>
              </value>
            </param>
          </params>
          <reporter-output>
          </reporter-output>
        </test-method> <!-- runningCode_outputExpectedText -->
        <test-method status="PASS" signature="creatTempDir()[pri:0, instance:de.letsbulidacompiler.compiler.CompilerTest@d2cc05a]" name="creatTempDir" is-config="true" duration-ms="0" started-at="2017-10-17T17:39:11Z" finished-at="2017-10-17T17:39:11Z">
          <reporter-output>
          </reporter-output>
        </test-method> <!-- creatTempDir -->
        <test-method status="PASS" signature="deleteTempDir()[pri:0, instance:de.letsbulidacompiler.compiler.CompilerTest@d2cc05a]" name="deleteTempDir" is-config="true" duration-ms="0" started-at="2017-10-17T17:39:11Z" finished-at="2017-10-17T17:39:11Z">
          <reporter-output>
          </reporter-output>
        </test-method> <!-- deleteTempDir -->
        <test-method status="PASS" signature="deleteTempDir()[pri:0, instance:de.letsbulidacompiler.compiler.CompilerTest@d2cc05a]" name="deleteTempDir" is-config="true" duration-ms="1" started-at="2017-10-17T17:39:11Z" finished-at="2017-10-17T17:39:11Z">
          <reporter-output>
          </reporter-output>
        </test-method> <!-- deleteTempDir -->
        <test-method status="PASS" signature="runningCode_outputExpectedText(java.lang.String, java.lang.String, java.lang.String)[pri:0, instance:de.letsbulidacompiler.compiler.CompilerTest@d2cc05a]" name="runningCode_outputExpectedText" duration-ms="65" started-at="2017-10-17T17:39:11Z" data-provider="provide_code_expectedText" finished-at="2017-10-17T17:39:11Z">
          <params>
            <param index="0">
              <value>
                <![CDATA[print string literal]]>
              </value>
            </param>
            <param index="1">
              <value>
                <![CDATA[print("hello world");]]>
              </value>
            </param>
            <param index="2">
              <value>
                <![CDATA[hello world]]>
              </value>
            </param>
          </params>
          <reporter-output>
          </reporter-output>
        </test-method> <!-- runningCode_outputExpectedText -->
        <test-method status="PASS" signature="creatTempDir()[pri:0, instance:de.letsbulidacompiler.compiler.CompilerTest@d2cc05a]" name="creatTempDir" is-config="true" duration-ms="0" started-at="2017-10-17T17:39:11Z" finished-at="2017-10-17T17:39:11Z">
          <reporter-output>
          </reporter-output>
        </test-method> <!-- creatTempDir -->
        <test-method status="PASS" signature="deleteTempDir()[pri:0, instance:de.letsbulidacompiler.compiler.CompilerTest@d2cc05a]" name="deleteTempDir" is-config="true" duration-ms="1" started-at="2017-10-17T17:39:11Z" finished-at="2017-10-17T17:39:11Z">
          <reporter-output>
          </reporter-output>
        </test-method> <!-- deleteTempDir -->
      </class> <!-- de.letsbulidacompiler.compiler.CompilerTest -->
    </test> <!-- Default test -->
  </suite> <!-- Default suite -->
</testng-results>
