<html>
<head>
<title>TestNG:  Default test</title>
<link href="../testng.css" rel="stylesheet" type="text/css" />
<link href="../my-testng.css" rel="stylesheet" type="text/css" />

<style type="text/css">
.log { display: none;} 
.stack-trace { display: none;} 
</style>
<script type="text/javascript">
<!--
function flip(e) {
  current = e.style.display;
  if (current == 'block') {
    e.style.display = 'none';
    return 0;
  }
  else {
    e.style.display = 'block';
    return 1;
  }
}

function toggleBox(szDivId, elem, msg1, msg2)
{
  var res = -1;  if (document.getElementById) {
    res = flip(document.getElementById(szDivId));
  }
  else if (document.all) {
    // this is the way old msie versions work
    res = flip(document.all[szDivId]);
  }
  if(elem) {
    if(res == 0) elem.innerHTML = msg1; else elem.innerHTML = msg2;
  }

}

function toggleAllBoxes() {
  if (document.getElementsByTagName) {
    d = document.getElementsByTagName('div');
    for (i = 0; i < d.length; i++) {
      if (d[i].className == 'log') {
        flip(d[i]);
      }
    }
  }
}

// -->
</script>

</head>
<body>
<h2 align='center'>Default test</h2><table border='1' align="center">
<tr>
<td>Tests passed/Failed/Skipped:</td><td>51/0/0</td>
</tr><tr>
<td>Started on:</td><td>Tue Nov 28 14:08:45 BRST 2017</td>
</tr>
<tr><td>Total time:</td><td>4 seconds (4030 ms)</td>
</tr><tr>
<td>Included groups:</td><td></td>
</tr><tr>
<td>Excluded groups:</td><td></td>
</tr>
</table><p/>
<small><i>(Hover the method name to see the test class name)</i></small><p/>
<table width='100%' border='1' class='invocation-passed'>
<tr><td colspan='4' align='center'><b>PASSED TESTS</b></td></tr>
<tr><td><b>Test method</b></td>
<td width="30%"><b>Exception</b></td>
<td width="10%"><b>Time (seconds)</b></td>
<td><b>Instance</b></td>
</tr>
<tr>
<td title='de.letsbulidacompiler.compiler.CompilerTest.compilingCode_throwsConstantAlreadyDefinedException_whenDefiningAlreadyDefinedConstant()'><b>compilingCode_throwsConstantAlreadyDefinedException_whenDefiningAlreadyDefinedConstant</b><br>Test class: de.letsbulidacompiler.compiler.CompilerTest</td>
<td><div><pre>de.letsbulidacompiler.compiler.exceptions.ConstantAlreadyDefinedException: 2:0 constant already defined: &lt;x&gt;
	at de.letsbuildacompiler.compiler.MyVisitor.visitConstDeclaration(MyVisitor.java:367)
	at de.letsbuildacompiler.compiler.MyVisitor.visitConstDeclaration(MyVisitor.java:1)
	at de.letsbuildacompiler.parser.DemoParser$ConstDeclarationContext.accept(DemoParser.java:1169)
	at org.antlr.v4.runtime.tree.AbstractParseTreeVisitor.visitChildren(AbstractParseTreeVisitor.java:46)
	at de.letsbuildacompiler.parser.DemoBaseVisitor.visitBlockConstDeclaration(DemoBaseVisitor.java:160)
	at de.letsbuildacompiler.parser.DemoParser$BlockConstDeclarationContext.accept(DemoParser.java:1076)
	at org.antlr.v4.runtime.tree.AbstractParseTreeVisitor.visit(AbstractParseTreeVisitor.java:18)
	at de.letsbuildacompiler.compiler.MyVisitor.visitProgram(MyVisitor.java:436)
	at de.letsbuildacompiler.compiler.MyVisitor.visitProgram(MyVisitor.java:1)
	at de.letsbuildacompiler.parser.DemoParser$ProgramContext.accept(DemoParser.java:130)
	at org.antlr.v4.runtime.tree.AbstractParseTreeVisitor.visit(AbstractParseTreeVisitor.java:18)
	at de.letsbuildacompiler.compiler.Main.compile(Main.java:34)
	at de.letsbulidacompiler.compiler.CompilerTest.compileAndRun(CompilerTest.java:274)
	at de.letsbulidacompiler.compiler.CompilerTest.compilingCode_throwsConstantAlreadyDefinedException_whenDefiningAlreadyDefinedConstant(CompilerTest.java:96)
	at sun.reflect.NativeMethodAccessorImpl.invoke0(Native Method)
	at sun.reflect.NativeMethodAccessorImpl.invoke(NativeMethodAccessorImpl.java:62)
	at sun.reflect.DelegatingMethodAccessorImpl.invoke(DelegatingMethodAccessorImpl.java:43)
	at java.lang.reflect.Method.invoke(Method.java:498)
	at org.testng.internal.MethodInvocationHelper.invokeMethod(MethodInvocationHelper.java:108)
	at org.testng.internal.Invoker.invokeMethod(Invoker.java:669)
	at org.testng.internal.Invoker.invokeTestMethod(Invoker.java:877)
	at org.testng.internal.Invoker.invokeTestMethods(Invoker.java:1201)
	at org.testng.internal.TestMethodWorker.invokeTestMethods(TestMethodWorker.java:125)
	at org.testng.internal.TestMethodWorker.run(TestMethodWorker.java:109)
	at org.testng.TestRunner.privateRun(TestRunner.java:776)
	at org.testng.TestRunner.run(TestRunner.java:634)
	at org.testng.SuiteRunner.runTest(SuiteRunner.java:425)
	at org.testng.SuiteRunner.runSequentially(SuiteRunner.java:420)
	at org.testng.SuiteRunner.privateRun(SuiteRunner.java:385)
	at org.testng.SuiteRunner.run(SuiteRunner.java:334)
	at org.testng.SuiteRunnerWorker.runSuite(SuiteRunnerWorker.java:52)
	at org.testng.SuiteRunnerWorker.run(SuiteRunnerWorker.java:86)
	at org.testng.TestNG.runSuitesSequentially(TestNG.java:1318)
	at org.testng.TestNG.runSuitesLocally(TestNG.java:1243)
	at org.testng.TestNG.runSuites(TestNG.java:1161)
	at org.testng.TestNG.run(TestNG.java:1129)
	at org.testng.remote.AbstractRemoteTestNG.run(AbstractRemoteTestNG.java:114)
	at org.testng.remote.RemoteTestNG.initAndRun(RemoteTestNG.java:251)
	at org.testng.remote.RemoteTestNG.main(RemoteTestNG.java:77)
</pre></div><a href='#' onClick='toggleBox("stack-trace455538610", this, "Click to show all stack frames", "Click to hide stack frames")'>Click to show all stack frames</a>
<div class='stack-trace' id='stack-trace455538610'><pre>de.letsbulidacompiler.compiler.exceptions.ConstantAlreadyDefinedException: 2:0 constant already defined: &lt;x&gt;
	at de.letsbuildacompiler.compiler.MyVisitor.visitConstDeclaration(MyVisitor.java:367)
	at de.letsbuildacompiler.compiler.MyVisitor.visitConstDeclaration(MyVisitor.java:1)
	at de.letsbuildacompiler.parser.DemoParser$ConstDeclarationContext.accept(DemoParser.java:1169)
	at org.antlr.v4.runtime.tree.AbstractParseTreeVisitor.visitChildren(AbstractParseTreeVisitor.java:46)
	at de.letsbuildacompiler.parser.DemoBaseVisitor.visitBlockConstDeclaration(DemoBaseVisitor.java:160)
	at de.letsbuildacompiler.parser.DemoParser$BlockConstDeclarationContext.accept(DemoParser.java:1076)
	at org.antlr.v4.runtime.tree.AbstractParseTreeVisitor.visit(AbstractParseTreeVisitor.java:18)
	at de.letsbuildacompiler.compiler.MyVisitor.visitProgram(MyVisitor.java:436)
	at de.letsbuildacompiler.compiler.MyVisitor.visitProgram(MyVisitor.java:1)
	at de.letsbuildacompiler.parser.DemoParser$ProgramContext.accept(DemoParser.java:130)
	at org.antlr.v4.runtime.tree.AbstractParseTreeVisitor.visit(AbstractParseTreeVisitor.java:18)
	at de.letsbuildacompiler.compiler.Main.compile(Main.java:34)
	at de.letsbulidacompiler.compiler.CompilerTest.compileAndRun(CompilerTest.java:274)
	at de.letsbulidacompiler.compiler.CompilerTest.compilingCode_throwsConstantAlreadyDefinedException_whenDefiningAlreadyDefinedConstant(CompilerTest.java:96)
	at sun.reflect.NativeMethodAccessorImpl.invoke0(Native Method)
	at sun.reflect.NativeMethodAccessorImpl.invoke(NativeMethodAccessorImpl.java:62)
	at sun.reflect.DelegatingMethodAccessorImpl.invoke(DelegatingMethodAccessorImpl.java:43)
	at java.lang.reflect.Method.invoke(Method.java:498)
	at org.testng.internal.MethodInvocationHelper.invokeMethod(MethodInvocationHelper.java:108)
	at org.testng.internal.Invoker.invokeMethod(Invoker.java:669)
	at org.testng.internal.Invoker.invokeTestMethod(Invoker.java:877)
	at org.testng.internal.Invoker.invokeTestMethods(Invoker.java:1201)
	at org.testng.internal.TestMethodWorker.invokeTestMethods(TestMethodWorker.java:125)
	at org.testng.internal.TestMethodWorker.run(TestMethodWorker.java:109)
	at org.testng.TestRunner.privateRun(TestRunner.java:776)
	at org.testng.TestRunner.run(TestRunner.java:634)
	at org.testng.SuiteRunner.runTest(SuiteRunner.java:425)
	at org.testng.SuiteRunner.runSequentially(SuiteRunner.java:420)
	at org.testng.SuiteRunner.privateRun(SuiteRunner.java:385)
	at org.testng.SuiteRunner.run(SuiteRunner.java:334)
	at org.testng.SuiteRunnerWorker.runSuite(SuiteRunnerWorker.java:52)
	at org.testng.SuiteRunnerWorker.run(SuiteRunnerWorker.java:86)
	at org.testng.TestNG.runSuitesSequentially(TestNG.java:1318)
	at org.testng.TestNG.runSuitesLocally(TestNG.java:1243)
	at org.testng.TestNG.runSuites(TestNG.java:1161)
	at org.testng.TestNG.run(TestNG.java:1129)
	at org.testng.remote.AbstractRemoteTestNG.run(AbstractRemoteTestNG.java:114)
	at org.testng.remote.RemoteTestNG.initAndRun(RemoteTestNG.java:251)
	at org.testng.remote.RemoteTestNG.main(RemoteTestNG.java:77)
</pre></div></td>
<td>0</td>
<td>de.letsbulidacompiler.compiler.CompilerTest@4f933fd1</td></tr>
<tr>
<td title='de.letsbulidacompiler.compiler.CompilerTest.compilingCode_throwsFunctionAlreadyDefinedException_whenDefiningFunctionTwice()'><b>compilingCode_throwsFunctionAlreadyDefinedException_whenDefiningFunctionTwice</b><br>Test class: de.letsbulidacompiler.compiler.CompilerTest</td>
<td><div><pre>de.letsbulidacompiler.compiler.exceptions.FunctionAlreadyDefinedException: 3:9 function already defined: &lt;x&gt;
	at de.letsbuildacompiler.compiler.FunctionDefinitionFinder$1.visitFunctionDefinition(FunctionDefinitionFinder.java:23)
	at de.letsbuildacompiler.compiler.FunctionDefinitionFinder$1.visitFunctionDefinition(FunctionDefinitionFinder.java:1)
	at de.letsbuildacompiler.parser.DemoParser$FunctionDefinitionContext.accept(DemoParser.java:1353)
	at org.antlr.v4.runtime.tree.AbstractParseTreeVisitor.visitChildren(AbstractParseTreeVisitor.java:46)
	at de.letsbuildacompiler.parser.DemoBaseVisitor.visitProgram(DemoBaseVisitor.java:20)
	at de.letsbuildacompiler.parser.DemoParser$ProgramContext.accept(DemoParser.java:130)
	at org.antlr.v4.runtime.tree.AbstractParseTreeVisitor.visit(AbstractParseTreeVisitor.java:18)
	at de.letsbuildacompiler.compiler.FunctionDefinitionFinder.findFunctions(FunctionDefinitionFinder.java:28)
	at de.letsbuildacompiler.compiler.Main.compile(Main.java:33)
	at de.letsbulidacompiler.compiler.CompilerTest.compileAndRun(CompilerTest.java:274)
	at de.letsbulidacompiler.compiler.CompilerTest.compilingCode_throwsFunctionAlreadyDefinedException_whenDefiningFunctionTwice(CompilerTest.java:115)
	at sun.reflect.NativeMethodAccessorImpl.invoke0(Native Method)
	at sun.reflect.NativeMethodAccessorImpl.invoke(NativeMethodAccessorImpl.java:62)
	at sun.reflect.DelegatingMethodAccessorImpl.invoke(DelegatingMethodAccessorImpl.java:43)
	at java.lang.reflect.Method.invoke(Method.java:498)
	at org.testng.internal.MethodInvocationHelper.invokeMethod(MethodInvocationHelper.java:108)
	at org.testng.internal.Invoker.invokeMethod(Invoker.java:669)
	at org.testng.internal.Invoker.invokeTestMethod(Invoker.java:877)
	at org.testng.internal.Invoker.invokeTestMethods(Invoker.java:1201)
	at org.testng.internal.TestMethodWorker.invokeTestMethods(TestMethodWorker.java:125)
	at org.testng.internal.TestMethodWorker.run(TestMethodWorker.java:109)
	at org.testng.TestRunner.privateRun(TestRunner.java:776)
	at org.testng.TestRunner.run(TestRunner.java:634)
	at org.testng.SuiteRunner.runTest(SuiteRunner.java:425)
	at org.testng.SuiteRunner.runSequentially(SuiteRunner.java:420)
	at org.testng.SuiteRunner.privateRun(SuiteRunner.java:385)
	at org.testng.SuiteRunner.run(SuiteRunner.java:334)
	at org.testng.SuiteRunnerWorker.runSuite(SuiteRunnerWorker.java:52)
	at org.testng.SuiteRunnerWorker.run(SuiteRunnerWorker.java:86)
	at org.testng.TestNG.runSuitesSequentially(TestNG.java:1318)
	at org.testng.TestNG.runSuitesLocally(TestNG.java:1243)
	at org.testng.TestNG.runSuites(TestNG.java:1161)
	at org.testng.TestNG.run(TestNG.java:1129)
	at org.testng.remote.AbstractRemoteTestNG.run(AbstractRemoteTestNG.java:114)
	at org.testng.remote.RemoteTestNG.initAndRun(RemoteTestNG.java:251)
	at org.testng.remote.RemoteTestNG.main(RemoteTestNG.java:77)
</pre></div><a href='#' onClick='toggleBox("stack-trace1177377518", this, "Click to show all stack frames", "Click to hide stack frames")'>Click to show all stack frames</a>
<div class='stack-trace' id='stack-trace1177377518'><pre>de.letsbulidacompiler.compiler.exceptions.FunctionAlreadyDefinedException: 3:9 function already defined: &lt;x&gt;
	at de.letsbuildacompiler.compiler.FunctionDefinitionFinder$1.visitFunctionDefinition(FunctionDefinitionFinder.java:23)
	at de.letsbuildacompiler.compiler.FunctionDefinitionFinder$1.visitFunctionDefinition(FunctionDefinitionFinder.java:1)
	at de.letsbuildacompiler.parser.DemoParser$FunctionDefinitionContext.accept(DemoParser.java:1353)
	at org.antlr.v4.runtime.tree.AbstractParseTreeVisitor.visitChildren(AbstractParseTreeVisitor.java:46)
	at de.letsbuildacompiler.parser.DemoBaseVisitor.visitProgram(DemoBaseVisitor.java:20)
	at de.letsbuildacompiler.parser.DemoParser$ProgramContext.accept(DemoParser.java:130)
	at org.antlr.v4.runtime.tree.AbstractParseTreeVisitor.visit(AbstractParseTreeVisitor.java:18)
	at de.letsbuildacompiler.compiler.FunctionDefinitionFinder.findFunctions(FunctionDefinitionFinder.java:28)
	at de.letsbuildacompiler.compiler.Main.compile(Main.java:33)
	at de.letsbulidacompiler.compiler.CompilerTest.compileAndRun(CompilerTest.java:274)
	at de.letsbulidacompiler.compiler.CompilerTest.compilingCode_throwsFunctionAlreadyDefinedException_whenDefiningFunctionTwice(CompilerTest.java:115)
	at sun.reflect.NativeMethodAccessorImpl.invoke0(Native Method)
	at sun.reflect.NativeMethodAccessorImpl.invoke(NativeMethodAccessorImpl.java:62)
	at sun.reflect.DelegatingMethodAccessorImpl.invoke(DelegatingMethodAccessorImpl.java:43)
	at java.lang.reflect.Method.invoke(Method.java:498)
	at org.testng.internal.MethodInvocationHelper.invokeMethod(MethodInvocationHelper.java:108)
	at org.testng.internal.Invoker.invokeMethod(Invoker.java:669)
	at org.testng.internal.Invoker.invokeTestMethod(Invoker.java:877)
	at org.testng.internal.Invoker.invokeTestMethods(Invoker.java:1201)
	at org.testng.internal.TestMethodWorker.invokeTestMethods(TestMethodWorker.java:125)
	at org.testng.internal.TestMethodWorker.run(TestMethodWorker.java:109)
	at org.testng.TestRunner.privateRun(TestRunner.java:776)
	at org.testng.TestRunner.run(TestRunner.java:634)
	at org.testng.SuiteRunner.runTest(SuiteRunner.java:425)
	at org.testng.SuiteRunner.runSequentially(SuiteRunner.java:420)
	at org.testng.SuiteRunner.privateRun(SuiteRunner.java:385)
	at org.testng.SuiteRunner.run(SuiteRunner.java:334)
	at org.testng.SuiteRunnerWorker.runSuite(SuiteRunnerWorker.java:52)
	at org.testng.SuiteRunnerWorker.run(SuiteRunnerWorker.java:86)
	at org.testng.TestNG.runSuitesSequentially(TestNG.java:1318)
	at org.testng.TestNG.runSuitesLocally(TestNG.java:1243)
	at org.testng.TestNG.runSuites(TestNG.java:1161)
	at org.testng.TestNG.run(TestNG.java:1129)
	at org.testng.remote.AbstractRemoteTestNG.run(AbstractRemoteTestNG.java:114)
	at org.testng.remote.RemoteTestNG.initAndRun(RemoteTestNG.java:251)
	at org.testng.remote.RemoteTestNG.main(RemoteTestNG.java:77)
</pre></div></td>
<td>0</td>
<td>de.letsbulidacompiler.compiler.CompilerTest@4f933fd1</td></tr>
<tr>
<td title='de.letsbulidacompiler.compiler.CompilerTest.compilingCode_throwsUndeclaredVariableException_ifReadingUndefinedVariable()'><b>compilingCode_throwsUndeclaredVariableException_ifReadingUndefinedVariable</b><br>Test class: de.letsbulidacompiler.compiler.CompilerTest</td>
<td><div><pre>de.letsbulidacompiler.compiler.exceptions.UndeclaredVariableOrConstantException: 1:32 undeclared variable &lt;x&gt;
	at de.letsbuildacompiler.compiler.MyVisitor.requireVariableorConstantIndex(MyVisitor.java:505)
	at de.letsbuildacompiler.compiler.MyVisitor.visitVariable(MyVisitor.java:173)
	at de.letsbuildacompiler.compiler.MyVisitor.visitVariable(MyVisitor.java:1)
	at de.letsbuildacompiler.parser.DemoParser$VariableContext.accept(DemoParser.java:666)
	at org.antlr.v4.runtime.tree.AbstractParseTreeVisitor.visit(AbstractParseTreeVisitor.java:18)
	at de.letsbuildacompiler.compiler.MyVisitor.visitWriteln(MyVisitor.java:65)
	at de.letsbuildacompiler.compiler.MyVisitor.visitWriteln(MyVisitor.java:1)
	at de.letsbuildacompiler.parser.DemoParser$WritelnContext.accept(DemoParser.java:1253)
	at org.antlr.v4.runtime.tree.AbstractParseTreeVisitor.visitChildren(AbstractParseTreeVisitor.java:46)
	at de.letsbuildacompiler.parser.DemoBaseVisitor.visitStatement(DemoBaseVisitor.java:34)
	at de.letsbuildacompiler.parser.DemoParser$StatementContext.accept(DemoParser.java:287)
	at org.antlr.v4.runtime.tree.AbstractParseTreeVisitor.visitChildren(AbstractParseTreeVisitor.java:46)
	at de.letsbuildacompiler.parser.DemoBaseVisitor.visitMainStatement(DemoBaseVisitor.java:27)
	at de.letsbuildacompiler.parser.DemoParser$MainStatementContext.accept(DemoParser.java:222)
	at org.antlr.v4.runtime.tree.AbstractParseTreeVisitor.visit(AbstractParseTreeVisitor.java:18)
	at de.letsbuildacompiler.compiler.MyVisitor.visitProgram(MyVisitor.java:469)
	at de.letsbuildacompiler.compiler.MyVisitor.visitProgram(MyVisitor.java:1)
	at de.letsbuildacompiler.parser.DemoParser$ProgramContext.accept(DemoParser.java:130)
	at org.antlr.v4.runtime.tree.AbstractParseTreeVisitor.visit(AbstractParseTreeVisitor.java:18)
	at de.letsbuildacompiler.compiler.Main.compile(Main.java:34)
	at de.letsbulidacompiler.compiler.CompilerTest.compileAndRun(CompilerTest.java:274)
	at de.letsbulidacompiler.compiler.CompilerTest.compilingCode_throwsUndeclaredVariableException_ifReadingUndefinedVariable(CompilerTest.java:68)
	at sun.reflect.NativeMethodAccessorImpl.invoke0(Native Method)
	at sun.reflect.NativeMethodAccessorImpl.invoke(NativeMethodAccessorImpl.java:62)
	at sun.reflect.DelegatingMethodAccessorImpl.invoke(DelegatingMethodAccessorImpl.java:43)
	at java.lang.reflect.Method.invoke(Method.java:498)
	at org.testng.internal.MethodInvocationHelper.invokeMethod(MethodInvocationHelper.java:108)
	at org.testng.internal.Invoker.invokeMethod(Invoker.java:669)
	at org.testng.internal.Invoker.invokeTestMethod(Invoker.java:877)
	at org.testng.internal.Invoker.invokeTestMethods(Invoker.java:1201)
	at org.testng.internal.TestMethodWorker.invokeTestMethods(TestMethodWorker.java:125)
	at org.testng.internal.TestMethodWorker.run(TestMethodWorker.java:109)
	at org.testng.TestRunner.privateRun(TestRunner.java:776)
	at org.testng.TestRunner.run(TestRunner.java:634)
	at org.testng.SuiteRunner.runTest(SuiteRunner.java:425)
	at org.testng.SuiteRunner.runSequentially(SuiteRunner.java:420)
	at org.testng.SuiteRunner.privateRun(SuiteRunner.java:385)
	at org.testng.SuiteRunner.run(SuiteRunner.java:334)
	at org.testng.SuiteRunnerWorker.runSuite(SuiteRunnerWorker.java:52)
	at org.testng.SuiteRunnerWorker.run(SuiteRunnerWorker.java:86)
	at org.testng.TestNG.runSuitesSequentially(TestNG.java:1318)
	at org.testng.TestNG.runSuitesLocally(TestNG.java:1243)
	at org.testng.TestNG.runSuites(TestNG.java:1161)
	at org.testng.TestNG.run(TestNG.java:1129)
	at org.testng.remote.AbstractRemoteTestNG.run(AbstractRemoteTestNG.java:114)
	at org.testng.remote.RemoteTestNG.initAndRun(RemoteTestNG.java:251)
	at org.testng.remote.RemoteTestNG.main(RemoteTestNG.java:77)
</pre></div><a href='#' onClick='toggleBox("stack-trace1725017993", this, "Click to show all stack frames", "Click to hide stack frames")'>Click to show all stack frames</a>
<div class='stack-trace' id='stack-trace1725017993'><pre>de.letsbulidacompiler.compiler.exceptions.UndeclaredVariableOrConstantException: 1:32 undeclared variable &lt;x&gt;
	at de.letsbuildacompiler.compiler.MyVisitor.requireVariableorConstantIndex(MyVisitor.java:505)
	at de.letsbuildacompiler.compiler.MyVisitor.visitVariable(MyVisitor.java:173)
	at de.letsbuildacompiler.compiler.MyVisitor.visitVariable(MyVisitor.java:1)
	at de.letsbuildacompiler.parser.DemoParser$VariableContext.accept(DemoParser.java:666)
	at org.antlr.v4.runtime.tree.AbstractParseTreeVisitor.visit(AbstractParseTreeVisitor.java:18)
	at de.letsbuildacompiler.compiler.MyVisitor.visitWriteln(MyVisitor.java:65)
	at de.letsbuildacompiler.compiler.MyVisitor.visitWriteln(MyVisitor.java:1)
	at de.letsbuildacompiler.parser.DemoParser$WritelnContext.accept(DemoParser.java:1253)
	at org.antlr.v4.runtime.tree.AbstractParseTreeVisitor.visitChildren(AbstractParseTreeVisitor.java:46)
	at de.letsbuildacompiler.parser.DemoBaseVisitor.visitStatement(DemoBaseVisitor.java:34)
	at de.letsbuildacompiler.parser.DemoParser$StatementContext.accept(DemoParser.java:287)
	at org.antlr.v4.runtime.tree.AbstractParseTreeVisitor.visitChildren(AbstractParseTreeVisitor.java:46)
	at de.letsbuildacompiler.parser.DemoBaseVisitor.visitMainStatement(DemoBaseVisitor.java:27)
	at de.letsbuildacompiler.parser.DemoParser$MainStatementContext.accept(DemoParser.java:222)
	at org.antlr.v4.runtime.tree.AbstractParseTreeVisitor.visit(AbstractParseTreeVisitor.java:18)
	at de.letsbuildacompiler.compiler.MyVisitor.visitProgram(MyVisitor.java:469)
	at de.letsbuildacompiler.compiler.MyVisitor.visitProgram(MyVisitor.java:1)
	at de.letsbuildacompiler.parser.DemoParser$ProgramContext.accept(DemoParser.java:130)
	at org.antlr.v4.runtime.tree.AbstractParseTreeVisitor.visit(AbstractParseTreeVisitor.java:18)
	at de.letsbuildacompiler.compiler.Main.compile(Main.java:34)
	at de.letsbulidacompiler.compiler.CompilerTest.compileAndRun(CompilerTest.java:274)
	at de.letsbulidacompiler.compiler.CompilerTest.compilingCode_throwsUndeclaredVariableException_ifReadingUndefinedVariable(CompilerTest.java:68)
	at sun.reflect.NativeMethodAccessorImpl.invoke0(Native Method)
	at sun.reflect.NativeMethodAccessorImpl.invoke(NativeMethodAccessorImpl.java:62)
	at sun.reflect.DelegatingMethodAccessorImpl.invoke(DelegatingMethodAccessorImpl.java:43)
	at java.lang.reflect.Method.invoke(Method.java:498)
	at org.testng.internal.MethodInvocationHelper.invokeMethod(MethodInvocationHelper.java:108)
	at org.testng.internal.Invoker.invokeMethod(Invoker.java:669)
	at org.testng.internal.Invoker.invokeTestMethod(Invoker.java:877)
	at org.testng.internal.Invoker.invokeTestMethods(Invoker.java:1201)
	at org.testng.internal.TestMethodWorker.invokeTestMethods(TestMethodWorker.java:125)
	at org.testng.internal.TestMethodWorker.run(TestMethodWorker.java:109)
	at org.testng.TestRunner.privateRun(TestRunner.java:776)
	at org.testng.TestRunner.run(TestRunner.java:634)
	at org.testng.SuiteRunner.runTest(SuiteRunner.java:425)
	at org.testng.SuiteRunner.runSequentially(SuiteRunner.java:420)
	at org.testng.SuiteRunner.privateRun(SuiteRunner.java:385)
	at org.testng.SuiteRunner.run(SuiteRunner.java:334)
	at org.testng.SuiteRunnerWorker.runSuite(SuiteRunnerWorker.java:52)
	at org.testng.SuiteRunnerWorker.run(SuiteRunnerWorker.java:86)
	at org.testng.TestNG.runSuitesSequentially(TestNG.java:1318)
	at org.testng.TestNG.runSuitesLocally(TestNG.java:1243)
	at org.testng.TestNG.runSuites(TestNG.java:1161)
	at org.testng.TestNG.run(TestNG.java:1129)
	at org.testng.remote.AbstractRemoteTestNG.run(AbstractRemoteTestNG.java:114)
	at org.testng.remote.RemoteTestNG.initAndRun(RemoteTestNG.java:251)
	at org.testng.remote.RemoteTestNG.main(RemoteTestNG.java:77)
</pre></div></td>
<td>0</td>
<td>de.letsbulidacompiler.compiler.CompilerTest@4f933fd1</td></tr>
<tr>
<td title='de.letsbulidacompiler.compiler.CompilerTest.compilingCode_throwsUndeclaredVariableException_ifWrintingUndefinedVariable()'><b>compilingCode_throwsUndeclaredVariableException_ifWrintingUndefinedVariable</b><br>Test class: de.letsbulidacompiler.compiler.CompilerTest</td>
<td><div><pre>de.letsbulidacompiler.compiler.exceptions.UndeclaredVariableOrConstantException: 1:24 undeclared variable &lt;x&gt;
	at de.letsbuildacompiler.compiler.MyVisitor.requireVariableorConstantIndex(MyVisitor.java:505)
	at de.letsbuildacompiler.compiler.MyVisitor.visitAssignment(MyVisitor.java:380)
	at de.letsbuildacompiler.compiler.MyVisitor.visitAssignment(MyVisitor.java:1)
	at de.letsbuildacompiler.parser.DemoParser$AssignmentContext.accept(DemoParser.java:1212)
	at org.antlr.v4.runtime.tree.AbstractParseTreeVisitor.visitChildren(AbstractParseTreeVisitor.java:46)
	at de.letsbuildacompiler.parser.DemoBaseVisitor.visitStatement(DemoBaseVisitor.java:34)
	at de.letsbuildacompiler.parser.DemoParser$StatementContext.accept(DemoParser.java:287)
	at org.antlr.v4.runtime.tree.AbstractParseTreeVisitor.visitChildren(AbstractParseTreeVisitor.java:46)
	at de.letsbuildacompiler.parser.DemoBaseVisitor.visitMainStatement(DemoBaseVisitor.java:27)
	at de.letsbuildacompiler.parser.DemoParser$MainStatementContext.accept(DemoParser.java:222)
	at org.antlr.v4.runtime.tree.AbstractParseTreeVisitor.visit(AbstractParseTreeVisitor.java:18)
	at de.letsbuildacompiler.compiler.MyVisitor.visitProgram(MyVisitor.java:469)
	at de.letsbuildacompiler.compiler.MyVisitor.visitProgram(MyVisitor.java:1)
	at de.letsbuildacompiler.parser.DemoParser$ProgramContext.accept(DemoParser.java:130)
	at org.antlr.v4.runtime.tree.AbstractParseTreeVisitor.visit(AbstractParseTreeVisitor.java:18)
	at de.letsbuildacompiler.compiler.Main.compile(Main.java:34)
	at de.letsbulidacompiler.compiler.CompilerTest.compileAndRun(CompilerTest.java:274)
	at de.letsbulidacompiler.compiler.CompilerTest.compilingCode_throwsUndeclaredVariableException_ifWrintingUndefinedVariable(CompilerTest.java:77)
	at sun.reflect.NativeMethodAccessorImpl.invoke0(Native Method)
	at sun.reflect.NativeMethodAccessorImpl.invoke(NativeMethodAccessorImpl.java:62)
	at sun.reflect.DelegatingMethodAccessorImpl.invoke(DelegatingMethodAccessorImpl.java:43)
	at java.lang.reflect.Method.invoke(Method.java:498)
	at org.testng.internal.MethodInvocationHelper.invokeMethod(MethodInvocationHelper.java:108)
	at org.testng.internal.Invoker.invokeMethod(Invoker.java:669)
	at org.testng.internal.Invoker.invokeTestMethod(Invoker.java:877)
	at org.testng.internal.Invoker.invokeTestMethods(Invoker.java:1201)
	at org.testng.internal.TestMethodWorker.invokeTestMethods(TestMethodWorker.java:125)
	at org.testng.internal.TestMethodWorker.run(TestMethodWorker.java:109)
	at org.testng.TestRunner.privateRun(TestRunner.java:776)
	at org.testng.TestRunner.run(TestRunner.java:634)
	at org.testng.SuiteRunner.runTest(SuiteRunner.java:425)
	at org.testng.SuiteRunner.runSequentially(SuiteRunner.java:420)
	at org.testng.SuiteRunner.privateRun(SuiteRunner.java:385)
	at org.testng.SuiteRunner.run(SuiteRunner.java:334)
	at org.testng.SuiteRunnerWorker.runSuite(SuiteRunnerWorker.java:52)
	at org.testng.SuiteRunnerWorker.run(SuiteRunnerWorker.java:86)
	at org.testng.TestNG.runSuitesSequentially(TestNG.java:1318)
	at org.testng.TestNG.runSuitesLocally(TestNG.java:1243)
	at org.testng.TestNG.runSuites(TestNG.java:1161)
	at org.testng.TestNG.run(TestNG.java:1129)
	at org.testng.remote.AbstractRemoteTestNG.run(AbstractRemoteTestNG.java:114)
	at org.testng.remote.RemoteTestNG.initAndRun(RemoteTestNG.java:251)
	at org.testng.remote.RemoteTestNG.main(RemoteTestNG.java:77)
</pre></div><a href='#' onClick='toggleBox("stack-trace767010715", this, "Click to show all stack frames", "Click to hide stack frames")'>Click to show all stack frames</a>
<div class='stack-trace' id='stack-trace767010715'><pre>de.letsbulidacompiler.compiler.exceptions.UndeclaredVariableOrConstantException: 1:24 undeclared variable &lt;x&gt;
	at de.letsbuildacompiler.compiler.MyVisitor.requireVariableorConstantIndex(MyVisitor.java:505)
	at de.letsbuildacompiler.compiler.MyVisitor.visitAssignment(MyVisitor.java:380)
	at de.letsbuildacompiler.compiler.MyVisitor.visitAssignment(MyVisitor.java:1)
	at de.letsbuildacompiler.parser.DemoParser$AssignmentContext.accept(DemoParser.java:1212)
	at org.antlr.v4.runtime.tree.AbstractParseTreeVisitor.visitChildren(AbstractParseTreeVisitor.java:46)
	at de.letsbuildacompiler.parser.DemoBaseVisitor.visitStatement(DemoBaseVisitor.java:34)
	at de.letsbuildacompiler.parser.DemoParser$StatementContext.accept(DemoParser.java:287)
	at org.antlr.v4.runtime.tree.AbstractParseTreeVisitor.visitChildren(AbstractParseTreeVisitor.java:46)
	at de.letsbuildacompiler.parser.DemoBaseVisitor.visitMainStatement(DemoBaseVisitor.java:27)
	at de.letsbuildacompiler.parser.DemoParser$MainStatementContext.accept(DemoParser.java:222)
	at org.antlr.v4.runtime.tree.AbstractParseTreeVisitor.visit(AbstractParseTreeVisitor.java:18)
	at de.letsbuildacompiler.compiler.MyVisitor.visitProgram(MyVisitor.java:469)
	at de.letsbuildacompiler.compiler.MyVisitor.visitProgram(MyVisitor.java:1)
	at de.letsbuildacompiler.parser.DemoParser$ProgramContext.accept(DemoParser.java:130)
	at org.antlr.v4.runtime.tree.AbstractParseTreeVisitor.visit(AbstractParseTreeVisitor.java:18)
	at de.letsbuildacompiler.compiler.Main.compile(Main.java:34)
	at de.letsbulidacompiler.compiler.CompilerTest.compileAndRun(CompilerTest.java:274)
	at de.letsbulidacompiler.compiler.CompilerTest.compilingCode_throwsUndeclaredVariableException_ifWrintingUndefinedVariable(CompilerTest.java:77)
	at sun.reflect.NativeMethodAccessorImpl.invoke0(Native Method)
	at sun.reflect.NativeMethodAccessorImpl.invoke(NativeMethodAccessorImpl.java:62)
	at sun.reflect.DelegatingMethodAccessorImpl.invoke(DelegatingMethodAccessorImpl.java:43)
	at java.lang.reflect.Method.invoke(Method.java:498)
	at org.testng.internal.MethodInvocationHelper.invokeMethod(MethodInvocationHelper.java:108)
	at org.testng.internal.Invoker.invokeMethod(Invoker.java:669)
	at org.testng.internal.Invoker.invokeTestMethod(Invoker.java:877)
	at org.testng.internal.Invoker.invokeTestMethods(Invoker.java:1201)
	at org.testng.internal.TestMethodWorker.invokeTestMethods(TestMethodWorker.java:125)
	at org.testng.internal.TestMethodWorker.run(TestMethodWorker.java:109)
	at org.testng.TestRunner.privateRun(TestRunner.java:776)
	at org.testng.TestRunner.run(TestRunner.java:634)
	at org.testng.SuiteRunner.runTest(SuiteRunner.java:425)
	at org.testng.SuiteRunner.runSequentially(SuiteRunner.java:420)
	at org.testng.SuiteRunner.privateRun(SuiteRunner.java:385)
	at org.testng.SuiteRunner.run(SuiteRunner.java:334)
	at org.testng.SuiteRunnerWorker.runSuite(SuiteRunnerWorker.java:52)
	at org.testng.SuiteRunnerWorker.run(SuiteRunnerWorker.java:86)
	at org.testng.TestNG.runSuitesSequentially(TestNG.java:1318)
	at org.testng.TestNG.runSuitesLocally(TestNG.java:1243)
	at org.testng.TestNG.runSuites(TestNG.java:1161)
	at org.testng.TestNG.run(TestNG.java:1129)
	at org.testng.remote.AbstractRemoteTestNG.run(AbstractRemoteTestNG.java:114)
	at org.testng.remote.RemoteTestNG.initAndRun(RemoteTestNG.java:251)
	at org.testng.remote.RemoteTestNG.main(RemoteTestNG.java:77)
</pre></div></td>
<td>0</td>
<td>de.letsbulidacompiler.compiler.CompilerTest@4f933fd1</td></tr>
<tr>
<td title='de.letsbulidacompiler.compiler.CompilerTest.compilingCode_throwsUndefinedFunctionException_whenCallingUndefinedFunction()'><b>compilingCode_throwsUndefinedFunctionException_whenCallingUndefinedFunction</b><br>Test class: de.letsbulidacompiler.compiler.CompilerTest</td>
<td><div><pre>de.letsbulidacompiler.compiler.exceptions.UndefinedFunctionException: 1:32 call to undefined function: &lt;someUndefinedFunction&gt;
	at de.letsbuildacompiler.compiler.MyVisitor.visitFunctionCall(MyVisitor.java:269)
	at de.letsbuildacompiler.compiler.MyVisitor.visitFunctionCall(MyVisitor.java:1)
	at de.letsbuildacompiler.parser.DemoParser$FunctionCallContext.accept(DemoParser.java:1558)
	at org.antlr.v4.runtime.tree.AbstractParseTreeVisitor.visitChildren(AbstractParseTreeVisitor.java:46)
	at de.letsbuildacompiler.parser.DemoBaseVisitor.visitFuncCallExpression(DemoBaseVisitor.java:146)
	at de.letsbuildacompiler.parser.DemoParser$FuncCallExpressionContext.accept(DemoParser.java:804)
	at org.antlr.v4.runtime.tree.AbstractParseTreeVisitor.visit(AbstractParseTreeVisitor.java:18)
	at de.letsbuildacompiler.compiler.MyVisitor.visitWriteln(MyVisitor.java:65)
	at de.letsbuildacompiler.compiler.MyVisitor.visitWriteln(MyVisitor.java:1)
	at de.letsbuildacompiler.parser.DemoParser$WritelnContext.accept(DemoParser.java:1253)
	at org.antlr.v4.runtime.tree.AbstractParseTreeVisitor.visitChildren(AbstractParseTreeVisitor.java:46)
	at de.letsbuildacompiler.parser.DemoBaseVisitor.visitStatement(DemoBaseVisitor.java:34)
	at de.letsbuildacompiler.parser.DemoParser$StatementContext.accept(DemoParser.java:287)
	at org.antlr.v4.runtime.tree.AbstractParseTreeVisitor.visitChildren(AbstractParseTreeVisitor.java:46)
	at de.letsbuildacompiler.parser.DemoBaseVisitor.visitMainStatement(DemoBaseVisitor.java:27)
	at de.letsbuildacompiler.parser.DemoParser$MainStatementContext.accept(DemoParser.java:222)
	at org.antlr.v4.runtime.tree.AbstractParseTreeVisitor.visit(AbstractParseTreeVisitor.java:18)
	at de.letsbuildacompiler.compiler.MyVisitor.visitProgram(MyVisitor.java:469)
	at de.letsbuildacompiler.compiler.MyVisitor.visitProgram(MyVisitor.java:1)
	at de.letsbuildacompiler.parser.DemoParser$ProgramContext.accept(DemoParser.java:130)
	at org.antlr.v4.runtime.tree.AbstractParseTreeVisitor.visit(AbstractParseTreeVisitor.java:18)
	at de.letsbuildacompiler.compiler.Main.compile(Main.java:34)
	at de.letsbulidacompiler.compiler.CompilerTest.compileAndRun(CompilerTest.java:274)
	at de.letsbulidacompiler.compiler.CompilerTest.compilingCode_throwsUndefinedFunctionException_whenCallingUndefinedFunction(CompilerTest.java:106)
	at sun.reflect.NativeMethodAccessorImpl.invoke0(Native Method)
	at sun.reflect.NativeMethodAccessorImpl.invoke(NativeMethodAccessorImpl.java:62)
	at sun.reflect.DelegatingMethodAccessorImpl.invoke(DelegatingMethodAccessorImpl.java:43)
	at java.lang.reflect.Method.invoke(Method.java:498)
	at org.testng.internal.MethodInvocationHelper.invokeMethod(MethodInvocationHelper.java:108)
	at org.testng.internal.Invoker.invokeMethod(Invoker.java:669)
	at org.testng.internal.Invoker.invokeTestMethod(Invoker.java:877)
	at org.testng.internal.Invoker.invokeTestMethods(Invoker.java:1201)
	at org.testng.internal.TestMethodWorker.invokeTestMethods(TestMethodWorker.java:125)
	at org.testng.internal.TestMethodWorker.run(TestMethodWorker.java:109)
	at org.testng.TestRunner.privateRun(TestRunner.java:776)
	at org.testng.TestRunner.run(TestRunner.java:634)
	at org.testng.SuiteRunner.runTest(SuiteRunner.java:425)
	at org.testng.SuiteRunner.runSequentially(SuiteRunner.java:420)
	at org.testng.SuiteRunner.privateRun(SuiteRunner.java:385)
	at org.testng.SuiteRunner.run(SuiteRunner.java:334)
	at org.testng.SuiteRunnerWorker.runSuite(SuiteRunnerWorker.java:52)
	at org.testng.SuiteRunnerWorker.run(SuiteRunnerWorker.java:86)
	at org.testng.TestNG.runSuitesSequentially(TestNG.java:1318)
	at org.testng.TestNG.runSuitesLocally(TestNG.java:1243)
	at org.testng.TestNG.runSuites(TestNG.java:1161)
	at org.testng.TestNG.run(TestNG.java:1129)
	at org.testng.remote.AbstractRemoteTestNG.run(AbstractRemoteTestNG.java:114)
	at org.testng.remote.RemoteTestNG.initAndRun(RemoteTestNG.java:251)
	at org.testng.remote.RemoteTestNG.main(RemoteTestNG.java:77)
</pre></div><a href='#' onClick='toggleBox("stack-trace1391942103", this, "Click to show all stack frames", "Click to hide stack frames")'>Click to show all stack frames</a>
<div class='stack-trace' id='stack-trace1391942103'><pre>de.letsbulidacompiler.compiler.exceptions.UndefinedFunctionException: 1:32 call to undefined function: &lt;someUndefinedFunction&gt;
	at de.letsbuildacompiler.compiler.MyVisitor.visitFunctionCall(MyVisitor.java:269)
	at de.letsbuildacompiler.compiler.MyVisitor.visitFunctionCall(MyVisitor.java:1)
	at de.letsbuildacompiler.parser.DemoParser$FunctionCallContext.accept(DemoParser.java:1558)
	at org.antlr.v4.runtime.tree.AbstractParseTreeVisitor.visitChildren(AbstractParseTreeVisitor.java:46)
	at de.letsbuildacompiler.parser.DemoBaseVisitor.visitFuncCallExpression(DemoBaseVisitor.java:146)
	at de.letsbuildacompiler.parser.DemoParser$FuncCallExpressionContext.accept(DemoParser.java:804)
	at org.antlr.v4.runtime.tree.AbstractParseTreeVisitor.visit(AbstractParseTreeVisitor.java:18)
	at de.letsbuildacompiler.compiler.MyVisitor.visitWriteln(MyVisitor.java:65)
	at de.letsbuildacompiler.compiler.MyVisitor.visitWriteln(MyVisitor.java:1)
	at de.letsbuildacompiler.parser.DemoParser$WritelnContext.accept(DemoParser.java:1253)
	at org.antlr.v4.runtime.tree.AbstractParseTreeVisitor.visitChildren(AbstractParseTreeVisitor.java:46)
	at de.letsbuildacompiler.parser.DemoBaseVisitor.visitStatement(DemoBaseVisitor.java:34)
	at de.letsbuildacompiler.parser.DemoParser$StatementContext.accept(DemoParser.java:287)
	at org.antlr.v4.runtime.tree.AbstractParseTreeVisitor.visitChildren(AbstractParseTreeVisitor.java:46)
	at de.letsbuildacompiler.parser.DemoBaseVisitor.visitMainStatement(DemoBaseVisitor.java:27)
	at de.letsbuildacompiler.parser.DemoParser$MainStatementContext.accept(DemoParser.java:222)
	at org.antlr.v4.runtime.tree.AbstractParseTreeVisitor.visit(AbstractParseTreeVisitor.java:18)
	at de.letsbuildacompiler.compiler.MyVisitor.visitProgram(MyVisitor.java:469)
	at de.letsbuildacompiler.compiler.MyVisitor.visitProgram(MyVisitor.java:1)
	at de.letsbuildacompiler.parser.DemoParser$ProgramContext.accept(DemoParser.java:130)
	at org.antlr.v4.runtime.tree.AbstractParseTreeVisitor.visit(AbstractParseTreeVisitor.java:18)
	at de.letsbuildacompiler.compiler.Main.compile(Main.java:34)
	at de.letsbulidacompiler.compiler.CompilerTest.compileAndRun(CompilerTest.java:274)
	at de.letsbulidacompiler.compiler.CompilerTest.compilingCode_throwsUndefinedFunctionException_whenCallingUndefinedFunction(CompilerTest.java:106)
	at sun.reflect.NativeMethodAccessorImpl.invoke0(Native Method)
	at sun.reflect.NativeMethodAccessorImpl.invoke(NativeMethodAccessorImpl.java:62)
	at sun.reflect.DelegatingMethodAccessorImpl.invoke(DelegatingMethodAccessorImpl.java:43)
	at java.lang.reflect.Method.invoke(Method.java:498)
	at org.testng.internal.MethodInvocationHelper.invokeMethod(MethodInvocationHelper.java:108)
	at org.testng.internal.Invoker.invokeMethod(Invoker.java:669)
	at org.testng.internal.Invoker.invokeTestMethod(Invoker.java:877)
	at org.testng.internal.Invoker.invokeTestMethods(Invoker.java:1201)
	at org.testng.internal.TestMethodWorker.invokeTestMethods(TestMethodWorker.java:125)
	at org.testng.internal.TestMethodWorker.run(TestMethodWorker.java:109)
	at org.testng.TestRunner.privateRun(TestRunner.java:776)
	at org.testng.TestRunner.run(TestRunner.java:634)
	at org.testng.SuiteRunner.runTest(SuiteRunner.java:425)
	at org.testng.SuiteRunner.runSequentially(SuiteRunner.java:420)
	at org.testng.SuiteRunner.privateRun(SuiteRunner.java:385)
	at org.testng.SuiteRunner.run(SuiteRunner.java:334)
	at org.testng.SuiteRunnerWorker.runSuite(SuiteRunnerWorker.java:52)
	at org.testng.SuiteRunnerWorker.run(SuiteRunnerWorker.java:86)
	at org.testng.TestNG.runSuitesSequentially(TestNG.java:1318)
	at org.testng.TestNG.runSuitesLocally(TestNG.java:1243)
	at org.testng.TestNG.runSuites(TestNG.java:1161)
	at org.testng.TestNG.run(TestNG.java:1129)
	at org.testng.remote.AbstractRemoteTestNG.run(AbstractRemoteTestNG.java:114)
	at org.testng.remote.RemoteTestNG.initAndRun(RemoteTestNG.java:251)
	at org.testng.remote.RemoteTestNG.main(RemoteTestNG.java:77)
</pre></div></td>
<td>0</td>
<td>de.letsbulidacompiler.compiler.CompilerTest@4f933fd1</td></tr>
<tr>
<td title='de.letsbulidacompiler.compiler.CompilerTest.compilingCode_throwsVariableAlreadyDefinedException_whenDefiningAlreadyDefinedVariable()'><b>compilingCode_throwsVariableAlreadyDefinedException_whenDefiningAlreadyDefinedVariable</b><br>Test class: de.letsbulidacompiler.compiler.CompilerTest</td>
<td><div><pre>de.letsbulidacompiler.compiler.exceptions.VariableAlreadyDefinedException: 2:0 variable already defined: &lt;x&gt;
	at de.letsbuildacompiler.compiler.MyVisitor.visitVarDeclaration(MyVisitor.java:357)
	at de.letsbuildacompiler.compiler.MyVisitor.visitVarDeclaration(MyVisitor.java:1)
	at de.letsbuildacompiler.parser.DemoParser$VarDeclarationContext.accept(DemoParser.java:1128)
	at org.antlr.v4.runtime.tree.AbstractParseTreeVisitor.visitChildren(AbstractParseTreeVisitor.java:46)
	at de.letsbuildacompiler.parser.DemoBaseVisitor.visitBlockVarDeclaration(DemoBaseVisitor.java:153)
	at de.letsbuildacompiler.parser.DemoParser$BlockVarDeclarationContext.accept(DemoParser.java:1020)
	at org.antlr.v4.runtime.tree.AbstractParseTreeVisitor.visit(AbstractParseTreeVisitor.java:18)
	at de.letsbuildacompiler.compiler.MyVisitor.visitProgram(MyVisitor.java:446)
	at de.letsbuildacompiler.compiler.MyVisitor.visitProgram(MyVisitor.java:1)
	at de.letsbuildacompiler.parser.DemoParser$ProgramContext.accept(DemoParser.java:130)
	at org.antlr.v4.runtime.tree.AbstractParseTreeVisitor.visit(AbstractParseTreeVisitor.java:18)
	at de.letsbuildacompiler.compiler.Main.compile(Main.java:34)
	at de.letsbulidacompiler.compiler.CompilerTest.compileAndRun(CompilerTest.java:274)
	at de.letsbulidacompiler.compiler.CompilerTest.compilingCode_throwsVariableAlreadyDefinedException_whenDefiningAlreadyDefinedVariable(CompilerTest.java:86)
	at sun.reflect.NativeMethodAccessorImpl.invoke0(Native Method)
	at sun.reflect.NativeMethodAccessorImpl.invoke(NativeMethodAccessorImpl.java:62)
	at sun.reflect.DelegatingMethodAccessorImpl.invoke(DelegatingMethodAccessorImpl.java:43)
	at java.lang.reflect.Method.invoke(Method.java:498)
	at org.testng.internal.MethodInvocationHelper.invokeMethod(MethodInvocationHelper.java:108)
	at org.testng.internal.Invoker.invokeMethod(Invoker.java:669)
	at org.testng.internal.Invoker.invokeTestMethod(Invoker.java:877)
	at org.testng.internal.Invoker.invokeTestMethods(Invoker.java:1201)
	at org.testng.internal.TestMethodWorker.invokeTestMethods(TestMethodWorker.java:125)
	at org.testng.internal.TestMethodWorker.run(TestMethodWorker.java:109)
	at org.testng.TestRunner.privateRun(TestRunner.java:776)
	at org.testng.TestRunner.run(TestRunner.java:634)
	at org.testng.SuiteRunner.runTest(SuiteRunner.java:425)
	at org.testng.SuiteRunner.runSequentially(SuiteRunner.java:420)
	at org.testng.SuiteRunner.privateRun(SuiteRunner.java:385)
	at org.testng.SuiteRunner.run(SuiteRunner.java:334)
	at org.testng.SuiteRunnerWorker.runSuite(SuiteRunnerWorker.java:52)
	at org.testng.SuiteRunnerWorker.run(SuiteRunnerWorker.java:86)
	at org.testng.TestNG.runSuitesSequentially(TestNG.java:1318)
	at org.testng.TestNG.runSuitesLocally(TestNG.java:1243)
	at org.testng.TestNG.runSuites(TestNG.java:1161)
	at org.testng.TestNG.run(TestNG.java:1129)
	at org.testng.remote.AbstractRemoteTestNG.run(AbstractRemoteTestNG.java:114)
	at org.testng.remote.RemoteTestNG.initAndRun(RemoteTestNG.java:251)
	at org.testng.remote.RemoteTestNG.main(RemoteTestNG.java:77)
</pre></div><a href='#' onClick='toggleBox("stack-trace1453128758", this, "Click to show all stack frames", "Click to hide stack frames")'>Click to show all stack frames</a>
<div class='stack-trace' id='stack-trace1453128758'><pre>de.letsbulidacompiler.compiler.exceptions.VariableAlreadyDefinedException: 2:0 variable already defined: &lt;x&gt;
	at de.letsbuildacompiler.compiler.MyVisitor.visitVarDeclaration(MyVisitor.java:357)
	at de.letsbuildacompiler.compiler.MyVisitor.visitVarDeclaration(MyVisitor.java:1)
	at de.letsbuildacompiler.parser.DemoParser$VarDeclarationContext.accept(DemoParser.java:1128)
	at org.antlr.v4.runtime.tree.AbstractParseTreeVisitor.visitChildren(AbstractParseTreeVisitor.java:46)
	at de.letsbuildacompiler.parser.DemoBaseVisitor.visitBlockVarDeclaration(DemoBaseVisitor.java:153)
	at de.letsbuildacompiler.parser.DemoParser$BlockVarDeclarationContext.accept(DemoParser.java:1020)
	at org.antlr.v4.runtime.tree.AbstractParseTreeVisitor.visit(AbstractParseTreeVisitor.java:18)
	at de.letsbuildacompiler.compiler.MyVisitor.visitProgram(MyVisitor.java:446)
	at de.letsbuildacompiler.compiler.MyVisitor.visitProgram(MyVisitor.java:1)
	at de.letsbuildacompiler.parser.DemoParser$ProgramContext.accept(DemoParser.java:130)
	at org.antlr.v4.runtime.tree.AbstractParseTreeVisitor.visit(AbstractParseTreeVisitor.java:18)
	at de.letsbuildacompiler.compiler.Main.compile(Main.java:34)
	at de.letsbulidacompiler.compiler.CompilerTest.compileAndRun(CompilerTest.java:274)
	at de.letsbulidacompiler.compiler.CompilerTest.compilingCode_throwsVariableAlreadyDefinedException_whenDefiningAlreadyDefinedVariable(CompilerTest.java:86)
	at sun.reflect.NativeMethodAccessorImpl.invoke0(Native Method)
	at sun.reflect.NativeMethodAccessorImpl.invoke(NativeMethodAccessorImpl.java:62)
	at sun.reflect.DelegatingMethodAccessorImpl.invoke(DelegatingMethodAccessorImpl.java:43)
	at java.lang.reflect.Method.invoke(Method.java:498)
	at org.testng.internal.MethodInvocationHelper.invokeMethod(MethodInvocationHelper.java:108)
	at org.testng.internal.Invoker.invokeMethod(Invoker.java:669)
	at org.testng.internal.Invoker.invokeTestMethod(Invoker.java:877)
	at org.testng.internal.Invoker.invokeTestMethods(Invoker.java:1201)
	at org.testng.internal.TestMethodWorker.invokeTestMethods(TestMethodWorker.java:125)
	at org.testng.internal.TestMethodWorker.run(TestMethodWorker.java:109)
	at org.testng.TestRunner.privateRun(TestRunner.java:776)
	at org.testng.TestRunner.run(TestRunner.java:634)
	at org.testng.SuiteRunner.runTest(SuiteRunner.java:425)
	at org.testng.SuiteRunner.runSequentially(SuiteRunner.java:420)
	at org.testng.SuiteRunner.privateRun(SuiteRunner.java:385)
	at org.testng.SuiteRunner.run(SuiteRunner.java:334)
	at org.testng.SuiteRunnerWorker.runSuite(SuiteRunnerWorker.java:52)
	at org.testng.SuiteRunnerWorker.run(SuiteRunnerWorker.java:86)
	at org.testng.TestNG.runSuitesSequentially(TestNG.java:1318)
	at org.testng.TestNG.runSuitesLocally(TestNG.java:1243)
	at org.testng.TestNG.runSuites(TestNG.java:1161)
	at org.testng.TestNG.run(TestNG.java:1129)
	at org.testng.remote.AbstractRemoteTestNG.run(AbstractRemoteTestNG.java:114)
	at org.testng.remote.RemoteTestNG.initAndRun(RemoteTestNG.java:251)
	at org.testng.remote.RemoteTestNG.main(RemoteTestNG.java:77)
</pre></div></td>
<td>0</td>
<td>de.letsbulidacompiler.compiler.CompilerTest@4f933fd1</td></tr>
<tr>
<td title='de.letsbulidacompiler.compiler.CompilerTest.runningCode_outputExpectedText()'><b>runningCode_outputExpectedText</b><br>Test class: de.letsbulidacompiler.compiler.CompilerTest<br>Parameters: plus, program Plus; BEGIN writeln(1+2); END., 3
</td>
<td></td>
<td>0</td>
<td>de.letsbulidacompiler.compiler.CompilerTest@4f933fd1</td></tr>
<tr>
<td title='de.letsbulidacompiler.compiler.CompilerTest.runningCode_outputExpectedText()'><b>runningCode_outputExpectedText</b><br>Test class: de.letsbulidacompiler.compiler.CompilerTest<br>Parameters: chained plus, program chainedPlus; BEGIN writeln(1+2+42); END., 45
</td>
<td></td>
<td>0</td>
<td>de.letsbulidacompiler.compiler.CompilerTest@4f933fd1</td></tr>
<tr>
<td title='de.letsbulidacompiler.compiler.CompilerTest.runningCode_outputExpectedText()'><b>runningCode_outputExpectedText</b><br>Test class: de.letsbulidacompiler.compiler.CompilerTest<br>Parameters: multiple statements, program compiler; BEGIN writeln(1); writeln(2); END., 1
2
</td>
<td></td>
<td>0</td>
<td>de.letsbulidacompiler.compiler.CompilerTest@4f933fd1</td></tr>
<tr>
<td title='de.letsbulidacompiler.compiler.CompilerTest.runningCode_outputExpectedText()'><b>runningCode_outputExpectedText</b><br>Test class: de.letsbulidacompiler.compiler.CompilerTest<br>Parameters: minus, program minus; BEGIN writeln(3-2); END., 1
</td>
<td></td>
<td>0</td>
<td>de.letsbulidacompiler.compiler.CompilerTest@4f933fd1</td></tr>
<tr>
<td title='de.letsbulidacompiler.compiler.CompilerTest.runningCode_outputExpectedText()'><b>runningCode_outputExpectedText</b><br>Test class: de.letsbulidacompiler.compiler.CompilerTest<br>Parameters: times, program times; BEGIN writeln(2*3); END., 6
</td>
<td></td>
<td>0</td>
<td>de.letsbulidacompiler.compiler.CompilerTest@4f933fd1</td></tr>
<tr>
<td title='de.letsbulidacompiler.compiler.CompilerTest.runningCode_outputExpectedText()'><b>runningCode_outputExpectedText</b><br>Test class: de.letsbulidacompiler.compiler.CompilerTest<br>Parameters: divide, program divide; BEGIN writeln(6/2); END., 3
</td>
<td></td>
<td>0</td>
<td>de.letsbulidacompiler.compiler.CompilerTest@4f933fd1</td></tr>
<tr>
<td title='de.letsbulidacompiler.compiler.CompilerTest.runningCode_outputExpectedText()'><b>runningCode_outputExpectedText</b><br>Test class: de.letsbulidacompiler.compiler.CompilerTest<br>Parameters: divide and truncate, program divideAndTruncate; BEGIN writeln(7/2); END., 3
</td>
<td></td>
<td>0</td>
<td>de.letsbulidacompiler.compiler.CompilerTest@4f933fd1</td></tr>
<tr>
<td title='de.letsbulidacompiler.compiler.CompilerTest.runningCode_outputExpectedText()'><b>runningCode_outputExpectedText</b><br>Test class: de.letsbulidacompiler.compiler.CompilerTest<br>Parameters: precedence times and divide, program timesAndDivide; BEGIN writeln(8/2*4); END., 16
</td>
<td></td>
<td>0</td>
<td>de.letsbulidacompiler.compiler.CompilerTest@4f933fd1</td></tr>
<tr>
<td title='de.letsbulidacompiler.compiler.CompilerTest.runningCode_outputExpectedText()'><b>runningCode_outputExpectedText</b><br>Test class: de.letsbulidacompiler.compiler.CompilerTest<br>Parameters: precedence plus and times, program plusAndTimes; BEGIN writeln(2+3*3); END., 11
</td>
<td></td>
<td>0</td>
<td>de.letsbulidacompiler.compiler.CompilerTest@4f933fd1</td></tr>
<tr>
<td title='de.letsbulidacompiler.compiler.CompilerTest.runningCode_outputExpectedText()'><b>runningCode_outputExpectedText</b><br>Test class: de.letsbulidacompiler.compiler.CompilerTest<br>Parameters: precedence minus and times, program minusAndTimes; BEGIN writeln(9-2*3); END., 3
</td>
<td></td>
<td>0</td>
<td>de.letsbulidacompiler.compiler.CompilerTest@4f933fd1</td></tr>
<tr>
<td title='de.letsbulidacompiler.compiler.CompilerTest.runningCode_outputExpectedText()'><b>runningCode_outputExpectedText</b><br>Test class: de.letsbulidacompiler.compiler.CompilerTest<br>Parameters: precedence minus and plus, program minusAndPlus; BEGIN writeln(8-2+5); END., 11
</td>
<td></td>
<td>0</td>
<td>de.letsbulidacompiler.compiler.CompilerTest@4f933fd1</td></tr>
<tr>
<td title='de.letsbulidacompiler.compiler.CompilerTest.runningCode_outputExpectedText()'><b>runningCode_outputExpectedText</b><br>Test class: de.letsbulidacompiler.compiler.CompilerTest<br>Parameters: int variable, program intVariable; VAR foo: int; BEGIN foo = 42; writeln(foo); END., 42
</td>
<td></td>
<td>0</td>
<td>de.letsbulidacompiler.compiler.CompilerTest@4f933fd1</td></tr>
<tr>
<td title='de.letsbulidacompiler.compiler.CompilerTest.runningCode_outputExpectedText()'><b>runningCode_outputExpectedText</b><br>Test class: de.letsbulidacompiler.compiler.CompilerTest<br>Parameters: add var and constant parameter, program addVarAndConstantParameter; VAR foo: int; BEGIN foo = 42; writeln(foo+2); END., 44
</td>
<td></td>
<td>0</td>
<td>de.letsbulidacompiler.compiler.CompilerTest@4f933fd1</td></tr>
<tr>
<td title='de.letsbulidacompiler.compiler.CompilerTest.runningCode_outputExpectedText()'><b>runningCode_outputExpectedText</b><br>Test class: de.letsbulidacompiler.compiler.CompilerTest<br>Parameters: add two vars parameter, program addTwoVarsParameter; VAR a: int; b: int; BEGIN a = 2; b = 5; writeln(a+b); END., 7
</td>
<td></td>
<td>0</td>
<td>de.letsbulidacompiler.compiler.CompilerTest@4f933fd1</td></tr>
<tr>
<td title='de.letsbulidacompiler.compiler.CompilerTest.runningCode_outputExpectedText()'><b>runningCode_outputExpectedText</b><br>Test class: de.letsbulidacompiler.compiler.CompilerTest<br>Parameters: return only function, program returnOnlyFunction; function randomNumber(): int; BEGIN return 4; END; BEGIN writeln(randomNumber()); END., 4
</td>
<td></td>
<td>0</td>
<td>de.letsbulidacompiler.compiler.CompilerTest@4f933fd1</td></tr>
<tr>
<td title='de.letsbulidacompiler.compiler.CompilerTest.runningCode_outputExpectedText()'><b>runningCode_outputExpectedText</b><br>Test class: de.letsbulidacompiler.compiler.CompilerTest<br>Parameters: function/simple_function, program simpleFunction;
function randomNumber(): int; 
VAR
i: int;
BEGIN
  i = 4;
  return i;
END;

BEGIN 
	writeln(randomNumber());
END., 4
</td>
<td></td>
<td>0</td>
<td>de.letsbulidacompiler.compiler.CompilerTest@4f933fd1</td></tr>
<tr>
<td title='de.letsbulidacompiler.compiler.CompilerTest.runningCode_outputExpectedText()'><b>runningCode_outputExpectedText</b><br>Test class: de.letsbulidacompiler.compiler.CompilerTest<br>Parameters: function/int_parameters, program intParameters;

function add(a: int, b: int): int;
BEGIN
  return a+b;
END;
	
BEGIN 
	writeln(add(5,8));
END., 13
</td>
<td></td>
<td>0</td>
<td>de.letsbulidacompiler.compiler.CompilerTest@4f933fd1</td></tr>
<tr>
<td title='de.letsbulidacompiler.compiler.CompilerTest.runningCode_outputExpectedText()'><b>runningCode_outputExpectedText</b><br>Test class: de.letsbulidacompiler.compiler.CompilerTest<br>Parameters: branch/if_int_false, program ifIntFalse;
BEGIN 
	if (0) then 
	  BEGIN
	  writeln(81);
	  END
	else 
	  BEGIN
	  writeln(42);
	  END;
END., 42
</td>
<td></td>
<td>0</td>
<td>de.letsbulidacompiler.compiler.CompilerTest@4f933fd1</td></tr>
<tr>
<td title='de.letsbulidacompiler.compiler.CompilerTest.runningCode_outputExpectedText()'><b>runningCode_outputExpectedText</b><br>Test class: de.letsbulidacompiler.compiler.CompilerTest<br>Parameters: branch/if_int_true, program ifIntTrue;
BEGIN 
	if (1) then 
	  BEGIN
	  writeln(81);
	  END
	else
	  BEGIN
	  writeln(42);
	  END;
END., 81
</td>
<td></td>
<td>0</td>
<td>de.letsbulidacompiler.compiler.CompilerTest@4f933fd1</td></tr>
<tr>
<td title='de.letsbulidacompiler.compiler.CompilerTest.runningCode_outputExpectedText()'><b>runningCode_outputExpectedText</b><br>Test class: de.letsbulidacompiler.compiler.CompilerTest<br>Parameters: lower than true, program compiler; BEGIN writeln(1 < 2); END., 1
</td>
<td></td>
<td>0</td>
<td>de.letsbulidacompiler.compiler.CompilerTest@4f933fd1</td></tr>
<tr>
<td title='de.letsbulidacompiler.compiler.CompilerTest.runningCode_outputExpectedText()'><b>runningCode_outputExpectedText</b><br>Test class: de.letsbulidacompiler.compiler.CompilerTest<br>Parameters: lower than false, program compiler; BEGIN writeln(2 < 2); END., 0
</td>
<td></td>
<td>0</td>
<td>de.letsbulidacompiler.compiler.CompilerTest@4f933fd1</td></tr>
<tr>
<td title='de.letsbulidacompiler.compiler.CompilerTest.runningCode_outputExpectedText()'><b>runningCode_outputExpectedText</b><br>Test class: de.letsbulidacompiler.compiler.CompilerTest<br>Parameters: lower than or equal true, program compiler; BEGIN writeln(2 <= 2); END., 1
</td>
<td></td>
<td>0</td>
<td>de.letsbulidacompiler.compiler.CompilerTest@4f933fd1</td></tr>
<tr>
<td title='de.letsbulidacompiler.compiler.CompilerTest.runningCode_outputExpectedText()'><b>runningCode_outputExpectedText</b><br>Test class: de.letsbulidacompiler.compiler.CompilerTest<br>Parameters: lower than or equal false, program compiler; BEGIN writeln(3 <= 2); END., 0
</td>
<td></td>
<td>0</td>
<td>de.letsbulidacompiler.compiler.CompilerTest@4f933fd1</td></tr>
<tr>
<td title='de.letsbulidacompiler.compiler.CompilerTest.runningCode_outputExpectedText()'><b>runningCode_outputExpectedText</b><br>Test class: de.letsbulidacompiler.compiler.CompilerTest<br>Parameters: greater than true, program compiler; BEGIN writeln(3 > 2); END., 1
</td>
<td></td>
<td>0</td>
<td>de.letsbulidacompiler.compiler.CompilerTest@4f933fd1</td></tr>
<tr>
<td title='de.letsbulidacompiler.compiler.CompilerTest.runningCode_outputExpectedText()'><b>runningCode_outputExpectedText</b><br>Test class: de.letsbulidacompiler.compiler.CompilerTest<br>Parameters: greater than false, program compiler; BEGIN writeln(2 > 2); END., 0
</td>
<td></td>
<td>0</td>
<td>de.letsbulidacompiler.compiler.CompilerTest@4f933fd1</td></tr>
<tr>
<td title='de.letsbulidacompiler.compiler.CompilerTest.runningCode_outputExpectedText()'><b>runningCode_outputExpectedText</b><br>Test class: de.letsbulidacompiler.compiler.CompilerTest<br>Parameters: greater than or equal true, program compiler; BEGIN writeln(2 >= 2); END., 1
</td>
<td></td>
<td>0</td>
<td>de.letsbulidacompiler.compiler.CompilerTest@4f933fd1</td></tr>
<tr>
<td title='de.letsbulidacompiler.compiler.CompilerTest.runningCode_outputExpectedText()'><b>runningCode_outputExpectedText</b><br>Test class: de.letsbulidacompiler.compiler.CompilerTest<br>Parameters: greater than or equal false, program compiler; BEGIN writeln(1 >= 2); END., 0
</td>
<td></td>
<td>0</td>
<td>de.letsbulidacompiler.compiler.CompilerTest@4f933fd1</td></tr>
<tr>
<td title='de.letsbulidacompiler.compiler.CompilerTest.runningCode_outputExpectedText()'><b>runningCode_outputExpectedText</b><br>Test class: de.letsbulidacompiler.compiler.CompilerTest<br>Parameters: and true, program compiler; BEGIN writeln(1 && 1); END., 1
</td>
<td></td>
<td>0</td>
<td>de.letsbulidacompiler.compiler.CompilerTest@4f933fd1</td></tr>
<tr>
<td title='de.letsbulidacompiler.compiler.CompilerTest.runningCode_outputExpectedText()'><b>runningCode_outputExpectedText</b><br>Test class: de.letsbulidacompiler.compiler.CompilerTest<br>Parameters: and left false, program compiler; BEGIN writeln(0 && 1); END., 0
</td>
<td></td>
<td>0</td>
<td>de.letsbulidacompiler.compiler.CompilerTest@4f933fd1</td></tr>
<tr>
<td title='de.letsbulidacompiler.compiler.CompilerTest.runningCode_outputExpectedText()'><b>runningCode_outputExpectedText</b><br>Test class: de.letsbulidacompiler.compiler.CompilerTest<br>Parameters: and right false, program compiler; BEGIN writeln(1 && 0); END., 0
</td>
<td></td>
<td>0</td>
<td>de.letsbulidacompiler.compiler.CompilerTest@4f933fd1</td></tr>
<tr>
<td title='de.letsbulidacompiler.compiler.CompilerTest.runningCode_outputExpectedText()'><b>runningCode_outputExpectedText</b><br>Test class: de.letsbulidacompiler.compiler.CompilerTest<br>Parameters: or false, program compiler; BEGIN writeln(0 || 0); END., 0
</td>
<td></td>
<td>0</td>
<td>de.letsbulidacompiler.compiler.CompilerTest@4f933fd1</td></tr>
<tr>
<td title='de.letsbulidacompiler.compiler.CompilerTest.runningCode_outputExpectedText()'><b>runningCode_outputExpectedText</b><br>Test class: de.letsbulidacompiler.compiler.CompilerTest<br>Parameters: or left true, program compiler; BEGIN writeln(1 || 0); END., 1
</td>
<td></td>
<td>0</td>
<td>de.letsbulidacompiler.compiler.CompilerTest@4f933fd1</td></tr>
<tr>
<td title='de.letsbulidacompiler.compiler.CompilerTest.runningCode_outputExpectedText()'><b>runningCode_outputExpectedText</b><br>Test class: de.letsbulidacompiler.compiler.CompilerTest<br>Parameters: or right true, program compiler; BEGIN writeln(0 || 1); END., 1
</td>
<td></td>
<td>0</td>
<td>de.letsbulidacompiler.compiler.CompilerTest@4f933fd1</td></tr>
<tr>
<td title='de.letsbulidacompiler.compiler.CompilerTest.runningCode_outputExpectedText()'><b>runningCode_outputExpectedText</b><br>Test class: de.letsbulidacompiler.compiler.CompilerTest<br>Parameters: operators/and-skip-right, program compiler;
function x(i: int): int;
BEGIN
	writeln(i);
	return i;
END;
	
BEGIN 	
	writeln(x(0) && x(0));
END., 0
0
</td>
<td></td>
<td>0</td>
<td>de.letsbulidacompiler.compiler.CompilerTest@4f933fd1</td></tr>
<tr>
<td title='de.letsbulidacompiler.compiler.CompilerTest.runningCode_outputExpectedText()'><b>runningCode_outputExpectedText</b><br>Test class: de.letsbulidacompiler.compiler.CompilerTest<br>Parameters: operators/or-skip-right, program compiler;

function x(i: int): int;
BEGIN
	writeln(i);
	return i;
END;
	
BEGIN 	
	writeln(x(1) || x(0));
END., 1
1
</td>
<td></td>
<td>0</td>
<td>de.letsbulidacompiler.compiler.CompilerTest@4f933fd1</td></tr>
<tr>
<td title='de.letsbulidacompiler.compiler.CompilerTest.runningCode_outputExpectedText()'><b>runningCode_outputExpectedText</b><br>Test class: de.letsbulidacompiler.compiler.CompilerTest<br>Parameters: write, program compiler; BEGIN write(42); END., 42</td>
<td></td>
<td>0</td>
<td>de.letsbulidacompiler.compiler.CompilerTest@4f933fd1</td></tr>
<tr>
<td title='de.letsbulidacompiler.compiler.CompilerTest.runningCode_outputExpectedText()'><b>runningCode_outputExpectedText</b><br>Test class: de.letsbulidacompiler.compiler.CompilerTest<br>Parameters: write string literal, program compiler; BEGIN write("hello world"); END., hello world</td>
<td></td>
<td>0</td>
<td>de.letsbulidacompiler.compiler.CompilerTest@4f933fd1</td></tr>
<tr>
<td title='de.letsbulidacompiler.compiler.CompilerTest.runningCode_outputExpectedText()'><b>runningCode_outputExpectedText</b><br>Test class: de.letsbulidacompiler.compiler.CompilerTest<br>Parameters: conditionalStructures/whileStatementLess, program whileStatementLess;
VAR
	x: int;
BEGIN	
	x = 0;
	while x<10 do
	BEGIN 
		x = x + 1; 
	END;
	writeln(x);
END., 10
</td>
<td></td>
<td>0</td>
<td>de.letsbulidacompiler.compiler.CompilerTest@4f933fd1</td></tr>
<tr>
<td title='de.letsbulidacompiler.compiler.CompilerTest.runningCode_outputExpectedText()'><b>runningCode_outputExpectedText</b><br>Test class: de.letsbulidacompiler.compiler.CompilerTest<br>Parameters: conditionalStructures/whileStatementLessEqual, program whileStatementLessEqual;
VAR
	x: int;
BEGIN	
	x = 0;
	while x<=10 do
	BEGIN 
		x = x + 1; 
	END;
	writeln(x);
END., 11
</td>
<td></td>
<td>0</td>
<td>de.letsbulidacompiler.compiler.CompilerTest@4f933fd1</td></tr>
<tr>
<td title='de.letsbulidacompiler.compiler.CompilerTest.runningCode_outputExpectedText()'><b>runningCode_outputExpectedText</b><br>Test class: de.letsbulidacompiler.compiler.CompilerTest<br>Parameters: int constante, program intConstant; CONST bla = 42; BEGIN writeln(bla); END., 42
</td>
<td></td>
<td>0</td>
<td>de.letsbulidacompiler.compiler.CompilerTest@4f933fd1</td></tr>
<tr>
<td title='de.letsbulidacompiler.compiler.CompilerTest.runningCode_outputExpectedText()'><b>runningCode_outputExpectedText</b><br>Test class: de.letsbulidacompiler.compiler.CompilerTest<br>Parameters: add const, program addConstant; CONST foo = 42; BEGIN writeln(foo+2); END., 44
</td>
<td></td>
<td>0</td>
<td>de.letsbulidacompiler.compiler.CompilerTest@4f933fd1</td></tr>
<tr>
<td title='de.letsbulidacompiler.compiler.CompilerTest.runningCode_outputExpectedText()'><b>runningCode_outputExpectedText</b><br>Test class: de.letsbulidacompiler.compiler.CompilerTest<br>Parameters: add two consts, program addTwoConstants; CONST a = 2; b = 5; BEGIN writeln(a+b); END., 7
</td>
<td></td>
<td>0</td>
<td>de.letsbulidacompiler.compiler.CompilerTest@4f933fd1</td></tr>
<tr>
<td title='de.letsbulidacompiler.compiler.CompilerTest.runningCode_outputExpectedText()'><b>runningCode_outputExpectedText</b><br>Test class: de.letsbulidacompiler.compiler.CompilerTest<br>Parameters: first comment, program fisrtComment; {1 Comentario} VAR foo: int; BEGIN foo = 42; writeln(foo); END., 42
</td>
<td></td>
<td>0</td>
<td>de.letsbulidacompiler.compiler.CompilerTest@4f933fd1</td></tr>
<tr>
<td title='de.letsbulidacompiler.compiler.CompilerTest.runningCode_outputExpectedText()'><b>runningCode_outputExpectedText</b><br>Test class: de.letsbulidacompiler.compiler.CompilerTest<br>Parameters: second comment, program secondComment; VAR foo: int; {Second Comentario} BEGIN foo = 42; writeln(foo); END., 42
</td>
<td></td>
<td>0</td>
<td>de.letsbulidacompiler.compiler.CompilerTest@4f933fd1</td></tr>
<tr>
<td title='de.letsbulidacompiler.compiler.CompilerTest.runningCode_outputExpectedText()'><b>runningCode_outputExpectedText</b><br>Test class: de.letsbulidacompiler.compiler.CompilerTest<br>Parameters: third comment, program thirdComment; VAR foo: int; BEGIN foo = 42; {Third 
 Comentrio} writeln(foo); END., 42
</td>
<td></td>
<td>0</td>
<td>de.letsbulidacompiler.compiler.CompilerTest@4f933fd1</td></tr>
</table><p>
</body>
</html>