<?xml version="1.0" encoding="UTF-8"?>
<!-- Generated by org.testng.reporters.JUnitXMLReporter -->
<testsuite hostname="karlaXD" ignored="0" name="Default test" tests="22" failures="0" timestamp="16 out 2017 18:38:52 GMT" time="1.39" errors="0">
  <testcase name="compilingCode_throwsUndeclaredVariableException_ifReadingUndefinedVariable" time="0.069" classname="de.letsbulidacompiler.compiler.CompilerTest"/>
  <testcase name="compilingCode_throwsUndeclaredVariableException_ifWrintingUndefinedVariable" time="0.006" classname="de.letsbulidacompiler.compiler.CompilerTest"/>
  <testcase name="compilingCode_throwsUndefinedFunctionException_whenCallingUndefinedFunction" time="0.003" classname="de.letsbulidacompiler.compiler.CompilerTest"/>
  <testcase name="compilingCode_throwsVariableAlreadyDefinedException_whenDefiningAlreadyDefinedVariable" time="0.004" classname="de.letsbulidacompiler.compiler.CompilerTest"/>
  <testcase name="runningCode_outputExpectedText" time="0.165" classname="de.letsbulidacompiler.compiler.CompilerTest"/>
  <testcase name="runningCode_outputExpectedText" time="0.064" classname="de.letsbulidacompiler.compiler.CompilerTest"/>
  <testcase name="runningCode_outputExpectedText" time="0.067" classname="de.letsbulidacompiler.compiler.CompilerTest"/>
  <testcase name="runningCode_outputExpectedText" time="0.077" classname="de.letsbulidacompiler.compiler.CompilerTest"/>
  <testcase name="runningCode_outputExpectedText" time="0.061" classname="de.letsbulidacompiler.compiler.CompilerTest"/>
  <testcase name="runningCode_outputExpectedText" time="0.069" classname="de.letsbulidacompiler.compiler.CompilerTest"/>
  <testcase name="runningCode_outputExpectedText" time="0.059" classname="de.letsbulidacompiler.compiler.CompilerTest"/>
  <testcase name="runningCode_outputExpectedText" time="0.059" classname="de.letsbulidacompiler.compiler.CompilerTest"/>
  <testcase name="runningCode_outputExpectedText" time="0.057" classname="de.letsbulidacompiler.compiler.CompilerTest"/>
  <testcase name="runningCode_outputExpectedText" time="0.057" classname="de.letsbulidacompiler.compiler.CompilerTest"/>
  <testcase name="runningCode_outputExpectedText" time="0.059" classname="de.letsbulidacompiler.compiler.CompilerTest"/>
  <testcase name="runningCode_outputExpectedText" time="0.056" classname="de.letsbulidacompiler.compiler.CompilerTest"/>
  <testcase name="runningCode_outputExpectedText" time="0.057" classname="de.letsbulidacompiler.compiler.CompilerTest"/>
  <testcase name="runningCode_outputExpectedText" time="0.058" classname="de.letsbulidacompiler.compiler.CompilerTest"/>
  <testcase name="runningCode_outputExpectedText" time="0.059" classname="de.letsbulidacompiler.compiler.CompilerTest"/>
  <testcase name="runningCode_outputExpectedText" time="0.058" classname="de.letsbulidacompiler.compiler.CompilerTest"/>
  <testcase name="runningCode_outputExpectedText" time="0.056" classname="de.letsbulidacompiler.compiler.CompilerTest"/>
  <testcase name="runningCode_outputExpectedText" time="0.062" classname="de.letsbulidacompiler.compiler.CompilerTest"/>
</testsuite> <!-- Default test -->
